=========================================================
Scheduler report file
Generated by stratus_hls 19.10-p100  (91500.011111)
On:          Fri Jan 15 20:25:16 2021
Project Dir: /home/hanji/stratus/mv1/train_npu/sfu
Module:      sfu_out_buff
HLS Config:  DPA
=========================================================
Scheduler report for : _out_data                                                                                  
--------------------------------                                                                                            
                                                                                                                  
Op                    SID(BB;Clocked)  Pipeline Stage  IS     SRCLOC                                              
--                    ---------------  --------------  --     ------                                              
                                                                                                                  
out_data              2 (1:FALSE)      --              FALSE  sfu_out_buff.h,l:16,c:51 -> l:96,c:7                
                                                                                                                  
out_data              3 (2:FALSE)      --              FALSE  sfu_out_buff.h,l:16,c:51 -> l:106,c:7               
                                                                                                                  
learned_clip_en       4 (3:TRUE)       --              FALSE  sfu_out_buff.h,l:11,c:15                            
                                                                                                                  
enable                4 (3:TRUE)       --              FALSE  sfu_out_buff.h,l:10,c:15 -> l:97,c:15               
                                                                                                                  
r_data_valid          4 (3:TRUE)       --              FALSE  sfu_out_buff.h,l:24,c:19                            
                                                                                                                  
out_data              4 (3:TRUE)       --              FALSE  sfu_out_buff.h,l:16,c:51 -> l:106,c:7               
                                                                                                                  
t_data                4 (3:TRUE)       --              FALSE  sfu_out_buff.h,l:23,c:29 -> l:106,c:26              
                                                                                                                  
r_data                4 (3:TRUE)       --              FALSE  sfu_out_buff.h,l:21,c:28 -> l:101,c:19              
                                                                                                                  
                      4 (3:TRUE)       --              FALSE  f:sfu_out_buff.h,l:99,c:14                          
                                                                                                                  
                      4 (3:TRUE)       --              FALSE  f:sfu_out_buff.h,l:100,c:10                         
                                                                                                                  
operator=             4 (3:TRUE)       --              FALSE  sfu_out_buff.h,l:101,c:16 & l:100,c:6               
                                                                                                                  
operator=             4 (3:TRUE)       --              FALSE  sfu_out_buff.h,l:106,c:16 & l:104,c:6 & l:103,c:10  
                                                                                                                  
operator=             4 (3:TRUE)       --              FALSE  sfu_out_buff.h,l:106,c:16 & l:104,c:6 & l:103,c:10  
                                                                                                                  
operator=             4 (3:TRUE)       --              FALSE  sfu_out_buff.h,l:106,c:16 & l:104,c:6 & l:103,c:10  
                                                                                                                  
out_data              4 (3:TRUE)       --              FALSE  sfu_out_buff.h,l:16,c:51 -> l:106,c:7 &             
                                                                                                                  
                                                                                                                  
Scheduler report for : _out_data_valid                                                                            
--------------------------------------                                                                                            
                                                                                                                  
Op                    SID(BB;Clocked)  Pipeline Stage  IS     SRCLOC                                              
--                    ---------------  --------------  --     ------                                              
                                                                                                                  
out_data_valid        2 (1:FALSE)      --              FALSE  sfu_out_buff.h,l:17,c:16 -> l:84,c:7                
                                                                                                                  
learned_clip_en       4 (3:TRUE)       --              FALSE  sfu_out_buff.h,l:11,c:15 -> l:87,c:14               
                                                                                                                  
data_cnt              4 (3:TRUE)       --              FALSE  sfu_out_buff.h,l:19,c:27 -> l:88,c:47               
                                                                                                                  
r_data_valid          4 (3:TRUE)       --              FALSE  sfu_out_buff.h,l:24,c:19 -> [l:90,c:24, l:88,c:24]  
                                                                                                                  
enable                4 (3:TRUE)       --              FALSE  sfu_out_buff.h,l:10,c:15 -> l:85,c:15               
                                                                                                                  
operator=             4 (3:TRUE)       --              FALSE  sfu_out_buff.h,l:90,c:22 & operator= @l:88,c:22 &   
                                                                                                                  
f:sfu_out_buff.h,l:8  4 (3:TRUE)       --              FALSE  & c:62                                              
                                                                                                                  
operator=             4 (3:TRUE)       --              FALSE  sfu_out_buff.h,l:90,c:22 & operator= @l:88,c:22 &   
                                                                                                                  
                      4 (3:TRUE)       --              FALSE  f:sfu_out_buff.h,l:88,c:44                          
                                                                                                                  
operator=             4 (3:TRUE)       --              FALSE  sfu_out_buff.h,l:90,c:22 & operator= @l:88,c:22 &   
                                                                                                                  
out_data_valid        4 (3:TRUE)       --              FALSE  sfu_out_buff.h,l:17,c:16 -> l:90,c:7 &              
                                                                                                                  
                                                                                                                  
Scheduler report for : _data_cnt                                                                                  
--------------------------------                                                                                            
                                                                                                                  
Op                    SID(BB;Clocked)  Pipeline Stage  IS     SRCLOC                                              
--                    ---------------  --------------  --     ------                                              
                                                                                                                  
data_cnt              2 (1:FALSE)      --              FALSE  sfu_out_buff.h,l:19,c:27 -> l:72,c:7                
                                                                                                                  
data_cnt              3 (2:FALSE)      --              FALSE  @(f:sfu_out_buff.h,l:19,c:27->l:88,c:47)            
                                                                                                                  
enable                4 (3:TRUE)       --              FALSE  sfu_out_buff.h,l:10,c:15 -> l:73,c:15               
                                                                                                                  
r_data_valid          4 (3:TRUE)       --              FALSE  sfu_out_buff.h,l:24,c:19 -> l:75,c:15               
                                                                                                                  
data_cnt              4 (3:TRUE)       --              FALSE  sfu_out_buff.h,l:19,c:27 -> l:78,c:18               
                                                                                                                  
                      4 (3:TRUE)       --              FALSE  f:sfu_out_buff.h,l:73,c:15                          
                                                                                                                  
f:sfu_out_buff.h,l:7  4 (3:TRUE)       --              FALSE  & c:34 & operator= @c:16 & write @l:76,c:16 & l:75  
                                                                                                                  
data_cnt              4 (3:TRUE)       --              FALSE  sfu_out_buff.h,l:19,c:27 -> l:78,c:7 &              
                                                                                                                  
                                                                                                                  
Scheduler report for : _r_data_valid                                                                              
------------------------------------                                                                                            
                                                                                                                  
Op                    SID(BB;Clocked)  Pipeline Stage  IS     SRCLOC                                              
--                    ---------------  --------------  --     ------                                              
                                                                                                                  
r_data_valid          2 (1:FALSE)      --              FALSE  sfu_out_buff.h,l:24,c:19 -> l:60,c:7                
                                                                                                                  
learned_clip_en       4 (3:TRUE)       --              FALSE  sfu_out_buff.h,l:11,c:15 -> l:63,c:14               
                                                                                                                  
in1_data_valid        4 (3:TRUE)       --              FALSE  sfu_out_buff.h,l:15,c:15 -> l:66,c:22               
                                                                                                                  
in0_data_valid        4 (3:TRUE)       --              FALSE  sfu_out_buff.h,l:13,c:15 -> l:64,c:22               
                                                                                                                  
enable                4 (3:TRUE)       --              FALSE  sfu_out_buff.h,l:10,c:15 -> l:61,c:15               
                                                                                                                  
operator=             4 (3:TRUE)       --              FALSE  sfu_out_buff.h,l:66,c:20 & operator= @l:64,c:20 &   
                                                                                                                  
operator=             4 (3:TRUE)       --              FALSE  sfu_out_buff.h,l:66,c:20 & operator= @l:64,c:20 &   
                                                                                                                  
r_data_valid          4 (3:TRUE)       --              FALSE  sfu_out_buff.h,l:24,c:19 -> l:66,c:7 &              
                                                                                                                  
                                                                                                                  
Scheduler report for : _t_data                                                                                    
------------------------------                                                                                            
                                                                                                                  
Op                    SID(BB;Clocked)  Pipeline Stage  IS     SRCLOC                                              
--                    ---------------  --------------  --     ------                                              
                                                                                                                  
t_data                2 (1:FALSE)      --              FALSE  sfu_out_buff.h,l:23,c:29 -> l:45,c:7                
                                                                                                                  
enable                4 (3:TRUE)       --              FALSE  sfu_out_buff.h,l:10,c:15 -> l:46,c:15               
                                                                                                                  
learned_clip_en       5 (4:FALSE)      --              FALSE  sfu_out_buff.h,l:11,c:15 -> l:48,c:15               
                                                                                                                  
t_data                6 (7:FALSE)      --              FALSE  sfu_out_buff.h,l:23,c:29 -> l:47,c:7                
                                                                                                                  
in1_data[7].[7]       8 (6:FALSE)      --              FALSE  @(f:sfu_out_buff.h,l:14,c:24->i:7)                  
                                                                                                                  
in1_data[6].[6]       8 (6:FALSE)      --              FALSE  @(f:sfu_out_buff.h,l:14,c:24->i:6)                  
                                                                                                                  
in1_data[5].[5]       8 (6:FALSE)      --              FALSE  @(f:sfu_out_buff.h,l:14,c:24->i:5)                  
                                                                                                                  
in1_data[4].[4]       8 (6:FALSE)      --              FALSE  @(f:sfu_out_buff.h,l:14,c:24->i:4)                  
                                                                                                                  
in1_data[3].[3]       8 (6:FALSE)      --              FALSE  @(f:sfu_out_buff.h,l:14,c:24->i:3)                  
                                                                                                                  
in1_data[2].[2]       8 (6:FALSE)      --              FALSE  @(f:sfu_out_buff.h,l:14,c:24->i:2)                  
                                                                                                                  
in1_data[1].[1]       8 (6:FALSE)      --              FALSE  @(f:sfu_out_buff.h,l:14,c:24->i:1)                  
                                                                                                                  
in1_data[0].[0]       8 (6:FALSE)      --              FALSE  @(f:sfu_out_buff.h,l:14,c:24->i:0)                  
                                                                                                                  
t_data                8 (6:FALSE)      --              FALSE  sfu_out_buff.h,l:23,c:29 -> l:53,c:7                
                                                                                                                  
                                                                                                                  
Scheduler report for : _r_data                                                                                    
------------------------------                                                                                            
                                                                                                                  
Op                    SID(BB;Clocked)  Pipeline Stage  IS     SRCLOC                                              
--                    ---------------  --------------  --     ------                                              
                                                                                                                  
r_data                2 (1:FALSE)      --              FALSE  sfu_out_buff.h,l:21,c:28 -> l:30,c:7                
                                                                                                                  
enable                4 (3:TRUE)       --              FALSE  sfu_out_buff.h,l:10,c:15 -> l:31,c:15               
                                                                                                                  
learned_clip_en       5 (4:FALSE)      --              FALSE  sfu_out_buff.h,l:11,c:15 -> l:33,c:14               
                                                                                                                  
r_data                6 (7:FALSE)      --              FALSE  sfu_out_buff.h,l:21,c:28 -> l:32,c:7                
                                                                                                                  
in0_data[7].[7]       8 (6:FALSE)      --              FALSE  @(f:sfu_out_buff.h,l:12,c:24->i:7)                  
                                                                                                                  
in0_data[6].[6]       8 (6:FALSE)      --              FALSE  @(f:sfu_out_buff.h,l:12,c:24->i:6)                  
                                                                                                                  
in0_data[5].[5]       8 (6:FALSE)      --              FALSE  @(f:sfu_out_buff.h,l:12,c:24->i:5)                  
                                                                                                                  
in0_data[4].[4]       8 (6:FALSE)      --              FALSE  @(f:sfu_out_buff.h,l:12,c:24->i:4)                  
                                                                                                                  
in0_data[3].[3]       8 (6:FALSE)      --              FALSE  @(f:sfu_out_buff.h,l:12,c:24->i:3)                  
                                                                                                                  
in0_data[2].[2]       8 (6:FALSE)      --              FALSE  @(f:sfu_out_buff.h,l:12,c:24->i:2)                  
                                                                                                                  
in0_data[1].[1]       8 (6:FALSE)      --              FALSE  @(f:sfu_out_buff.h,l:12,c:24->i:1)                  
                                                                                                                  
in0_data[0].[0]       8 (6:FALSE)      --              FALSE  @(f:sfu_out_buff.h,l:12,c:24->i:0)                  
                                                                                                                  
r_data                8 (6:FALSE)      --              FALSE  sfu_out_buff.h,l:21,c:28 -> l:38,c:7                
                                                                                                                  
                                                                                                                  
