=========================================================
Scheduler report file
Generated by stratus_hls 19.10-p100  (91500.011111)
On:          Mon Jan  4 18:10:28 2021
Project Dir: /home/hanji/stratus/mv1/train_npu/addr_gen
Module:      org_bn_addr_gen
HLS Config:  DPA
=========================================================
Scheduler report for : _set_max_num                                                                               
-----------------------------------                                                                                            
                                                                                                                  
Op                    SID(BB;Clocked)  Pipeline Stage  IS     SRCLOC                                              
--                    ---------------  --------------  --     ------                                              
                                                                                                                  
out_feature_width     3 (2:TRUE)       --              FALSE  org_bn_addr_gen.h,l:13,c:24 -> l:147,c:18           
                                                                                                                  
out_feature_height    3 (2:TRUE)       --              FALSE  org_bn_addr_gen.h,l:14,c:24 -> l:148,c:18           
                                                                                                                  
out_feature_channel   3 (2:TRUE)       --              FALSE  org_bn_addr_gen.h,l:15,c:24 -> l:149,c:18           
                                                                                                                  
of_cnt_max            3 (2:TRUE)       --              FALSE  org_bn_addr_gen.h,l:49,c:28 -> l:149,c:5            
                                                                                                                  
oy_cnt_max            3 (2:TRUE)       --              FALSE  org_bn_addr_gen.h,l:38,c:28 -> l:148,c:5            
                                                                                                                  
ox_cnt_max            3 (2:TRUE)       --              FALSE  org_bn_addr_gen.h,l:33,c:28 -> l:147,c:5            
                                                                                                                  
                                                                                                                  
Scheduler report for : _bn_addr_valid                                                                             
-------------------------------------                                                                                            
                                                                                                                  
Op                    SID(BB;Clocked)  Pipeline Stage  IS     SRCLOC                                              
--                    ---------------  --------------  --     ------                                              
                                                                                                                  
data_en               3 (2:TRUE)       --              FALSE  org_bn_addr_gen.h,l:20,c:15 -> l:158,c:9            
                                                                                                                  
bn_addr_valid         3 (2:TRUE)       --              FALSE  org_bn_addr_gen.h,l:22,c:16 -> l:161,c:7            
                                                                                                                  
                                                                                                                  
Scheduler report for : _bn_add                                                                                    
------------------------------                                                                                            
                                                                                                                  
Op                    SID(BB;Clocked)  Pipeline Stage  IS     SRCLOC                                              
--                    ---------------  --------------  --     ------                                              
                                                                                                                  
bn_en                 3 (2:TRUE)       --              FALSE  org_bn_addr_gen.h,l:18,c:23 -> l:153,c:9            
                                                                                                                  
bn_read_base_addr     3 (2:TRUE)       --              FALSE  org_bn_addr_gen.h,l:16,c:24 -> l:154,c:17           
                                                                                                                  
of_cnt                3 (2:TRUE)       --              FALSE  org_bn_addr_gen.h,l:41,c:28 -> l:154,c:45           
                                                                                                                  
valid_cnt             3 (2:TRUE)       --              FALSE  org_bn_addr_gen.h,l:26,c:28 -> l:154,c:67           
                                                                                                                  
                      3 (2:TRUE)       --              FALSE  f:org_bn_addr_gen.h,l:153,c:9                       
                                                                                                                  
f:org_bn_addr_gen.h,  3 (2:TRUE)       --              FALSE  & c:62 & c:42 & operator= @c:15 & c:7 & l:153,c:5   
                                                                                                                  
bn_addr               3 (2:TRUE)       --              FALSE  org_bn_addr_gen.h,l:21,c:25 -> l:154,c:7 &          
                                                                                                                  
                                                                                                                  
Scheduler report for : _valid_cnt_ctrl                                                                            
--------------------------------------                                                                                            
                                                                                                                  
Op                    SID(BB;Clocked)  Pipeline Stage  IS     SRCLOC                                              
--                    ---------------  --------------  --     ------                                              
                                                                                                                  
valid_cnt             3 (2:TRUE)       --              FALSE  org_bn_addr_gen.h,l:26,c:28 -> l:91,c:53            
                                                                                                                  
valid_cnt_enable      3 (2:TRUE)       --              FALSE  org_bn_addr_gen.h,l:25,c:27 -> l:91,c:24            
                                                                                                                  
data_en               3 (2:TRUE)       --              FALSE  org_bn_addr_gen.h,l:20,c:15 -> l:90,c:25            
                                                                                                                  
valid_cnt_enable      3 (2:TRUE)       --              FALSE  org_bn_addr_gen.h,l:25,c:27 -> l:90,c:5             
                                                                                                                  
f:org_bn_addr_gen.h,  3 (2:TRUE)       --              FALSE  & c:70                                              
                                                                                                                  
                      3 (2:TRUE)       --              FALSE  f:org_bn_addr_gen.h,l:91,c:49                       
                                                                                                                  
valid_cnt_clear       3 (2:TRUE)       --              FALSE  org_bn_addr_gen.h,l:27,c:27 -> l:91,c:5 &           
                                                                                                                  
                                                                                                                  
Scheduler report for : _valid_counter                                                                             
-------------------------------------                                                                                            
                                                                                                                  
Op                    SID(BB;Clocked)  Pipeline Stage  IS     SRCLOC                                              
--                    ---------------  --------------  --     ------                                              
                                                                                                                  
valid_cnt             2 (1:FALSE)      --              FALSE  org_bn_addr_gen.h,l:26,c:28 -> l:96,c:7             
                                                                                                                  
valid_cnt             3 (2:FALSE)      --              FALSE  @[ mapped (f:org_bn_addr_gen.h,l:26,c:28->l:154,c:  
                                                                                                                  
valid_cnt_clear       4 (3:TRUE)       --              FALSE  org_bn_addr_gen.h,l:27,c:27 -> l:97,c:14            
                                                                                                                  
valid_cnt             4 (3:TRUE)       --              FALSE  org_bn_addr_gen.h,l:26,c:28 -> l:100,c:7            
                                                                                                                  
valid_cnt_enable      4 (3:TRUE)       --              FALSE  org_bn_addr_gen.h,l:25,c:27 -> l:99,c:14            
                                                                                                                  
f:org_bn_addr_gen.h,  4 (3:TRUE)       --              FALSE  & c:36 & operator= @c:17 & l:99,c:10                
                                                                                                                  
operator=             4 (3:TRUE)       --              FALSE  org_bn_addr_gen.h,l:100,c:17 & l:99,c:10 & l:98,c:  
                                                                                                                  
valid_cnt             4 (3:TRUE)       --              FALSE  org_bn_addr_gen.h,l:26,c:28 -> l:100,c:7 &          
                                                                                                                  
                                                                                                                  
Scheduler report for : _ox_ctrl                                                                                   
-------------------------------                                                                                            
                                                                                                                  
Op                    SID(BB;Clocked)  Pipeline Stage  IS     SRCLOC                                              
--                    ---------------  --------------  --     ------                                              
                                                                                                                  
ox_cnt                3 (2:TRUE)       --              FALSE  org_bn_addr_gen.h,l:31,c:28 -> l:106,c:39           
                                                                                                                  
ox_cnt_max            3 (2:TRUE)       --              FALSE  org_bn_addr_gen.h,l:33,c:28 -> l:106,c:56           
                                                                                                                  
ox_enable             3 (2:TRUE)       --              FALSE  org_bn_addr_gen.h,l:30,c:27 -> l:106,c:17           
                                                                                                                  
valid_cnt_clear       3 (2:TRUE)       --              FALSE  org_bn_addr_gen.h,l:27,c:27 -> l:105,c:18           
                                                                                                                  
ox_enable             3 (2:TRUE)       --              FALSE  org_bn_addr_gen.h,l:30,c:27 -> l:105,c:5            
                                                                                                                  
f:org_bn_addr_gen.h,  3 (2:TRUE)       --              FALSE  & c:74 & c:53                                       
                                                                                                                  
                      3 (2:TRUE)       --              FALSE  f:org_bn_addr_gen.h,l:106,c:35                      
                                                                                                                  
ox_clear              3 (2:TRUE)       --              FALSE  org_bn_addr_gen.h,l:32,c:27 -> l:106,c:5 &          
                                                                                                                  
                                                                                                                  
Scheduler report for : _ox_counter                                                                                
----------------------------------                                                                                            
                                                                                                                  
Op                    SID(BB;Clocked)  Pipeline Stage  IS     SRCLOC                                              
--                    ---------------  --------------  --     ------                                              
                                                                                                                  
ox_cnt                2 (1:FALSE)      --              FALSE  org_bn_addr_gen.h,l:31,c:28 -> l:111,c:7            
                                                                                                                  
ox_cnt                3 (2:FALSE)      --              FALSE  @(f:org_bn_addr_gen.h,l:31,c:28->l:106,c:39)        
                                                                                                                  
ox_clear              4 (3:TRUE)       --              FALSE  org_bn_addr_gen.h,l:32,c:27 -> l:112,c:14           
                                                                                                                  
ox_cnt                4 (3:TRUE)       --              FALSE  org_bn_addr_gen.h,l:31,c:28 -> l:115,c:7            
                                                                                                                  
ox_enable             4 (3:TRUE)       --              FALSE  org_bn_addr_gen.h,l:30,c:27 -> l:114,c:14           
                                                                                                                  
f:org_bn_addr_gen.h,  4 (3:TRUE)       --              FALSE  & c:30 & operator= @c:14 & l:114,c:10               
                                                                                                                  
operator=             4 (3:TRUE)       --              FALSE  org_bn_addr_gen.h,l:115,c:14 & l:114,c:10 & l:113,  
                                                                                                                  
ox_cnt                4 (3:TRUE)       --              FALSE  org_bn_addr_gen.h,l:31,c:28 -> l:115,c:7 &          
                                                                                                                  
                                                                                                                  
Scheduler report for : _oy_ctrl                                                                                   
-------------------------------                                                                                            
                                                                                                                  
Op                    SID(BB;Clocked)  Pipeline Stage  IS     SRCLOC                                              
--                    ---------------  --------------  --     ------                                              
                                                                                                                  
oy_cnt                3 (2:TRUE)       --              FALSE  org_bn_addr_gen.h,l:36,c:28 -> l:120,c:39           
                                                                                                                  
oy_cnt_max            3 (2:TRUE)       --              FALSE  org_bn_addr_gen.h,l:38,c:28 -> l:120,c:56           
                                                                                                                  
oy_enable             3 (2:TRUE)       --              FALSE  org_bn_addr_gen.h,l:35,c:27 -> l:120,c:17           
                                                                                                                  
ox_clear              3 (2:TRUE)       --              FALSE  org_bn_addr_gen.h,l:32,c:27 -> l:119,c:18           
                                                                                                                  
oy_enable             3 (2:TRUE)       --              FALSE  org_bn_addr_gen.h,l:35,c:27 -> l:119,c:5            
                                                                                                                  
f:org_bn_addr_gen.h,  3 (2:TRUE)       --              FALSE  & c:74 & c:53                                       
                                                                                                                  
                      3 (2:TRUE)       --              FALSE  f:org_bn_addr_gen.h,l:120,c:35                      
                                                                                                                  
oy_clear              3 (2:TRUE)       --              FALSE  org_bn_addr_gen.h,l:37,c:27 -> l:120,c:5 &          
                                                                                                                  
                                                                                                                  
Scheduler report for : _oy_counter                                                                                
----------------------------------                                                                                            
                                                                                                                  
Op                    SID(BB;Clocked)  Pipeline Stage  IS     SRCLOC                                              
--                    ---------------  --------------  --     ------                                              
                                                                                                                  
oy_cnt                2 (1:FALSE)      --              FALSE  org_bn_addr_gen.h,l:36,c:28 -> l:125,c:7            
                                                                                                                  
oy_cnt                3 (2:FALSE)      --              FALSE  @(f:org_bn_addr_gen.h,l:36,c:28->l:120,c:39)        
                                                                                                                  
oy_clear              4 (3:TRUE)       --              FALSE  org_bn_addr_gen.h,l:37,c:27 -> l:126,c:14           
                                                                                                                  
oy_cnt                4 (3:TRUE)       --              FALSE  org_bn_addr_gen.h,l:36,c:28 -> l:129,c:7            
                                                                                                                  
oy_enable             4 (3:TRUE)       --              FALSE  org_bn_addr_gen.h,l:35,c:27 -> l:128,c:14           
                                                                                                                  
f:org_bn_addr_gen.h,  4 (3:TRUE)       --              FALSE  & c:30 & operator= @c:14 & l:128,c:10               
                                                                                                                  
operator=             4 (3:TRUE)       --              FALSE  org_bn_addr_gen.h,l:129,c:14 & l:128,c:10 & l:127,  
                                                                                                                  
oy_cnt                4 (3:TRUE)       --              FALSE  org_bn_addr_gen.h,l:36,c:28 -> l:129,c:7 &          
                                                                                                                  
                                                                                                                  
Scheduler report for : _of_ctrl                                                                                   
-------------------------------                                                                                            
                                                                                                                  
Op                    SID(BB;Clocked)  Pipeline Stage  IS     SRCLOC                                              
--                    ---------------  --------------  --     ------                                              
                                                                                                                  
of_cnt                3 (2:TRUE)       --              FALSE  org_bn_addr_gen.h,l:41,c:28 -> l:134,c:39           
                                                                                                                  
of_cnt_max            3 (2:TRUE)       --              FALSE  org_bn_addr_gen.h,l:49,c:28 -> l:134,c:56           
                                                                                                                  
of_enable             3 (2:TRUE)       --              FALSE  org_bn_addr_gen.h,l:40,c:27 -> l:134,c:17           
                                                                                                                  
oy_clear              3 (2:TRUE)       --              FALSE  org_bn_addr_gen.h,l:37,c:27 -> l:133,c:18           
                                                                                                                  
of_enable             3 (2:TRUE)       --              FALSE  org_bn_addr_gen.h,l:40,c:27 -> l:133,c:5            
                                                                                                                  
f:org_bn_addr_gen.h,  3 (2:TRUE)       --              FALSE  & c:74 & c:53                                       
                                                                                                                  
                      3 (2:TRUE)       --              FALSE  f:org_bn_addr_gen.h,l:134,c:35                      
                                                                                                                  
of_clear              3 (2:TRUE)       --              FALSE  org_bn_addr_gen.h,l:42,c:27 -> l:134,c:5 &          
                                                                                                                  
                                                                                                                  
Scheduler report for : _of_counter                                                                                
----------------------------------                                                                                            
                                                                                                                  
Op                    SID(BB;Clocked)  Pipeline Stage  IS     SRCLOC                                              
--                    ---------------  --------------  --     ------                                              
                                                                                                                  
of_cnt                2 (1:FALSE)      --              FALSE  org_bn_addr_gen.h,l:41,c:28 -> l:139,c:7            
                                                                                                                  
of_cnt                3 (2:FALSE)      --              FALSE  @[ mapped (f:org_bn_addr_gen.h,l:41,c:28->l:154,c:  
                                                                                                                  
of_clear              4 (3:TRUE)       --              FALSE  org_bn_addr_gen.h,l:42,c:27 -> l:140,c:14           
                                                                                                                  
of_cnt                4 (3:TRUE)       --              FALSE  org_bn_addr_gen.h,l:41,c:28 -> l:143,c:7            
                                                                                                                  
of_enable             4 (3:TRUE)       --              FALSE  org_bn_addr_gen.h,l:40,c:27 -> l:142,c:14           
                                                                                                                  
f:org_bn_addr_gen.h,  4 (3:TRUE)       --              FALSE  & c:30 & operator= @c:14 & l:142,c:10               
                                                                                                                  
operator=             4 (3:TRUE)       --              FALSE  org_bn_addr_gen.h,l:143,c:14 & l:142,c:10 & l:141,  
                                                                                                                  
of_cnt                4 (3:TRUE)       --              FALSE  org_bn_addr_gen.h,l:41,c:28 -> l:143,c:7 &          
                                                                                                                  
                                                                                                                  
Scheduler report for : _delay                                                                                     
-----------------------------                                                                                            
                                                                                                                  
Op                    SID(BB;Clocked)  Pipeline Stage  IS     SRCLOC                                              
--                    ---------------  --------------  --     ------                                              
                                                                                                                  
of_enable_1d          2 (1:FALSE)      --              FALSE  org_bn_addr_gen.h,l:43,c:27 -> l:61,c:7             
                                                                                                                  
of_enable_2d          2 (1:FALSE)      --              FALSE  org_bn_addr_gen.h,l:44,c:27 -> l:62,c:7             
                                                                                                                  
of_enable_3d          2 (1:FALSE)      --              FALSE  org_bn_addr_gen.h,l:45,c:27 -> l:63,c:7             
                                                                                                                  
of_enable_4d          2 (1:FALSE)      --              FALSE  org_bn_addr_gen.h,l:46,c:27 -> l:64,c:7             
                                                                                                                  
of_enable_5d          2 (1:FALSE)      --              FALSE  org_bn_addr_gen.h,l:47,c:27 -> l:65,c:7             
                                                                                                                  
of_enable_6d          2 (1:FALSE)      --              FALSE  org_bn_addr_gen.h,l:48,c:27 -> l:66,c:7             
                                                                                                                  
of_enable_1d          3 (2:FALSE)      --              FALSE  org_bn_addr_gen.h,l:43,c:27 -> l:69,c:7             
                                                                                                                  
of_enable_2d          3 (2:FALSE)      --              FALSE  org_bn_addr_gen.h,l:44,c:27 -> l:70,c:7             
                                                                                                                  
of_enable_3d          3 (2:FALSE)      --              FALSE  org_bn_addr_gen.h,l:45,c:27 -> l:71,c:7             
                                                                                                                  
of_enable_4d          3 (2:FALSE)      --              FALSE  org_bn_addr_gen.h,l:46,c:27 -> l:72,c:7             
                                                                                                                  
of_enable_5d          3 (2:FALSE)      --              FALSE  org_bn_addr_gen.h,l:47,c:27 -> l:73,c:7             
                                                                                                                  
of_enable             4 (3:TRUE)       --              FALSE  org_bn_addr_gen.h,l:40,c:27 -> l:69,c:22            
                                                                                                                  
of_enable_1d          4 (3:TRUE)       --              FALSE  org_bn_addr_gen.h,l:43,c:27 -> l:70,c:22            
                                                                                                                  
of_enable_2d          4 (3:TRUE)       --              FALSE  org_bn_addr_gen.h,l:44,c:27 -> l:71,c:22            
                                                                                                                  
of_enable_3d          4 (3:TRUE)       --              FALSE  org_bn_addr_gen.h,l:45,c:27 -> l:72,c:22            
                                                                                                                  
of_enable_4d          4 (3:TRUE)       --              FALSE  org_bn_addr_gen.h,l:46,c:27 -> l:73,c:22            
                                                                                                                  
of_enable_5d          4 (3:TRUE)       --              FALSE  org_bn_addr_gen.h,l:47,c:27 -> l:74,c:22            
                                                                                                                  
of_enable_6d          4 (3:TRUE)       --              FALSE  org_bn_addr_gen.h,l:48,c:27 -> l:74,c:7             
                                                                                                                  
of_enable_5d          4 (3:TRUE)       --              FALSE  org_bn_addr_gen.h,l:47,c:27 -> l:73,c:7             
                                                                                                                  
of_enable_4d          4 (3:TRUE)       --              FALSE  org_bn_addr_gen.h,l:46,c:27 -> l:72,c:7             
                                                                                                                  
of_enable_3d          4 (3:TRUE)       --              FALSE  org_bn_addr_gen.h,l:45,c:27 -> l:71,c:7             
                                                                                                                  
of_enable_2d          4 (3:TRUE)       --              FALSE  org_bn_addr_gen.h,l:44,c:27 -> l:70,c:7             
                                                                                                                  
of_enable_1d          4 (3:TRUE)       --              FALSE  org_bn_addr_gen.h,l:43,c:27 -> l:69,c:7             
                                                                                                                  
                                                                                                                  
