=========================================================
Scheduler report file
Generated by stratus_hls 19.10-p100  (91500.011111)
On:          Thu Jan 28 15:15:59 2021
Project Dir: /home/hanji/stratus/mv1/train_npu/pe_array
Module:      mac
HLS Config:  DPA
=========================================================
Scheduler report for : _accumulator                                                                               
-----------------------------------                                                                                            
                                                                                                                  
Op                    SID(BB;Clocked)  Pipeline Stage  IS     SRCLOC                                              
--                    ---------------  --------------  --     ------                                              
                                                                                                                  
acc                   2 (1:FALSE)      --              FALSE  mac.h,l:15,c:43 -> l:52,c:7                         
                                                                                                                  
acc                   3 (2:FALSE)      --              FALSE  mac.h,l:15,c:43 -> l:60,c:7                         
                                                                                                                  
init                  4 (3:TRUE)       --              FALSE  mac.h,l:10,c:15 -> l:53,c:14                        
                                                                                                                  
clear_1d              4 (3:TRUE)       --              FALSE  mac.h,l:22,c:19 -> l:56,c:14                        
                                                                                                                  
src_vld_1d            4 (3:TRUE)       --              FALSE  mac.h,l:21,c:19 -> l:59,c:14                        
                                                                                                                  
mul                   4 (3:TRUE)       --              FALSE  mac.h,l:19,c:61 -> [l:57,c:13, l:60,c:13]           
                                                                                                                  
acc                   4 (3:TRUE)       --              FALSE  mac.h,l:15,c:43 -> l:60,c:7                         
                                                                                                                  
                      4 (3:TRUE)       --              FALSE  f:mac.h,l:60,c:24                                   
                                                                                                                  
operator=             4 (3:TRUE)       --              FALSE  mac.h,l:60,c:11 & l:59,c:10                         
                                                                                                                  
operator=             4 (3:TRUE)       --              FALSE  mac.h,l:60,c:11 & l:59,c:10 & operator= @l:57,c:11  
                                                                                                                  
operator=             4 (3:TRUE)       --              FALSE  mac.h,l:60,c:11 & l:59,c:10 & operator= @l:57,c:11  
                                                                                                                  
acc                   4 (3:TRUE)       --              FALSE  mac.h,l:15,c:43 -> l:60,c:7 &                       
                                                                                                                  
                                                                                                                  
Scheduler report for : _multiplier                                                                                
----------------------------------                                                                                            
                                                                                                                  
Op                    SID(BB;Clocked)  Pipeline Stage  IS     SRCLOC                                              
--                    ---------------  --------------  --     ------                                              
                                                                                                                  
mul                   2 (1:FALSE)      --              FALSE  mac.h,l:19,c:61 -> l:40,c:7                         
                                                                                                                  
mul                   3 (2:FALSE)      --              FALSE  @(f:mac.h,l:19,c:61->[l:57,c:13, l:60,c:13])        
                                                                                                                  
src_vld               4 (3:TRUE)       --              FALSE  mac.h,l:12,c:15 -> [l:45,c:15, l:43,c:10]           
                                                                                                                  
clear                 4 (3:TRUE)       --              FALSE  mac.h,l:11,c:15 -> l:45,c:38                        
                                                                                                                  
src_0                 4 (3:TRUE)       --              FALSE  mac.h,l:13,c:38 -> l:44,c:13                        
                                                                                                                  
src_1                 4 (3:TRUE)       --              FALSE  mac.h,l:14,c:37 -> l:44,c:28                        
                                                                                                                  
mul                   4 (3:TRUE)       --              FALSE  mac.h,l:19,c:61 -> l:46,c:7                         
                                                                                                                  
                      4 (3:TRUE)       --              FALSE  f:mac.h,l:43,c:10                                   
                                                                                                                  
                      4 (3:TRUE)       --              FALSE  f:mac.h,l:44,c:26                                   
                                                                                                                  
operator=             4 (3:TRUE)       --              FALSE  mac.h,l:46,c:11 & l:45,c:11 & operator= @l:44,c:11  
                                                                                                                  
mul                   4 (3:TRUE)       --              FALSE  mac.h,l:19,c:61 -> l:46,c:7 &                       
                                                                                                                  
                                                                                                                  
Scheduler report for : _delays                                                                                    
------------------------------                                                                                            
                                                                                                                  
Op                    SID(BB;Clocked)  Pipeline Stage  IS     SRCLOC                                              
--                    ---------------  --------------  --     ------                                              
                                                                                                                  
src_1_1d              2 (1:FALSE)      --              FALSE  mac.h,l:17,c:38 -> l:27,c:2                         
                                                                                                                  
src_vld_1d            2 (1:FALSE)      --              FALSE  mac.h,l:21,c:19 -> l:28,c:9                         
                                                                                                                  
clear_1d              2 (1:FALSE)      --              FALSE  mac.h,l:22,c:19 -> l:29,c:9                         
                                                                                                                  
src_1                 4 (3:TRUE)       --              FALSE  mac.h,l:14,c:37 -> l:32,c:13                        
                                                                                                                  
src_vld               4 (3:TRUE)       --              FALSE  mac.h,l:12,c:15 -> l:33,c:22                        
                                                                                                                  
clear                 4 (3:TRUE)       --              FALSE  mac.h,l:11,c:15 -> l:34,c:20                        
                                                                                                                  
clear_1d              4 (3:TRUE)       --              FALSE  mac.h,l:22,c:19 -> l:34,c:9                         
                                                                                                                  
src_vld_1d            4 (3:TRUE)       --              FALSE  mac.h,l:21,c:19 -> l:33,c:9                         
                                                                                                                  
src_1_1d              4 (3:TRUE)       --              FALSE  mac.h,l:17,c:38 -> l:32,c:2                         
                                                                                                                  
                                                                                                                  
