=========================================================
Scheduler report file
Generated by stratus_hls 19.10-p100  (91500.011111)
On:          Wed Jan  6 20:15:07 2021
Project Dir: /home/hanji/stratus/mv1/train_npu/sfu
Module:      relu_offset_float
HLS Config:  DPA
=========================================================
Scheduler report for : _dst                                                                                       
---------------------------                                                                                            
                                                                                                                  
Op                    SID(BB;Clocked)  Pipeline Stage  IS     SRCLOC                                              
--                    ---------------  --------------  --     ------                                              
                                                                                                                  
[0].write.sign        2 (1:FALSE)      --              FALSE  relu_offset_float.h,l:49,c:6                        
                                                                                                                  
[0].write.exp         2 (1:FALSE)      --              FALSE  relu_offset_float.h,l:49,c:6                        
                                                                                                                  
[0].write.man         2 (1:FALSE)      --              FALSE  relu_offset_float.h,l:49,c:6                        
                                                                                                                  
[1].write.sign        2 (1:FALSE)      --              FALSE  relu_offset_float.h,l:49,c:6                        
                                                                                                                  
[1].write.exp         2 (1:FALSE)      --              FALSE  relu_offset_float.h,l:49,c:6                        
                                                                                                                  
[1].write.man         2 (1:FALSE)      --              FALSE  relu_offset_float.h,l:49,c:6                        
                                                                                                                  
[2].write.sign        2 (1:FALSE)      --              FALSE  relu_offset_float.h,l:49,c:6                        
                                                                                                                  
[2].write.exp         2 (1:FALSE)      --              FALSE  relu_offset_float.h,l:49,c:6                        
                                                                                                                  
[2].write.man         2 (1:FALSE)      --              FALSE  relu_offset_float.h,l:49,c:6                        
                                                                                                                  
[3].write.sign        2 (1:FALSE)      --              FALSE  relu_offset_float.h,l:49,c:6                        
                                                                                                                  
[3].write.exp         2 (1:FALSE)      --              FALSE  relu_offset_float.h,l:49,c:6                        
                                                                                                                  
[3].write.man         2 (1:FALSE)      --              FALSE  relu_offset_float.h,l:49,c:6                        
                                                                                                                  
[4].write.sign        2 (1:FALSE)      --              FALSE  relu_offset_float.h,l:49,c:6                        
                                                                                                                  
[4].write.exp         2 (1:FALSE)      --              FALSE  relu_offset_float.h,l:49,c:6                        
                                                                                                                  
[4].write.man         2 (1:FALSE)      --              FALSE  relu_offset_float.h,l:49,c:6                        
                                                                                                                  
[5].write.sign        2 (1:FALSE)      --              FALSE  relu_offset_float.h,l:49,c:6                        
                                                                                                                  
[5].write.exp         2 (1:FALSE)      --              FALSE  relu_offset_float.h,l:49,c:6                        
                                                                                                                  
[5].write.man         2 (1:FALSE)      --              FALSE  relu_offset_float.h,l:49,c:6                        
                                                                                                                  
[6].write.sign        2 (1:FALSE)      --              FALSE  relu_offset_float.h,l:49,c:6                        
                                                                                                                  
[6].write.exp         2 (1:FALSE)      --              FALSE  relu_offset_float.h,l:49,c:6                        
                                                                                                                  
[6].write.man         2 (1:FALSE)      --              FALSE  relu_offset_float.h,l:49,c:6                        
                                                                                                                  
[7].write.sign        2 (1:FALSE)      --              FALSE  relu_offset_float.h,l:49,c:6                        
                                                                                                                  
[7].write.exp         2 (1:FALSE)      --              FALSE  relu_offset_float.h,l:49,c:6                        
                                                                                                                  
[7].write.man         2 (1:FALSE)      --              FALSE  relu_offset_float.h,l:49,c:6                        
                                                                                                                  
cmp_result            4 (3:TRUE)       --              FALSE  relu_offset_float.h,l:22,c:78                       
                                                                                                                  
[0].operator=.sign    4 (3:TRUE)       --              FALSE  relu_offset_float.h,l:54,c:6                        
                                                                                                                  
cmp_result            4 (3:TRUE)       --              FALSE  relu_offset_float.h,l:22,c:78                       
                                                                                                                  
[0].operator=.exp     4 (3:TRUE)       --              FALSE  relu_offset_float.h,l:54,c:6                        
                                                                                                                  
cmp_result            4 (3:TRUE)       --              FALSE  relu_offset_float.h,l:22,c:78                       
                                                                                                                  
[0].operator=.man     4 (3:TRUE)       --              FALSE  relu_offset_float.h,l:54,c:6                        
                                                                                                                  
cmp_result            4 (3:TRUE)       --              FALSE  relu_offset_float.h,l:22,c:78                       
                                                                                                                  
[1].operator=.sign    4 (3:TRUE)       --              FALSE  relu_offset_float.h,l:54,c:6                        
                                                                                                                  
cmp_result            4 (3:TRUE)       --              FALSE  relu_offset_float.h,l:22,c:78                       
                                                                                                                  
[1].operator=.exp     4 (3:TRUE)       --              FALSE  relu_offset_float.h,l:54,c:6                        
                                                                                                                  
cmp_result            4 (3:TRUE)       --              FALSE  relu_offset_float.h,l:22,c:78                       
                                                                                                                  
[1].operator=.man     4 (3:TRUE)       --              FALSE  relu_offset_float.h,l:54,c:6                        
                                                                                                                  
cmp_result            4 (3:TRUE)       --              FALSE  relu_offset_float.h,l:22,c:78                       
                                                                                                                  
[2].operator=.sign    4 (3:TRUE)       --              FALSE  relu_offset_float.h,l:54,c:6                        
                                                                                                                  
cmp_result            4 (3:TRUE)       --              FALSE  relu_offset_float.h,l:22,c:78                       
                                                                                                                  
[2].operator=.exp     4 (3:TRUE)       --              FALSE  relu_offset_float.h,l:54,c:6                        
                                                                                                                  
cmp_result            4 (3:TRUE)       --              FALSE  relu_offset_float.h,l:22,c:78                       
                                                                                                                  
[2].operator=.man     4 (3:TRUE)       --              FALSE  relu_offset_float.h,l:54,c:6                        
                                                                                                                  
cmp_result            4 (3:TRUE)       --              FALSE  relu_offset_float.h,l:22,c:78                       
                                                                                                                  
[3].operator=.sign    4 (3:TRUE)       --              FALSE  relu_offset_float.h,l:54,c:6                        
                                                                                                                  
cmp_result            4 (3:TRUE)       --              FALSE  relu_offset_float.h,l:22,c:78                       
                                                                                                                  
[3].operator=.exp     4 (3:TRUE)       --              FALSE  relu_offset_float.h,l:54,c:6                        
                                                                                                                  
cmp_result            4 (3:TRUE)       --              FALSE  relu_offset_float.h,l:22,c:78                       
                                                                                                                  
[3].operator=.man     4 (3:TRUE)       --              FALSE  relu_offset_float.h,l:54,c:6                        
                                                                                                                  
cmp_result            4 (3:TRUE)       --              FALSE  relu_offset_float.h,l:22,c:78                       
                                                                                                                  
[4].operator=.sign    4 (3:TRUE)       --              FALSE  relu_offset_float.h,l:54,c:6                        
                                                                                                                  
cmp_result            4 (3:TRUE)       --              FALSE  relu_offset_float.h,l:22,c:78                       
                                                                                                                  
[4].operator=.exp     4 (3:TRUE)       --              FALSE  relu_offset_float.h,l:54,c:6                        
                                                                                                                  
cmp_result            4 (3:TRUE)       --              FALSE  relu_offset_float.h,l:22,c:78                       
                                                                                                                  
[4].operator=.man     4 (3:TRUE)       --              FALSE  relu_offset_float.h,l:54,c:6                        
                                                                                                                  
cmp_result            4 (3:TRUE)       --              FALSE  relu_offset_float.h,l:22,c:78                       
                                                                                                                  
[5].operator=.sign    4 (3:TRUE)       --              FALSE  relu_offset_float.h,l:54,c:6                        
                                                                                                                  
cmp_result            4 (3:TRUE)       --              FALSE  relu_offset_float.h,l:22,c:78                       
                                                                                                                  
[5].operator=.exp     4 (3:TRUE)       --              FALSE  relu_offset_float.h,l:54,c:6                        
                                                                                                                  
cmp_result            4 (3:TRUE)       --              FALSE  relu_offset_float.h,l:22,c:78                       
                                                                                                                  
[5].operator=.man     4 (3:TRUE)       --              FALSE  relu_offset_float.h,l:54,c:6                        
                                                                                                                  
cmp_result            4 (3:TRUE)       --              FALSE  relu_offset_float.h,l:22,c:78                       
                                                                                                                  
[6].operator=.sign    4 (3:TRUE)       --              FALSE  relu_offset_float.h,l:54,c:6                        
                                                                                                                  
cmp_result            4 (3:TRUE)       --              FALSE  relu_offset_float.h,l:22,c:78                       
                                                                                                                  
[6].operator=.exp     4 (3:TRUE)       --              FALSE  relu_offset_float.h,l:54,c:6                        
                                                                                                                  
cmp_result            4 (3:TRUE)       --              FALSE  relu_offset_float.h,l:22,c:78                       
                                                                                                                  
[6].operator=.man     4 (3:TRUE)       --              FALSE  relu_offset_float.h,l:54,c:6                        
                                                                                                                  
cmp_result            4 (3:TRUE)       --              FALSE  relu_offset_float.h,l:22,c:78                       
                                                                                                                  
[7].operator=.sign    4 (3:TRUE)       --              FALSE  relu_offset_float.h,l:54,c:6                        
                                                                                                                  
cmp_result            4 (3:TRUE)       --              FALSE  relu_offset_float.h,l:22,c:78                       
                                                                                                                  
[7].operator=.exp     4 (3:TRUE)       --              FALSE  relu_offset_float.h,l:54,c:6                        
                                                                                                                  
cmp_result            4 (3:TRUE)       --              FALSE  relu_offset_float.h,l:22,c:78                       
                                                                                                                  
[7].operator=.man     4 (3:TRUE)       --              FALSE  relu_offset_float.h,l:54,c:6                        
                                                                                                                  
                                                                                                                  
Scheduler report for : _dst_valid                                                                                 
---------------------------------                                                                                            
                                                                                                                  
Op                    SID(BB;Clocked)  Pipeline Stage  IS     SRCLOC                                              
--                    ---------------  --------------  --     ------                                              
                                                                                                                  
dst_valid             2 (1:FALSE)      --              FALSE  relu_offset_float.h,l:17,c:16 -> l:31,c:7           
                                                                                                                  
cmp_valid[0]          4 (3:TRUE)       --              FALSE  @(f:relu_offset_float.h,l:23,c:19->i:0)             
                                                                                                                  
dst_valid             4 (3:TRUE)       --              FALSE  relu_offset_float.h,l:17,c:16 -> l:33,c:7           
                                                                                                                  
                                                                                                                  
