TMPDIR is being set to /tmp/genus_temp_48699_design1_hanji_wOg3x2

Loading tool scripts...
Finished loading tool scripts (6 seconds elapsed).

#@ Processing -files option
@genus 1> source /usr/cadence/installs/Stratus/tools.lnx86/bin/bdw_genus_server
  Setting attribute of root '/': 'write_verification_files' = false
  Setting attribute of root '/': 'dp_area_mode' = true
  Setting attribute of root '/': 'multibit_mapping_effort_level' = low
  Setting attribute of root '/': 'map_to_multiple_output_gates' = false
  Setting attribute of root '/': 'auto_super_thread' = false
  Setting attribute of root '/': 'max_cpus_per_server' = 0
  Setting attribute of root '/': 'retime_verification_flow' = false
  Setting attribute of root '/': 'retime_disable_all_transitive_drvrs' = 1
  Setting attribute of root '/': 'legacy_collection' = true
  Setting attribute of root '/': 'dpopt_rewrite_csaadd' = 0
Sourcing '/usr/cadence/installs/Stratus/share/stratus/tcl/bdw_generic_server.tcl' (Thu Dec 31 22:40:07 KST 2020)...
Sourcing '/usr/cadence/installs/Stratus/share/stratus/tcl/Messaging.tcl' (Thu Dec 31 22:40:07 KST 2020)...
##########################################################################
# Starting in server mode with port 37498@design1
#   client pid = 48471
##########################################################################
