=========================================================
Scheduler report file
Generated by stratus_hls 19.10-p100  (91500.011111)
On:          Sun Jan 17 18:55:31 2021
Project Dir: /home/hanji/stratus/mv1/train_npu/sfu
Module:      bias_add
HLS Config:  DPA
=========================================================
Scheduler report for : _dst_valid                                                                                 
---------------------------------                                                                                            
                                                                                                                  
Op                    SID(BB;Clocked)  Pipeline Stage  IS     SRCLOC                                              
--                    ---------------  --------------  --     ------                                              
                                                                                                                  
dst_valid             2 (1:FALSE)      --              FALSE  bias_add.h,l:17,c:16 -> l:155,c:5                   
                                                                                                                  
enable                4 (3:TRUE)       --              FALSE  bias_add.h,l:11,c:15 -> l:156,c:14                  
                                                                                                                  
src_valid             4 (3:TRUE)       --              FALSE  bias_add.h,l:12,c:15 -> l:157,c:17                  
                                                                                                                  
r2_src_valid          4 (3:TRUE)       --              FALSE  bias_add.h,l:22,c:32 -> l:159,c:17                  
                                                                                                                  
operator=             4 (3:TRUE)       --              FALSE  bias_add.h,l:159,c:15 & operator= @l:157,c:15 & l:  
                                                                                                                  
dst_valid             4 (3:TRUE)       --              FALSE  bias_add.h,l:17,c:16 -> l:159,c:5 &                 
                                                                                                                  
                                                                                                                  
Scheduler report for : _dst                                                                                       
---------------------------                                                                                            
                                                                                                                  
Op                    SID(BB;Clocked)  Pipeline Stage  IS     SRCLOC                                              
--                    ---------------  --------------  --     ------                                              
                                                                                                                  
dst[0].[0]            2 (1:FALSE)      --              FALSE  @(f:bias_add.h,l:18,c:25->i:0)                      
                                                                                                                  
dst[1].[1]            2 (1:FALSE)      --              FALSE  @(f:bias_add.h,l:18,c:25->i:1)                      
                                                                                                                  
dst[2].[2]            2 (1:FALSE)      --              FALSE  @(f:bias_add.h,l:18,c:25->i:2)                      
                                                                                                                  
dst[3].[3]            2 (1:FALSE)      --              FALSE  @(f:bias_add.h,l:18,c:25->i:3)                      
                                                                                                                  
dst[4].[4]            2 (1:FALSE)      --              FALSE  @(f:bias_add.h,l:18,c:25->i:4)                      
                                                                                                                  
dst[5].[5]            2 (1:FALSE)      --              FALSE  @(f:bias_add.h,l:18,c:25->i:5)                      
                                                                                                                  
dst[6].[6]            2 (1:FALSE)      --              FALSE  @(f:bias_add.h,l:18,c:25->i:6)                      
                                                                                                                  
dst[7].[7]            2 (1:FALSE)      --              FALSE  @(f:bias_add.h,l:18,c:25->i:7)                      
                                                                                                                  
enable                4 (3:TRUE)       --              FALSE  bias_add.h,l:11,c:15 -> l:138,c:13                  
                                                                                                                  
r2_src_valid          5 (4:FALSE)      --              FALSE  bias_add.h,l:22,c:32 -> l:143,c:12                  
                                                                                                                  
src                   6 (7:FALSE)      --              FALSE  bias_add.h,l:13,c:24                                
                                                                                                                  
dst[0].[0]            6 (7:FALSE)      --              FALSE  @(f:bias_add.h,l:18,c:25->i:0)                      
                                                                                                                  
src                   6 (7:FALSE)      --              FALSE  bias_add.h,l:13,c:24                                
                                                                                                                  
dst[1].[1]            6 (7:FALSE)      --              FALSE  @(f:bias_add.h,l:18,c:25->i:1)                      
                                                                                                                  
src                   6 (7:FALSE)      --              FALSE  bias_add.h,l:13,c:24                                
                                                                                                                  
dst[2].[2]            6 (7:FALSE)      --              FALSE  @(f:bias_add.h,l:18,c:25->i:2)                      
                                                                                                                  
src                   6 (7:FALSE)      --              FALSE  bias_add.h,l:13,c:24                                
                                                                                                                  
dst[3].[3]            6 (7:FALSE)      --              FALSE  @(f:bias_add.h,l:18,c:25->i:3)                      
                                                                                                                  
src                   6 (7:FALSE)      --              FALSE  bias_add.h,l:13,c:24                                
                                                                                                                  
dst[4].[4]            6 (7:FALSE)      --              FALSE  @(f:bias_add.h,l:18,c:25->i:4)                      
                                                                                                                  
src                   6 (7:FALSE)      --              FALSE  bias_add.h,l:13,c:24                                
                                                                                                                  
dst[5].[5]            6 (7:FALSE)      --              FALSE  @(f:bias_add.h,l:18,c:25->i:5)                      
                                                                                                                  
src                   6 (7:FALSE)      --              FALSE  bias_add.h,l:13,c:24                                
                                                                                                                  
dst[6].[6]            6 (7:FALSE)      --              FALSE  @(f:bias_add.h,l:18,c:25->i:6)                      
                                                                                                                  
src                   6 (7:FALSE)      --              FALSE  bias_add.h,l:13,c:24                                
                                                                                                                  
dst[7].[7]            6 (7:FALSE)      --              FALSE  @(f:bias_add.h,l:18,c:25->i:7)                      
                                                                                                                  
add_result            8 (6:FALSE)      --              FALSE  bias_add.h,l:25,c:27                                
                                                                                                                  
dst[0].[0]            8 (6:FALSE)      --              FALSE  @(f:bias_add.h,l:18,c:25->i:0)                      
                                                                                                                  
add_result            8 (6:FALSE)      --              FALSE  bias_add.h,l:25,c:27                                
                                                                                                                  
dst[1].[1]            8 (6:FALSE)      --              FALSE  @(f:bias_add.h,l:18,c:25->i:1)                      
                                                                                                                  
add_result            8 (6:FALSE)      --              FALSE  bias_add.h,l:25,c:27                                
                                                                                                                  
dst[2].[2]            8 (6:FALSE)      --              FALSE  @(f:bias_add.h,l:18,c:25->i:2)                      
                                                                                                                  
add_result            8 (6:FALSE)      --              FALSE  bias_add.h,l:25,c:27                                
                                                                                                                  
dst[3].[3]            8 (6:FALSE)      --              FALSE  @(f:bias_add.h,l:18,c:25->i:3)                      
                                                                                                                  
add_result            8 (6:FALSE)      --              FALSE  bias_add.h,l:25,c:27                                
                                                                                                                  
dst[4].[4]            8 (6:FALSE)      --              FALSE  @(f:bias_add.h,l:18,c:25->i:4)                      
                                                                                                                  
add_result            8 (6:FALSE)      --              FALSE  bias_add.h,l:25,c:27                                
                                                                                                                  
dst[5].[5]            8 (6:FALSE)      --              FALSE  @(f:bias_add.h,l:18,c:25->i:5)                      
                                                                                                                  
add_result            8 (6:FALSE)      --              FALSE  bias_add.h,l:25,c:27                                
                                                                                                                  
dst[6].[6]            8 (6:FALSE)      --              FALSE  @(f:bias_add.h,l:18,c:25->i:6)                      
                                                                                                                  
add_result            8 (6:FALSE)      --              FALSE  bias_add.h,l:25,c:27                                
                                                                                                                  
dst[7].[7]            8 (6:FALSE)      --              FALSE  @(f:bias_add.h,l:18,c:25->i:7)                      
                                                                                                                  
                                                                                                                  
Scheduler report for : _bias_mux_cnt                                                                              
------------------------------------                                                                                            
                                                                                                                  
Op                    SID(BB;Clocked)  Pipeline Stage  IS     SRCLOC                                              
--                    ---------------  --------------  --     ------                                              
                                                                                                                  
bias_mux_cnt          2 (1:FALSE)      --              FALSE  bias_add.h,l:23,c:27 -> l:53,c:7                    
                                                                                                                  
bias_mux_cnt          3 (2:FALSE)      --              FALSE  bias_add.h,l:23,c:27 -> l:57,c:7                    
                                                                                                                  
bias_mux_cnt          4 (3:TRUE)       --              FALSE  bias_add.h,l:23,c:27 -> l:57,c:7                    
                                                                                                                  
r_src_valid           4 (3:TRUE)       --              FALSE  bias_add.h,l:22,c:19 -> l:56,c:13                   
                                                                                                                  
f:bias_add.h,l:57,c:  4 (3:TRUE)       --              FALSE  & c:42                                              
                                                                                                                  
operator=             4 (3:TRUE)       --              FALSE  bias_add.h,l:57,c:20 & l:56,c:9                     
                                                                                                                  
bias_mux_cnt          4 (3:TRUE)       --              FALSE  bias_add.h,l:23,c:27 -> l:57,c:7 &                  
                                                                                                                  
                                                                                                                  
Scheduler report for : _delay                                                                                     
-----------------------------                                                                                            
                                                                                                                  
Op                    SID(BB;Clocked)  Pipeline Stage  IS     SRCLOC                                              
--                    ---------------  --------------  --     ------                                              
                                                                                                                  
r_src[0].[0]          2 (1:FALSE)      --              FALSE  @(f:bias_add.h,l:21,c:28->i:0)                      
                                                                                                                  
r_src[1].[1]          2 (1:FALSE)      --              FALSE  @(f:bias_add.h,l:21,c:28->i:1)                      
                                                                                                                  
r_src[2].[2]          2 (1:FALSE)      --              FALSE  @(f:bias_add.h,l:21,c:28->i:2)                      
                                                                                                                  
r_src[3].[3]          2 (1:FALSE)      --              FALSE  @(f:bias_add.h,l:21,c:28->i:3)                      
                                                                                                                  
r_src[4].[4]          2 (1:FALSE)      --              FALSE  @(f:bias_add.h,l:21,c:28->i:4)                      
                                                                                                                  
r_src[5].[5]          2 (1:FALSE)      --              FALSE  @(f:bias_add.h,l:21,c:28->i:5)                      
                                                                                                                  
r_src[6].[6]          2 (1:FALSE)      --              FALSE  @(f:bias_add.h,l:21,c:28->i:6)                      
                                                                                                                  
r_src[7].[7]          2 (1:FALSE)      --              FALSE  @(f:bias_add.h,l:21,c:28->i:7)                      
                                                                                                                  
r_src_valid           2 (1:FALSE)      --              FALSE  bias_add.h,l:22,c:19 -> l:34,c:7                    
                                                                                                                  
r2_src_valid          2 (1:FALSE)      --              FALSE  bias_add.h,l:22,c:32 -> l:35,c:7                    
                                                                                                                  
r3_src_valid          2 (1:FALSE)      --              FALSE  bias_add.h,l:22,c:46 -> l:36,c:7                    
                                                                                                                  
r_bias_data           2 (1:FALSE)      --              FALSE  bias_add.h,l:20,c:32 -> l:37,c:7                    
                                                                                                                  
r_src_valid           3 (2:FALSE)      --              FALSE  @(f:bias_add.h,l:22,c:19->l:56,c:13) -> l:43,c:7    
                                                                                                                  
r2_src_valid          3 (2:FALSE)      --              FALSE  @[ mapped (f:bias_add.h,l:22,c:32->l:159,c:17) map  
                                                                                                                  
r2_src_valid          4 (3:TRUE)       --              FALSE  bias_add.h,l:22,c:32 -> l:45,c:22                   
                                                                                                                  
r_src_valid           4 (3:TRUE)       --              FALSE  bias_add.h,l:22,c:19 -> l:44,c:22                   
                                                                                                                  
src[0].[0]            4 (3:TRUE)       --              FALSE  @(f:bias_add.h,l:13,c:24->i:0)                      
                                                                                                                  
src[1].[1]            4 (3:TRUE)       --              FALSE  @(f:bias_add.h,l:13,c:24->i:1)                      
                                                                                                                  
src[2].[2]            4 (3:TRUE)       --              FALSE  @(f:bias_add.h,l:13,c:24->i:2)                      
                                                                                                                  
src[3].[3]            4 (3:TRUE)       --              FALSE  @(f:bias_add.h,l:13,c:24->i:3)                      
                                                                                                                  
src[4].[4]            4 (3:TRUE)       --              FALSE  @(f:bias_add.h,l:13,c:24->i:4)                      
                                                                                                                  
src[5].[5]            4 (3:TRUE)       --              FALSE  @(f:bias_add.h,l:13,c:24->i:5)                      
                                                                                                                  
src[6].[6]            4 (3:TRUE)       --              FALSE  @(f:bias_add.h,l:13,c:24->i:6)                      
                                                                                                                  
src[7].[7]            4 (3:TRUE)       --              FALSE  @(f:bias_add.h,l:13,c:24->i:7)                      
                                                                                                                  
src_valid             4 (3:TRUE)       --              FALSE  bias_add.h,l:12,c:15 -> l:43,c:21                   
                                                                                                                  
bias_data             4 (3:TRUE)       --              FALSE  bias_add.h,l:15,c:28 -> l:46,c:21                   
                                                                                                                  
r_bias_data           4 (3:TRUE)       --              FALSE  bias_add.h,l:20,c:32 -> l:46,c:7                    
                                                                                                                  
r3_src_valid          4 (3:TRUE)       --              FALSE  bias_add.h,l:22,c:46 -> l:45,c:7                    
                                                                                                                  
r2_src_valid          4 (3:TRUE)       --              FALSE  bias_add.h,l:22,c:32 -> l:44,c:7                    
                                                                                                                  
r_src_valid           4 (3:TRUE)       --              FALSE  bias_add.h,l:22,c:19 -> l:43,c:7                    
                                                                                                                  
r_src[7].[7]          4 (3:TRUE)       --              FALSE  @(f:bias_add.h,l:21,c:28->i:7)                      
                                                                                                                  
r_src[6].[6]          4 (3:TRUE)       --              FALSE  @(f:bias_add.h,l:21,c:28->i:6)                      
                                                                                                                  
r_src[5].[5]          4 (3:TRUE)       --              FALSE  @(f:bias_add.h,l:21,c:28->i:5)                      
                                                                                                                  
r_src[4].[4]          4 (3:TRUE)       --              FALSE  @(f:bias_add.h,l:21,c:28->i:4)                      
                                                                                                                  
r_src[3].[3]          4 (3:TRUE)       --              FALSE  @(f:bias_add.h,l:21,c:28->i:3)                      
                                                                                                                  
r_src[2].[2]          4 (3:TRUE)       --              FALSE  @(f:bias_add.h,l:21,c:28->i:2)                      
                                                                                                                  
r_src[1].[1]          4 (3:TRUE)       --              FALSE  @(f:bias_add.h,l:21,c:28->i:1)                      
                                                                                                                  
r_src[0].[0]          4 (3:TRUE)       --              FALSE  @(f:bias_add.h,l:21,c:28->i:0)                      
                                                                                                                  
                                                                                                                  
Scheduler report for : _separate_bias                                                                             
-------------------------------------                                                                                            
                                                                                                                  
Op                    SID(BB;Clocked)  Pipeline Stage  IS     SRCLOC                                              
--                    ---------------  --------------  --     ------                                              
                                                                                                                  
bias_mux_cnt          3 (2:TRUE)       --              FALSE  bias_add.h,l:23,c:27                                
                                                                                                                  
r_bias_data           3 (2:TRUE)       --              FALSE  bias_add.h,l:20,c:32                                
                                                                                                                  
                      3 (2:TRUE)       --              FALSE  f:bias_add.h,l:63,c:9                               
                                                                                                                  
write                 3 (2:TRUE)       --              FALSE  bias_add.h,l:101,c:30 & write @l:91,c:30 & l:83,c:  
                                                                                                                  
write                 3 (2:TRUE)       --              FALSE  bias_add.h,l:100,c:30 & write @l:90,c:30 & l:83,c:  
                                                                                                                  
write                 3 (2:TRUE)       --              FALSE  bias_add.h,l:99,c:30 & write @l:89,c:30 & l:83,c:3  
                                                                                                                  
write                 3 (2:TRUE)       --              FALSE  bias_add.h,l:98,c:30 & write @l:88,c:30 & l:83,c:3  
                                                                                                                  
write                 3 (2:TRUE)       --              FALSE  bias_add.h,l:97,c:30 & write @l:87,c:30 & l:83,c:3  
                                                                                                                  
write                 3 (2:TRUE)       --              FALSE  bias_add.h,l:96,c:30 & write @l:86,c:30 & l:83,c:3  
                                                                                                                  
write                 3 (2:TRUE)       --              FALSE  bias_add.h,l:95,c:30 & write @l:85,c:30 & l:83,c:3  
                                                                                                                  
write                 3 (2:TRUE)       --              FALSE  bias_add.h,l:94,c:30 & write @l:84,c:30 & l:83,c:3  
                                                                                                                  
write                 3 (2:TRUE)       --              FALSE  bias_add.h,l:101,c:30 & write @l:91,c:30 & l:83,c:  
                                                                                                                  
separated_bias_data[  3 (2:TRUE)       --              FALSE  @(f:bias_add.h,l:24,c:28->i:7) -> l:101,c:26 &      
                                                                                                                  
write                 3 (2:TRUE)       --              FALSE  bias_add.h,l:100,c:30 & write @l:90,c:30 & l:83,c:  
                                                                                                                  
separated_bias_data[  3 (2:TRUE)       --              FALSE  @(f:bias_add.h,l:24,c:28->i:6) -> l:100,c:26 &      
                                                                                                                  
write                 3 (2:TRUE)       --              FALSE  bias_add.h,l:99,c:30 & write @l:89,c:30 & l:83,c:1  
                                                                                                                  
separated_bias_data[  3 (2:TRUE)       --              FALSE  @(f:bias_add.h,l:24,c:28->i:5) -> l:99,c:26 &       
                                                                                                                  
write                 3 (2:TRUE)       --              FALSE  bias_add.h,l:98,c:30 & write @l:88,c:30 & l:83,c:1  
                                                                                                                  
separated_bias_data[  3 (2:TRUE)       --              FALSE  @(f:bias_add.h,l:24,c:28->i:4) -> l:98,c:26 &       
                                                                                                                  
write                 3 (2:TRUE)       --              FALSE  bias_add.h,l:97,c:30 & write @l:87,c:30 & l:83,c:1  
                                                                                                                  
separated_bias_data[  3 (2:TRUE)       --              FALSE  @(f:bias_add.h,l:24,c:28->i:3) -> l:97,c:26 &       
                                                                                                                  
write                 3 (2:TRUE)       --              FALSE  bias_add.h,l:96,c:30 & write @l:86,c:30 & l:83,c:1  
                                                                                                                  
separated_bias_data[  3 (2:TRUE)       --              FALSE  @(f:bias_add.h,l:24,c:28->i:2) -> l:96,c:26 &       
                                                                                                                  
write                 3 (2:TRUE)       --              FALSE  bias_add.h,l:95,c:30 & write @l:85,c:30 & l:83,c:1  
                                                                                                                  
separated_bias_data[  3 (2:TRUE)       --              FALSE  @(f:bias_add.h,l:24,c:28->i:1) -> l:95,c:26 &       
                                                                                                                  
write                 3 (2:TRUE)       --              FALSE  bias_add.h,l:94,c:30 & write @l:84,c:30 & l:83,c:1  
                                                                                                                  
separated_bias_data[  3 (2:TRUE)       --              FALSE  @(f:bias_add.h,l:24,c:28->i:0) -> l:94,c:26 &       
                                                                                                                  
                                                                                                                  
Scheduler report for : _bias                                                                                      
----------------------------                                                                                            
                                                                                                                  
Op                    SID(BB;Clocked)  Pipeline Stage  IS     SRCLOC                                              
--                    ---------------  --------------  --     ------                                              
                                                                                                                  
separated_bias_data   3 (2:TRUE)       --              FALSE  bias_add.h,l:24,c:28                                
                                                                                                                  
bias_to_int16[0].[0]  3 (2:TRUE)       --              FALSE  @(f:bias_add.h,l:26,c:11->i:0)                      
                                                                                                                  
separated_bias_data   3 (2:TRUE)       --              FALSE  bias_add.h,l:24,c:28                                
                                                                                                                  
bias_to_int16[1].[1]  3 (2:TRUE)       --              FALSE  @(f:bias_add.h,l:26,c:11->i:1)                      
                                                                                                                  
separated_bias_data   3 (2:TRUE)       --              FALSE  bias_add.h,l:24,c:28                                
                                                                                                                  
bias_to_int16[2].[2]  3 (2:TRUE)       --              FALSE  @(f:bias_add.h,l:26,c:11->i:2)                      
                                                                                                                  
separated_bias_data   3 (2:TRUE)       --              FALSE  bias_add.h,l:24,c:28                                
                                                                                                                  
bias_to_int16[3].[3]  3 (2:TRUE)       --              FALSE  @(f:bias_add.h,l:26,c:11->i:3)                      
                                                                                                                  
separated_bias_data   3 (2:TRUE)       --              FALSE  bias_add.h,l:24,c:28                                
                                                                                                                  
bias_to_int16[4].[4]  3 (2:TRUE)       --              FALSE  @(f:bias_add.h,l:26,c:11->i:4)                      
                                                                                                                  
separated_bias_data   3 (2:TRUE)       --              FALSE  bias_add.h,l:24,c:28                                
                                                                                                                  
bias_to_int16[5].[5]  3 (2:TRUE)       --              FALSE  @(f:bias_add.h,l:26,c:11->i:5)                      
                                                                                                                  
separated_bias_data   3 (2:TRUE)       --              FALSE  bias_add.h,l:24,c:28                                
                                                                                                                  
bias_to_int16[6].[6]  3 (2:TRUE)       --              FALSE  @(f:bias_add.h,l:26,c:11->i:6)                      
                                                                                                                  
separated_bias_data   3 (2:TRUE)       --              FALSE  bias_add.h,l:24,c:28                                
                                                                                                                  
bias_to_int16[7].[7]  3 (2:TRUE)       --              FALSE  @(f:bias_add.h,l:26,c:11->i:7)                      
                                                                                                                  
                                                                                                                  
Scheduler report for : _add                                                                                       
---------------------------                                                                                            
                                                                                                                  
Op                    SID(BB;Clocked)  Pipeline Stage  IS     SRCLOC                                              
--                    ---------------  --------------  --     ------                                              
                                                                                                                  
add_result[0].[0]     2 (1:FALSE)      --              FALSE  @(f:bias_add.h,l:25,c:27->i:0)                      
                                                                                                                  
add_result[1].[1]     2 (1:FALSE)      --              FALSE  @(f:bias_add.h,l:25,c:27->i:1)                      
                                                                                                                  
add_result[2].[2]     2 (1:FALSE)      --              FALSE  @(f:bias_add.h,l:25,c:27->i:2)                      
                                                                                                                  
add_result[3].[3]     2 (1:FALSE)      --              FALSE  @(f:bias_add.h,l:25,c:27->i:3)                      
                                                                                                                  
add_result[4].[4]     2 (1:FALSE)      --              FALSE  @(f:bias_add.h,l:25,c:27->i:4)                      
                                                                                                                  
add_result[5].[5]     2 (1:FALSE)      --              FALSE  @(f:bias_add.h,l:25,c:27->i:5)                      
                                                                                                                  
add_result[6].[6]     2 (1:FALSE)      --              FALSE  @(f:bias_add.h,l:25,c:27->i:6)                      
                                                                                                                  
add_result[7].[7]     2 (1:FALSE)      --              FALSE  @(f:bias_add.h,l:25,c:27->i:7)                      
                                                                                                                  
enable                4 (3:TRUE)       --              FALSE  bias_add.h,l:11,c:15 -> l:120,c:13                  
                                                                                                                  
r_src[0].[0]          5 (4:FALSE)      --              FALSE  @(f:bias_add.h,l:21,c:28->i:0)                      
                                                                                                                  
bias_to_int16[0].[0]  5 (4:FALSE)      --              FALSE  @(f:bias_add.h,l:26,c:11->i:0)                      
                                                                                                                  
r_src[1].[1]          5 (4:FALSE)      --              FALSE  @(f:bias_add.h,l:21,c:28->i:1)                      
                                                                                                                  
bias_to_int16[1].[1]  5 (4:FALSE)      --              FALSE  @(f:bias_add.h,l:26,c:11->i:1)                      
                                                                                                                  
r_src[2].[2]          5 (4:FALSE)      --              FALSE  @(f:bias_add.h,l:21,c:28->i:2)                      
                                                                                                                  
bias_to_int16[2].[2]  5 (4:FALSE)      --              FALSE  @(f:bias_add.h,l:26,c:11->i:2)                      
                                                                                                                  
r_src[3].[3]          5 (4:FALSE)      --              FALSE  @(f:bias_add.h,l:21,c:28->i:3)                      
                                                                                                                  
bias_to_int16[3].[3]  5 (4:FALSE)      --              FALSE  @(f:bias_add.h,l:26,c:11->i:3)                      
                                                                                                                  
r_src[4].[4]          5 (4:FALSE)      --              FALSE  @(f:bias_add.h,l:21,c:28->i:4)                      
                                                                                                                  
bias_to_int16[4].[4]  5 (4:FALSE)      --              FALSE  @(f:bias_add.h,l:26,c:11->i:4)                      
                                                                                                                  
r_src[5].[5]          5 (4:FALSE)      --              FALSE  @(f:bias_add.h,l:21,c:28->i:5)                      
                                                                                                                  
bias_to_int16[5].[5]  5 (4:FALSE)      --              FALSE  @(f:bias_add.h,l:26,c:11->i:5)                      
                                                                                                                  
r_src[6].[6]          5 (4:FALSE)      --              FALSE  @(f:bias_add.h,l:21,c:28->i:6)                      
                                                                                                                  
bias_to_int16[6].[6]  5 (4:FALSE)      --              FALSE  @(f:bias_add.h,l:26,c:11->i:6)                      
                                                                                                                  
r_src[7].[7]          5 (4:FALSE)      --              FALSE  @(f:bias_add.h,l:21,c:28->i:7)                      
                                                                                                                  
bias_to_int16[7].[7]  5 (4:FALSE)      --              FALSE  @(f:bias_add.h,l:26,c:11->i:7)                      
                                                                                                                  
[0]                   5 (4:FALSE)      --              FALSE  bias_add.h,l:126,c:5 -> l:127,c:48                  
                                                                                                                  
add_result[0].[0]     5 (4:FALSE)      --              FALSE  @(f:bias_add.h,l:25,c:27->i:0)                      
                                                                                                                  
[1]                   5 (4:FALSE)      --              FALSE  bias_add.h,l:126,c:5 -> l:127,c:48                  
                                                                                                                  
add_result[1].[1]     5 (4:FALSE)      --              FALSE  @(f:bias_add.h,l:25,c:27->i:1)                      
                                                                                                                  
[2]                   5 (4:FALSE)      --              FALSE  bias_add.h,l:126,c:5 -> l:127,c:48                  
                                                                                                                  
add_result[2].[2]     5 (4:FALSE)      --              FALSE  @(f:bias_add.h,l:25,c:27->i:2)                      
                                                                                                                  
[3]                   5 (4:FALSE)      --              FALSE  bias_add.h,l:126,c:5 -> l:127,c:48                  
                                                                                                                  
add_result[3].[3]     5 (4:FALSE)      --              FALSE  @(f:bias_add.h,l:25,c:27->i:3)                      
                                                                                                                  
[4]                   5 (4:FALSE)      --              FALSE  bias_add.h,l:126,c:5 -> l:127,c:48                  
                                                                                                                  
add_result[4].[4]     5 (4:FALSE)      --              FALSE  @(f:bias_add.h,l:25,c:27->i:4)                      
                                                                                                                  
[5]                   5 (4:FALSE)      --              FALSE  bias_add.h,l:126,c:5 -> l:127,c:48                  
                                                                                                                  
add_result[5].[5]     5 (4:FALSE)      --              FALSE  @(f:bias_add.h,l:25,c:27->i:5)                      
                                                                                                                  
[6]                   5 (4:FALSE)      --              FALSE  bias_add.h,l:126,c:5 -> l:127,c:48                  
                                                                                                                  
add_result[6].[6]     5 (4:FALSE)      --              FALSE  @(f:bias_add.h,l:25,c:27->i:6)                      
                                                                                                                  
[7]                   5 (4:FALSE)      --              FALSE  bias_add.h,l:126,c:5 -> l:127,c:48                  
                                                                                                                  
add_result[7].[7]     5 (4:FALSE)      --              FALSE  @(f:bias_add.h,l:25,c:27->i:7)                      
                                                                                                                  
add_result[0].[0]     6 (5:FALSE)      --              FALSE  @(f:bias_add.h,l:25,c:27->i:0)                      
                                                                                                                  
add_result[1].[1]     6 (5:FALSE)      --              FALSE  @(f:bias_add.h,l:25,c:27->i:1)                      
                                                                                                                  
add_result[2].[2]     6 (5:FALSE)      --              FALSE  @(f:bias_add.h,l:25,c:27->i:2)                      
                                                                                                                  
add_result[3].[3]     6 (5:FALSE)      --              FALSE  @(f:bias_add.h,l:25,c:27->i:3)                      
                                                                                                                  
add_result[4].[4]     6 (5:FALSE)      --              FALSE  @(f:bias_add.h,l:25,c:27->i:4)                      
                                                                                                                  
add_result[5].[5]     6 (5:FALSE)      --              FALSE  @(f:bias_add.h,l:25,c:27->i:5)                      
                                                                                                                  
add_result[6].[6]     6 (5:FALSE)      --              FALSE  @(f:bias_add.h,l:25,c:27->i:6)                      
                                                                                                                  
add_result[7].[7]     6 (5:FALSE)      --              FALSE  @(f:bias_add.h,l:25,c:27->i:7)                      
                                                                                                                  
                                                                                                                  
