=========================================================
Scheduler report file
Generated by stratus_hls 19.10-p100  (91500.011111)
On:          Sun Jan 17 14:37:37 2021
Project Dir: /home/hanji/stratus/mv1/train_npu/sfu
Module:      fp_cmp
HLS Config:  DPA
=========================================================
Scheduler report for : _dst_valid                                                                                 
---------------------------------                                                                                            
                                                                                                                  
Op                    SID(BB;Clocked)  Pipeline Stage  IS     SRCLOC                                              
--                    ---------------  --------------  --     ------                                              
                                                                                                                  
dst_valid             2 (1:FALSE)      --              FALSE  fp_cmp.h,l:16,c:16 -> l:48,c:7                      
                                                                                                                  
src_valid             4 (3:TRUE)       --              FALSE  fp_cmp.h,l:12,c:15 -> l:52,c:19                     
                                                                                                                  
dst_valid             4 (3:TRUE)       --              FALSE  fp_cmp.h,l:16,c:16 -> l:52,c:7                      
                                                                                                                  
                                                                                                                  
Scheduler report for : _float_cmp                                                                                 
---------------------------------                                                                                            
                                                                                                                  
Op                    SID(BB;Clocked)  Pipeline Stage  IS     SRCLOC                                              
--                    ---------------  --------------  --     ------                                              
                                                                                                                  
write.sign            2 (1:FALSE)      --              FALSE  fp_cmp.h,l:27,c:9                                   
                                                                                                                  
write.exp             2 (1:FALSE)      --              FALSE  fp_cmp.h,l:27,c:9                                   
                                                                                                                  
write.man             2 (1:FALSE)      --              FALSE  fp_cmp.h,l:27,c:9                                   
                                                                                                                  
operator>::cynw_cm_f  4 (3:TRUE)       --              FALSE  fp_cmp.h,l:38,c:23                                  
                                                                                                                  
operator=.exp         4 (3:TRUE)       --              FALSE  fp_cmp.h,l:41,c:9                                   
                                                                                                                  
operator=.man         4 (3:TRUE)       --              FALSE  fp_cmp.h,l:30,c:9                                   
                                                                                                                  
enable                4 (3:TRUE)       --              FALSE  fp_cmp.h,l:11,c:15 -> l:28,c:14                     
                                                                                                                  
operator=.sign        4 (3:TRUE)       --              FALSE  fp_cmp.h,l:39,c:9                                   
                                                                                                                  
operator=.exp         4 (3:TRUE)       --              FALSE  fp_cmp.h,l:39,c:9                                   
                                                                                                                  
operator=.man         4 (3:TRUE)       --              FALSE  fp_cmp.h,l:39,c:9                                   
                                                                                                                  
operator<::cynw_cm_f  4 (3:TRUE)       --              FALSE  @(f:fp_cmp.h,l:36,c:18->f:/usr/cadence/installs/St  
                                                                                                                  
operator<::cynw_cm_f  4 (3:TRUE)       --              FALSE  @(f:fp_cmp.h,l:36,c:18->f:/usr/cadence/installs/St  
                                                                                                                  
operator>::cynw_cm_f  4 (3:TRUE)       --              FALSE  @(f:fp_cmp.h,l:38,c:23->f:/usr/cadence/installs/St  
                                                                                                                  
operator>::cynw_cm_f  4 (3:TRUE)       --              FALSE  @(f:fp_cmp.h,l:38,c:23->f:/usr/cadence/installs/St  
                                                                                                                  
operator=.man         4 (3:TRUE)       --              FALSE  fp_cmp.h,l:41,c:9                                   
                                                                                                                  
operator=.exp         4 (3:TRUE)       --              FALSE  fp_cmp.h,l:41,c:9                                   
                                                                                                                  
operator=.sign        4 (3:TRUE)       --              FALSE  fp_cmp.h,l:41,c:9                                   
                                                                                                                  
cynw_cm_float::int_t  4 (3:TRUE)       --              FALSE  fp_cmp.h,l:37,c:9                                   
                                                                                                                  
cynw_cm_float::int_t  4 (3:TRUE)       --              FALSE  fp_cmp.h,l:37,c:9                                   
                                                                                                                  
cynw_cm_float::int_t  4 (3:TRUE)       --              FALSE  fp_cmp.h,l:37,c:9                                   
                                                                                                                  
operator=.man         4 (3:TRUE)       --              FALSE  fp_cmp.h,l:41,c:9                                   
                                                                                                                  
operator=.man         4 (3:TRUE)       --              FALSE  fp_cmp.h,l:41,c:9                                   
                                                                                                                  
operator=.exp         4 (3:TRUE)       --              FALSE  fp_cmp.h,l:41,c:9                                   
                                                                                                                  
operator=.exp         4 (3:TRUE)       --              FALSE  fp_cmp.h,l:41,c:9                                   
                                                                                                                  
operator=.sign        4 (3:TRUE)       --              FALSE  fp_cmp.h,l:41,c:9                                   
                                                                                                                  
operator=.sign        4 (3:TRUE)       --              FALSE  fp_cmp.h,l:41,c:9                                   
                                                                                                                  
                                                                                                                  
