=========================================================
Scheduler report file
Generated by stratus_hls 19.10-p100  (91500.011111)
On:          Tue Jan  5 20:57:14 2021
Project Dir: /home/hanji/stratus/mv1/train_npu/sfu
Module:      bn_float32
HLS Config:  DPA
=========================================================
Scheduler report for : _dst_valid                                                                                 
---------------------------------                                                                                            
                                                                                                                  
Op                    SID(BB;Clocked)  Pipeline Stage  IS     SRCLOC                                              
--                    ---------------  --------------  --     ------                                              
                                                                                                                  
dst_valid             2 (1:FALSE)      --              FALSE  bn_float32.h,l:25,c:16 -> l:126,c:7                 
                                                                                                                  
enable                4 (3:TRUE)       --              FALSE  bn_float32.h,l:15,c:15 -> l:127,c:14                
                                                                                                                  
src_valid             4 (3:TRUE)       --              FALSE  bn_float32.h,l:16,c:15 -> l:130,c:19                
                                                                                                                  
add_valid[0]          4 (3:TRUE)       --              FALSE  @(f:bn_float32.h,l:47,c:19->i:0) -> l:128,c:28      
                                                                                                                  
operator=             4 (3:TRUE)       --              FALSE  bn_float32.h,l:130,c:17 & operator= @l:128,c:17 &   
                                                                                                                  
dst_valid             4 (3:TRUE)       --              FALSE  bn_float32.h,l:25,c:16 -> l:130,c:7 &               
                                                                                                                  
                                                                                                                  
Scheduler report for : _dst                                                                                       
---------------------------                                                                                            
                                                                                                                  
Op                    SID(BB;Clocked)  Pipeline Stage  IS     SRCLOC                                              
--                    ---------------  --------------  --     ------                                              
                                                                                                                  
[0].write.sign        2 (1:FALSE)      --              FALSE  bn_float32.h,l:111,c:6                              
                                                                                                                  
[0].write.exp         2 (1:FALSE)      --              FALSE  bn_float32.h,l:111,c:6                              
                                                                                                                  
[0].write.man         2 (1:FALSE)      --              FALSE  bn_float32.h,l:111,c:6                              
                                                                                                                  
[1].write.sign        2 (1:FALSE)      --              FALSE  bn_float32.h,l:111,c:6                              
                                                                                                                  
[1].write.exp         2 (1:FALSE)      --              FALSE  bn_float32.h,l:111,c:6                              
                                                                                                                  
[1].write.man         2 (1:FALSE)      --              FALSE  bn_float32.h,l:111,c:6                              
                                                                                                                  
[2].write.sign        2 (1:FALSE)      --              FALSE  bn_float32.h,l:111,c:6                              
                                                                                                                  
[2].write.exp         2 (1:FALSE)      --              FALSE  bn_float32.h,l:111,c:6                              
                                                                                                                  
[2].write.man         2 (1:FALSE)      --              FALSE  bn_float32.h,l:111,c:6                              
                                                                                                                  
[3].write.sign        2 (1:FALSE)      --              FALSE  bn_float32.h,l:111,c:6                              
                                                                                                                  
[3].write.exp         2 (1:FALSE)      --              FALSE  bn_float32.h,l:111,c:6                              
                                                                                                                  
[3].write.man         2 (1:FALSE)      --              FALSE  bn_float32.h,l:111,c:6                              
                                                                                                                  
[4].write.sign        2 (1:FALSE)      --              FALSE  bn_float32.h,l:111,c:6                              
                                                                                                                  
[4].write.exp         2 (1:FALSE)      --              FALSE  bn_float32.h,l:111,c:6                              
                                                                                                                  
[4].write.man         2 (1:FALSE)      --              FALSE  bn_float32.h,l:111,c:6                              
                                                                                                                  
[5].write.sign        2 (1:FALSE)      --              FALSE  bn_float32.h,l:111,c:6                              
                                                                                                                  
[5].write.exp         2 (1:FALSE)      --              FALSE  bn_float32.h,l:111,c:6                              
                                                                                                                  
[5].write.man         2 (1:FALSE)      --              FALSE  bn_float32.h,l:111,c:6                              
                                                                                                                  
[6].write.sign        2 (1:FALSE)      --              FALSE  bn_float32.h,l:111,c:6                              
                                                                                                                  
[6].write.exp         2 (1:FALSE)      --              FALSE  bn_float32.h,l:111,c:6                              
                                                                                                                  
[6].write.man         2 (1:FALSE)      --              FALSE  bn_float32.h,l:111,c:6                              
                                                                                                                  
[7].write.sign        2 (1:FALSE)      --              FALSE  bn_float32.h,l:111,c:6                              
                                                                                                                  
[7].write.exp         2 (1:FALSE)      --              FALSE  bn_float32.h,l:111,c:6                              
                                                                                                                  
[7].write.man         2 (1:FALSE)      --              FALSE  bn_float32.h,l:111,c:6                              
                                                                                                                  
enable                4 (3:TRUE)       --              FALSE  bn_float32.h,l:15,c:15 -> l:114,c:14                
                                                                                                                  
src                   5 (4:FALSE)      --              FALSE  bn_float32.h,l:17,c:73                              
                                                                                                                  
[0].operator=.sign    5 (4:FALSE)      --              FALSE  bn_float32.h,l:119,c:6                              
                                                                                                                  
src                   5 (4:FALSE)      --              FALSE  bn_float32.h,l:17,c:73                              
                                                                                                                  
[0].operator=.exp     5 (4:FALSE)      --              FALSE  bn_float32.h,l:119,c:6                              
                                                                                                                  
src                   5 (4:FALSE)      --              FALSE  bn_float32.h,l:17,c:73                              
                                                                                                                  
[0].operator=.man     5 (4:FALSE)      --              FALSE  bn_float32.h,l:119,c:6                              
                                                                                                                  
src                   5 (4:FALSE)      --              FALSE  bn_float32.h,l:17,c:73                              
                                                                                                                  
[1].operator=.sign    5 (4:FALSE)      --              FALSE  bn_float32.h,l:119,c:6                              
                                                                                                                  
src                   5 (4:FALSE)      --              FALSE  bn_float32.h,l:17,c:73                              
                                                                                                                  
[1].operator=.exp     5 (4:FALSE)      --              FALSE  bn_float32.h,l:119,c:6                              
                                                                                                                  
src                   5 (4:FALSE)      --              FALSE  bn_float32.h,l:17,c:73                              
                                                                                                                  
[1].operator=.man     5 (4:FALSE)      --              FALSE  bn_float32.h,l:119,c:6                              
                                                                                                                  
src                   5 (4:FALSE)      --              FALSE  bn_float32.h,l:17,c:73                              
                                                                                                                  
[2].operator=.sign    5 (4:FALSE)      --              FALSE  bn_float32.h,l:119,c:6                              
                                                                                                                  
src                   5 (4:FALSE)      --              FALSE  bn_float32.h,l:17,c:73                              
                                                                                                                  
[2].operator=.exp     5 (4:FALSE)      --              FALSE  bn_float32.h,l:119,c:6                              
                                                                                                                  
src                   5 (4:FALSE)      --              FALSE  bn_float32.h,l:17,c:73                              
                                                                                                                  
[2].operator=.man     5 (4:FALSE)      --              FALSE  bn_float32.h,l:119,c:6                              
                                                                                                                  
src                   5 (4:FALSE)      --              FALSE  bn_float32.h,l:17,c:73                              
                                                                                                                  
[3].operator=.sign    5 (4:FALSE)      --              FALSE  bn_float32.h,l:119,c:6                              
                                                                                                                  
src                   5 (4:FALSE)      --              FALSE  bn_float32.h,l:17,c:73                              
                                                                                                                  
[3].operator=.exp     5 (4:FALSE)      --              FALSE  bn_float32.h,l:119,c:6                              
                                                                                                                  
src                   5 (4:FALSE)      --              FALSE  bn_float32.h,l:17,c:73                              
                                                                                                                  
[3].operator=.man     5 (4:FALSE)      --              FALSE  bn_float32.h,l:119,c:6                              
                                                                                                                  
src                   5 (4:FALSE)      --              FALSE  bn_float32.h,l:17,c:73                              
                                                                                                                  
[4].operator=.sign    5 (4:FALSE)      --              FALSE  bn_float32.h,l:119,c:6                              
                                                                                                                  
src                   5 (4:FALSE)      --              FALSE  bn_float32.h,l:17,c:73                              
                                                                                                                  
[4].operator=.exp     5 (4:FALSE)      --              FALSE  bn_float32.h,l:119,c:6                              
                                                                                                                  
src                   5 (4:FALSE)      --              FALSE  bn_float32.h,l:17,c:73                              
                                                                                                                  
[4].operator=.man     5 (4:FALSE)      --              FALSE  bn_float32.h,l:119,c:6                              
                                                                                                                  
src                   5 (4:FALSE)      --              FALSE  bn_float32.h,l:17,c:73                              
                                                                                                                  
[5].operator=.sign    5 (4:FALSE)      --              FALSE  bn_float32.h,l:119,c:6                              
                                                                                                                  
src                   5 (4:FALSE)      --              FALSE  bn_float32.h,l:17,c:73                              
                                                                                                                  
[5].operator=.exp     5 (4:FALSE)      --              FALSE  bn_float32.h,l:119,c:6                              
                                                                                                                  
src                   5 (4:FALSE)      --              FALSE  bn_float32.h,l:17,c:73                              
                                                                                                                  
[5].operator=.man     5 (4:FALSE)      --              FALSE  bn_float32.h,l:119,c:6                              
                                                                                                                  
src                   5 (4:FALSE)      --              FALSE  bn_float32.h,l:17,c:73                              
                                                                                                                  
[6].operator=.sign    5 (4:FALSE)      --              FALSE  bn_float32.h,l:119,c:6                              
                                                                                                                  
src                   5 (4:FALSE)      --              FALSE  bn_float32.h,l:17,c:73                              
                                                                                                                  
[6].operator=.exp     5 (4:FALSE)      --              FALSE  bn_float32.h,l:119,c:6                              
                                                                                                                  
src                   5 (4:FALSE)      --              FALSE  bn_float32.h,l:17,c:73                              
                                                                                                                  
[6].operator=.man     5 (4:FALSE)      --              FALSE  bn_float32.h,l:119,c:6                              
                                                                                                                  
src                   5 (4:FALSE)      --              FALSE  bn_float32.h,l:17,c:73                              
                                                                                                                  
[7].operator=.sign    5 (4:FALSE)      --              FALSE  bn_float32.h,l:119,c:6                              
                                                                                                                  
src                   5 (4:FALSE)      --              FALSE  bn_float32.h,l:17,c:73                              
                                                                                                                  
[7].operator=.exp     5 (4:FALSE)      --              FALSE  bn_float32.h,l:119,c:6                              
                                                                                                                  
src                   5 (4:FALSE)      --              FALSE  bn_float32.h,l:17,c:73                              
                                                                                                                  
[7].operator=.man     5 (4:FALSE)      --              FALSE  bn_float32.h,l:119,c:6                              
                                                                                                                  
add_result            6 (5:FALSE)      --              FALSE  bn_float32.h,l:45,c:77                              
                                                                                                                  
[0].operator=.sign    6 (5:FALSE)      --              FALSE  bn_float32.h,l:115,c:6                              
                                                                                                                  
add_result            6 (5:FALSE)      --              FALSE  bn_float32.h,l:45,c:77                              
                                                                                                                  
[0].operator=.exp     6 (5:FALSE)      --              FALSE  bn_float32.h,l:115,c:6                              
                                                                                                                  
add_result            6 (5:FALSE)      --              FALSE  bn_float32.h,l:45,c:77                              
                                                                                                                  
[0].operator=.man     6 (5:FALSE)      --              FALSE  bn_float32.h,l:115,c:6                              
                                                                                                                  
add_result            6 (5:FALSE)      --              FALSE  bn_float32.h,l:45,c:77                              
                                                                                                                  
[1].operator=.sign    6 (5:FALSE)      --              FALSE  bn_float32.h,l:115,c:6                              
                                                                                                                  
add_result            6 (5:FALSE)      --              FALSE  bn_float32.h,l:45,c:77                              
                                                                                                                  
[1].operator=.exp     6 (5:FALSE)      --              FALSE  bn_float32.h,l:115,c:6                              
                                                                                                                  
add_result            6 (5:FALSE)      --              FALSE  bn_float32.h,l:45,c:77                              
                                                                                                                  
[1].operator=.man     6 (5:FALSE)      --              FALSE  bn_float32.h,l:115,c:6                              
                                                                                                                  
add_result            6 (5:FALSE)      --              FALSE  bn_float32.h,l:45,c:77                              
                                                                                                                  
[2].operator=.sign    6 (5:FALSE)      --              FALSE  bn_float32.h,l:115,c:6                              
                                                                                                                  
add_result            6 (5:FALSE)      --              FALSE  bn_float32.h,l:45,c:77                              
                                                                                                                  
[2].operator=.exp     6 (5:FALSE)      --              FALSE  bn_float32.h,l:115,c:6                              
                                                                                                                  
add_result            6 (5:FALSE)      --              FALSE  bn_float32.h,l:45,c:77                              
                                                                                                                  
[2].operator=.man     6 (5:FALSE)      --              FALSE  bn_float32.h,l:115,c:6                              
                                                                                                                  
add_result            6 (5:FALSE)      --              FALSE  bn_float32.h,l:45,c:77                              
                                                                                                                  
[3].operator=.sign    6 (5:FALSE)      --              FALSE  bn_float32.h,l:115,c:6                              
                                                                                                                  
add_result            6 (5:FALSE)      --              FALSE  bn_float32.h,l:45,c:77                              
                                                                                                                  
[3].operator=.exp     6 (5:FALSE)      --              FALSE  bn_float32.h,l:115,c:6                              
                                                                                                                  
add_result            6 (5:FALSE)      --              FALSE  bn_float32.h,l:45,c:77                              
                                                                                                                  
[3].operator=.man     6 (5:FALSE)      --              FALSE  bn_float32.h,l:115,c:6                              
                                                                                                                  
add_result            6 (5:FALSE)      --              FALSE  bn_float32.h,l:45,c:77                              
                                                                                                                  
[4].operator=.sign    6 (5:FALSE)      --              FALSE  bn_float32.h,l:115,c:6                              
                                                                                                                  
add_result            6 (5:FALSE)      --              FALSE  bn_float32.h,l:45,c:77                              
                                                                                                                  
[4].operator=.exp     6 (5:FALSE)      --              FALSE  bn_float32.h,l:115,c:6                              
                                                                                                                  
add_result            6 (5:FALSE)      --              FALSE  bn_float32.h,l:45,c:77                              
                                                                                                                  
[4].operator=.man     6 (5:FALSE)      --              FALSE  bn_float32.h,l:115,c:6                              
                                                                                                                  
add_result            6 (5:FALSE)      --              FALSE  bn_float32.h,l:45,c:77                              
                                                                                                                  
[5].operator=.sign    6 (5:FALSE)      --              FALSE  bn_float32.h,l:115,c:6                              
                                                                                                                  
add_result            6 (5:FALSE)      --              FALSE  bn_float32.h,l:45,c:77                              
                                                                                                                  
[5].operator=.exp     6 (5:FALSE)      --              FALSE  bn_float32.h,l:115,c:6                              
                                                                                                                  
add_result            6 (5:FALSE)      --              FALSE  bn_float32.h,l:45,c:77                              
                                                                                                                  
[5].operator=.man     6 (5:FALSE)      --              FALSE  bn_float32.h,l:115,c:6                              
                                                                                                                  
add_result            6 (5:FALSE)      --              FALSE  bn_float32.h,l:45,c:77                              
                                                                                                                  
[6].operator=.sign    6 (5:FALSE)      --              FALSE  bn_float32.h,l:115,c:6                              
                                                                                                                  
add_result            6 (5:FALSE)      --              FALSE  bn_float32.h,l:45,c:77                              
                                                                                                                  
[6].operator=.exp     6 (5:FALSE)      --              FALSE  bn_float32.h,l:115,c:6                              
                                                                                                                  
add_result            6 (5:FALSE)      --              FALSE  bn_float32.h,l:45,c:77                              
                                                                                                                  
[6].operator=.man     6 (5:FALSE)      --              FALSE  bn_float32.h,l:115,c:6                              
                                                                                                                  
add_result            6 (5:FALSE)      --              FALSE  bn_float32.h,l:45,c:77                              
                                                                                                                  
[7].operator=.sign    6 (5:FALSE)      --              FALSE  bn_float32.h,l:115,c:6                              
                                                                                                                  
add_result            6 (5:FALSE)      --              FALSE  bn_float32.h,l:45,c:77                              
                                                                                                                  
[7].operator=.exp     6 (5:FALSE)      --              FALSE  bn_float32.h,l:115,c:6                              
                                                                                                                  
add_result            6 (5:FALSE)      --              FALSE  bn_float32.h,l:45,c:77                              
                                                                                                                  
[7].operator=.man     6 (5:FALSE)      --              FALSE  bn_float32.h,l:115,c:6                              
                                                                                                                  
                                                                                                                  
Scheduler report for : _delay                                                                                     
-----------------------------                                                                                            
                                                                                                                  
Op                    SID(BB;Clocked)  Pipeline Stage  IS     SRCLOC                                              
--                    ---------------  --------------  --     ------                                              
                                                                                                                  
r_src.sign[0].[0]     2 (1:FALSE)      --              FALSE  @(f:bn_float32.h,l:30,c:77->f:/usr/cadence/install  
                                                                                                                  
r_src.exp[0].[0]      2 (1:FALSE)      --              FALSE  @(f:bn_float32.h,l:30,c:77->f:/usr/cadence/install  
                                                                                                                  
r_src.man[0].[0]      2 (1:FALSE)      --              FALSE  @(f:bn_float32.h,l:30,c:77->f:/usr/cadence/install  
                                                                                                                  
r1_add_coeff.sign[0]  2 (1:FALSE)      --              FALSE  @(f:bn_float32.h,l:29,c:77->f:/usr/cadence/install  
                                                                                                                  
r1_add_coeff.exp[0].  2 (1:FALSE)      --              FALSE  @(f:bn_float32.h,l:29,c:77->f:/usr/cadence/install  
                                                                                                                  
r1_add_coeff.man[0].  2 (1:FALSE)      --              FALSE  @(f:bn_float32.h,l:29,c:77->f:/usr/cadence/install  
                                                                                                                  
r_src.sign[1].[1]     2 (1:FALSE)      --              FALSE  @(f:bn_float32.h,l:30,c:77->f:/usr/cadence/install  
                                                                                                                  
r_src.exp[1].[1]      2 (1:FALSE)      --              FALSE  @(f:bn_float32.h,l:30,c:77->f:/usr/cadence/install  
                                                                                                                  
r_src.man[1].[1]      2 (1:FALSE)      --              FALSE  @(f:bn_float32.h,l:30,c:77->f:/usr/cadence/install  
                                                                                                                  
r1_add_coeff.sign[1]  2 (1:FALSE)      --              FALSE  @(f:bn_float32.h,l:29,c:77->f:/usr/cadence/install  
                                                                                                                  
r1_add_coeff.exp[1].  2 (1:FALSE)      --              FALSE  @(f:bn_float32.h,l:29,c:77->f:/usr/cadence/install  
                                                                                                                  
r1_add_coeff.man[1].  2 (1:FALSE)      --              FALSE  @(f:bn_float32.h,l:29,c:77->f:/usr/cadence/install  
                                                                                                                  
r_src.sign[2].[2]     2 (1:FALSE)      --              FALSE  @(f:bn_float32.h,l:30,c:77->f:/usr/cadence/install  
                                                                                                                  
r_src.exp[2].[2]      2 (1:FALSE)      --              FALSE  @(f:bn_float32.h,l:30,c:77->f:/usr/cadence/install  
                                                                                                                  
r_src.man[2].[2]      2 (1:FALSE)      --              FALSE  @(f:bn_float32.h,l:30,c:77->f:/usr/cadence/install  
                                                                                                                  
r1_add_coeff.sign[2]  2 (1:FALSE)      --              FALSE  @(f:bn_float32.h,l:29,c:77->f:/usr/cadence/install  
                                                                                                                  
r1_add_coeff.exp[2].  2 (1:FALSE)      --              FALSE  @(f:bn_float32.h,l:29,c:77->f:/usr/cadence/install  
                                                                                                                  
r1_add_coeff.man[2].  2 (1:FALSE)      --              FALSE  @(f:bn_float32.h,l:29,c:77->f:/usr/cadence/install  
                                                                                                                  
r_src.sign[3].[3]     2 (1:FALSE)      --              FALSE  @(f:bn_float32.h,l:30,c:77->f:/usr/cadence/install  
                                                                                                                  
r_src.exp[3].[3]      2 (1:FALSE)      --              FALSE  @(f:bn_float32.h,l:30,c:77->f:/usr/cadence/install  
                                                                                                                  
r_src.man[3].[3]      2 (1:FALSE)      --              FALSE  @(f:bn_float32.h,l:30,c:77->f:/usr/cadence/install  
                                                                                                                  
r1_add_coeff.sign[3]  2 (1:FALSE)      --              FALSE  @(f:bn_float32.h,l:29,c:77->f:/usr/cadence/install  
                                                                                                                  
r1_add_coeff.exp[3].  2 (1:FALSE)      --              FALSE  @(f:bn_float32.h,l:29,c:77->f:/usr/cadence/install  
                                                                                                                  
r1_add_coeff.man[3].  2 (1:FALSE)      --              FALSE  @(f:bn_float32.h,l:29,c:77->f:/usr/cadence/install  
                                                                                                                  
r_src.sign[4].[4]     2 (1:FALSE)      --              FALSE  @(f:bn_float32.h,l:30,c:77->f:/usr/cadence/install  
                                                                                                                  
r_src.exp[4].[4]      2 (1:FALSE)      --              FALSE  @(f:bn_float32.h,l:30,c:77->f:/usr/cadence/install  
                                                                                                                  
r_src.man[4].[4]      2 (1:FALSE)      --              FALSE  @(f:bn_float32.h,l:30,c:77->f:/usr/cadence/install  
                                                                                                                  
r1_add_coeff.sign[4]  2 (1:FALSE)      --              FALSE  @(f:bn_float32.h,l:29,c:77->f:/usr/cadence/install  
                                                                                                                  
r1_add_coeff.exp[4].  2 (1:FALSE)      --              FALSE  @(f:bn_float32.h,l:29,c:77->f:/usr/cadence/install  
                                                                                                                  
r1_add_coeff.man[4].  2 (1:FALSE)      --              FALSE  @(f:bn_float32.h,l:29,c:77->f:/usr/cadence/install  
                                                                                                                  
r_src.sign[5].[5]     2 (1:FALSE)      --              FALSE  @(f:bn_float32.h,l:30,c:77->f:/usr/cadence/install  
                                                                                                                  
r_src.exp[5].[5]      2 (1:FALSE)      --              FALSE  @(f:bn_float32.h,l:30,c:77->f:/usr/cadence/install  
                                                                                                                  
r_src.man[5].[5]      2 (1:FALSE)      --              FALSE  @(f:bn_float32.h,l:30,c:77->f:/usr/cadence/install  
                                                                                                                  
r1_add_coeff.sign[5]  2 (1:FALSE)      --              FALSE  @(f:bn_float32.h,l:29,c:77->f:/usr/cadence/install  
                                                                                                                  
r1_add_coeff.exp[5].  2 (1:FALSE)      --              FALSE  @(f:bn_float32.h,l:29,c:77->f:/usr/cadence/install  
                                                                                                                  
r1_add_coeff.man[5].  2 (1:FALSE)      --              FALSE  @(f:bn_float32.h,l:29,c:77->f:/usr/cadence/install  
                                                                                                                  
r_src.sign[6].[6]     2 (1:FALSE)      --              FALSE  @(f:bn_float32.h,l:30,c:77->f:/usr/cadence/install  
                                                                                                                  
r_src.exp[6].[6]      2 (1:FALSE)      --              FALSE  @(f:bn_float32.h,l:30,c:77->f:/usr/cadence/install  
                                                                                                                  
r_src.man[6].[6]      2 (1:FALSE)      --              FALSE  @(f:bn_float32.h,l:30,c:77->f:/usr/cadence/install  
                                                                                                                  
r1_add_coeff.sign[6]  2 (1:FALSE)      --              FALSE  @(f:bn_float32.h,l:29,c:77->f:/usr/cadence/install  
                                                                                                                  
r1_add_coeff.exp[6].  2 (1:FALSE)      --              FALSE  @(f:bn_float32.h,l:29,c:77->f:/usr/cadence/install  
                                                                                                                  
r1_add_coeff.man[6].  2 (1:FALSE)      --              FALSE  @(f:bn_float32.h,l:29,c:77->f:/usr/cadence/install  
                                                                                                                  
r_src.sign[7].[7]     2 (1:FALSE)      --              FALSE  @(f:bn_float32.h,l:30,c:77->f:/usr/cadence/install  
                                                                                                                  
r_src.exp[7].[7]      2 (1:FALSE)      --              FALSE  @(f:bn_float32.h,l:30,c:77->f:/usr/cadence/install  
                                                                                                                  
r_src.man[7].[7]      2 (1:FALSE)      --              FALSE  @(f:bn_float32.h,l:30,c:77->f:/usr/cadence/install  
                                                                                                                  
r1_add_coeff.sign[7]  2 (1:FALSE)      --              FALSE  @(f:bn_float32.h,l:29,c:77->f:/usr/cadence/install  
                                                                                                                  
r1_add_coeff.exp[7].  2 (1:FALSE)      --              FALSE  @(f:bn_float32.h,l:29,c:77->f:/usr/cadence/install  
                                                                                                                  
r1_add_coeff.man[7].  2 (1:FALSE)      --              FALSE  @(f:bn_float32.h,l:29,c:77->f:/usr/cadence/install  
                                                                                                                  
r_src_valid           2 (1:FALSE)      --              FALSE  bn_float32.h,l:33,c:19 -> l:58,c:2                  
                                                                                                                  
src.sign[0].[0]       4 (3:TRUE)       --              FALSE  @(f:bn_float32.h,l:17,c:73->f:/usr/cadence/install  
                                                                                                                  
src.exp[0].[0]        4 (3:TRUE)       --              FALSE  @(f:bn_float32.h,l:17,c:73->f:/usr/cadence/install  
                                                                                                                  
src.man[0].[0]        4 (3:TRUE)       --              FALSE  @(f:bn_float32.h,l:17,c:73->f:/usr/cadence/install  
                                                                                                                  
add_coeff.sign[0].[0  4 (3:TRUE)       --              FALSE  @(f:bn_float32.h,l:20,c:73->f:/usr/cadence/install  
                                                                                                                  
add_coeff.exp[0].[0]  4 (3:TRUE)       --              FALSE  @(f:bn_float32.h,l:20,c:73->f:/usr/cadence/install  
                                                                                                                  
add_coeff.man[0].[0]  4 (3:TRUE)       --              FALSE  @(f:bn_float32.h,l:20,c:73->f:/usr/cadence/install  
                                                                                                                  
src.sign[1].[1]       4 (3:TRUE)       --              FALSE  @(f:bn_float32.h,l:17,c:73->f:/usr/cadence/install  
                                                                                                                  
src.exp[1].[1]        4 (3:TRUE)       --              FALSE  @(f:bn_float32.h,l:17,c:73->f:/usr/cadence/install  
                                                                                                                  
src.man[1].[1]        4 (3:TRUE)       --              FALSE  @(f:bn_float32.h,l:17,c:73->f:/usr/cadence/install  
                                                                                                                  
add_coeff.sign[1].[1  4 (3:TRUE)       --              FALSE  @(f:bn_float32.h,l:20,c:73->f:/usr/cadence/install  
                                                                                                                  
add_coeff.exp[1].[1]  4 (3:TRUE)       --              FALSE  @(f:bn_float32.h,l:20,c:73->f:/usr/cadence/install  
                                                                                                                  
add_coeff.man[1].[1]  4 (3:TRUE)       --              FALSE  @(f:bn_float32.h,l:20,c:73->f:/usr/cadence/install  
                                                                                                                  
src.sign[2].[2]       4 (3:TRUE)       --              FALSE  @(f:bn_float32.h,l:17,c:73->f:/usr/cadence/install  
                                                                                                                  
src.exp[2].[2]        4 (3:TRUE)       --              FALSE  @(f:bn_float32.h,l:17,c:73->f:/usr/cadence/install  
                                                                                                                  
src.man[2].[2]        4 (3:TRUE)       --              FALSE  @(f:bn_float32.h,l:17,c:73->f:/usr/cadence/install  
                                                                                                                  
add_coeff.sign[2].[2  4 (3:TRUE)       --              FALSE  @(f:bn_float32.h,l:20,c:73->f:/usr/cadence/install  
                                                                                                                  
add_coeff.exp[2].[2]  4 (3:TRUE)       --              FALSE  @(f:bn_float32.h,l:20,c:73->f:/usr/cadence/install  
                                                                                                                  
add_coeff.man[2].[2]  4 (3:TRUE)       --              FALSE  @(f:bn_float32.h,l:20,c:73->f:/usr/cadence/install  
                                                                                                                  
src.sign[3].[3]       4 (3:TRUE)       --              FALSE  @(f:bn_float32.h,l:17,c:73->f:/usr/cadence/install  
                                                                                                                  
src.exp[3].[3]        4 (3:TRUE)       --              FALSE  @(f:bn_float32.h,l:17,c:73->f:/usr/cadence/install  
                                                                                                                  
src.man[3].[3]        4 (3:TRUE)       --              FALSE  @(f:bn_float32.h,l:17,c:73->f:/usr/cadence/install  
                                                                                                                  
add_coeff.sign[3].[3  4 (3:TRUE)       --              FALSE  @(f:bn_float32.h,l:20,c:73->f:/usr/cadence/install  
                                                                                                                  
add_coeff.exp[3].[3]  4 (3:TRUE)       --              FALSE  @(f:bn_float32.h,l:20,c:73->f:/usr/cadence/install  
                                                                                                                  
add_coeff.man[3].[3]  4 (3:TRUE)       --              FALSE  @(f:bn_float32.h,l:20,c:73->f:/usr/cadence/install  
                                                                                                                  
src.sign[4].[4]       4 (3:TRUE)       --              FALSE  @(f:bn_float32.h,l:17,c:73->f:/usr/cadence/install  
                                                                                                                  
src.exp[4].[4]        4 (3:TRUE)       --              FALSE  @(f:bn_float32.h,l:17,c:73->f:/usr/cadence/install  
                                                                                                                  
src.man[4].[4]        4 (3:TRUE)       --              FALSE  @(f:bn_float32.h,l:17,c:73->f:/usr/cadence/install  
                                                                                                                  
add_coeff.sign[4].[4  4 (3:TRUE)       --              FALSE  @(f:bn_float32.h,l:20,c:73->f:/usr/cadence/install  
                                                                                                                  
add_coeff.exp[4].[4]  4 (3:TRUE)       --              FALSE  @(f:bn_float32.h,l:20,c:73->f:/usr/cadence/install  
                                                                                                                  
add_coeff.man[4].[4]  4 (3:TRUE)       --              FALSE  @(f:bn_float32.h,l:20,c:73->f:/usr/cadence/install  
                                                                                                                  
src.sign[5].[5]       4 (3:TRUE)       --              FALSE  @(f:bn_float32.h,l:17,c:73->f:/usr/cadence/install  
                                                                                                                  
src.exp[5].[5]        4 (3:TRUE)       --              FALSE  @(f:bn_float32.h,l:17,c:73->f:/usr/cadence/install  
                                                                                                                  
src.man[5].[5]        4 (3:TRUE)       --              FALSE  @(f:bn_float32.h,l:17,c:73->f:/usr/cadence/install  
                                                                                                                  
add_coeff.sign[5].[5  4 (3:TRUE)       --              FALSE  @(f:bn_float32.h,l:20,c:73->f:/usr/cadence/install  
                                                                                                                  
add_coeff.exp[5].[5]  4 (3:TRUE)       --              FALSE  @(f:bn_float32.h,l:20,c:73->f:/usr/cadence/install  
                                                                                                                  
add_coeff.man[5].[5]  4 (3:TRUE)       --              FALSE  @(f:bn_float32.h,l:20,c:73->f:/usr/cadence/install  
                                                                                                                  
src.sign[6].[6]       4 (3:TRUE)       --              FALSE  @(f:bn_float32.h,l:17,c:73->f:/usr/cadence/install  
                                                                                                                  
src.exp[6].[6]        4 (3:TRUE)       --              FALSE  @(f:bn_float32.h,l:17,c:73->f:/usr/cadence/install  
                                                                                                                  
src.man[6].[6]        4 (3:TRUE)       --              FALSE  @(f:bn_float32.h,l:17,c:73->f:/usr/cadence/install  
                                                                                                                  
add_coeff.sign[6].[6  4 (3:TRUE)       --              FALSE  @(f:bn_float32.h,l:20,c:73->f:/usr/cadence/install  
                                                                                                                  
add_coeff.exp[6].[6]  4 (3:TRUE)       --              FALSE  @(f:bn_float32.h,l:20,c:73->f:/usr/cadence/install  
                                                                                                                  
add_coeff.man[6].[6]  4 (3:TRUE)       --              FALSE  @(f:bn_float32.h,l:20,c:73->f:/usr/cadence/install  
                                                                                                                  
src.sign[7].[7]       4 (3:TRUE)       --              FALSE  @(f:bn_float32.h,l:17,c:73->f:/usr/cadence/install  
                                                                                                                  
src.exp[7].[7]        4 (3:TRUE)       --              FALSE  @(f:bn_float32.h,l:17,c:73->f:/usr/cadence/install  
                                                                                                                  
src.man[7].[7]        4 (3:TRUE)       --              FALSE  @(f:bn_float32.h,l:17,c:73->f:/usr/cadence/install  
                                                                                                                  
add_coeff.sign[7].[7  4 (3:TRUE)       --              FALSE  @(f:bn_float32.h,l:20,c:73->f:/usr/cadence/install  
                                                                                                                  
add_coeff.exp[7].[7]  4 (3:TRUE)       --              FALSE  @(f:bn_float32.h,l:20,c:73->f:/usr/cadence/install  
                                                                                                                  
add_coeff.man[7].[7]  4 (3:TRUE)       --              FALSE  @(f:bn_float32.h,l:20,c:73->f:/usr/cadence/install  
                                                                                                                  
src_valid             4 (3:TRUE)       --              FALSE  bn_float32.h,l:16,c:15 -> l:69,c:16                 
                                                                                                                  
r_src_valid           4 (3:TRUE)       --              FALSE  bn_float32.h,l:33,c:19 -> l:69,c:2                  
                                                                                                                  
r1_add_coeff.man[7].  4 (3:TRUE)       --              FALSE  @(f:bn_float32.h,l:29,c:77->f:/usr/cadence/install  
                                                                                                                  
r1_add_coeff.exp[7].  4 (3:TRUE)       --              FALSE  @(f:bn_float32.h,l:29,c:77->f:/usr/cadence/install  
                                                                                                                  
r1_add_coeff.sign[7]  4 (3:TRUE)       --              FALSE  @(f:bn_float32.h,l:29,c:77->f:/usr/cadence/install  
                                                                                                                  
r_src.man[7].[7]      4 (3:TRUE)       --              FALSE  @(f:bn_float32.h,l:30,c:77->f:/usr/cadence/install  
                                                                                                                  
r_src.exp[7].[7]      4 (3:TRUE)       --              FALSE  @(f:bn_float32.h,l:30,c:77->f:/usr/cadence/install  
                                                                                                                  
r_src.sign[7].[7]     4 (3:TRUE)       --              FALSE  @(f:bn_float32.h,l:30,c:77->f:/usr/cadence/install  
                                                                                                                  
r1_add_coeff.man[6].  4 (3:TRUE)       --              FALSE  @(f:bn_float32.h,l:29,c:77->f:/usr/cadence/install  
                                                                                                                  
r1_add_coeff.exp[6].  4 (3:TRUE)       --              FALSE  @(f:bn_float32.h,l:29,c:77->f:/usr/cadence/install  
                                                                                                                  
r1_add_coeff.sign[6]  4 (3:TRUE)       --              FALSE  @(f:bn_float32.h,l:29,c:77->f:/usr/cadence/install  
                                                                                                                  
r_src.man[6].[6]      4 (3:TRUE)       --              FALSE  @(f:bn_float32.h,l:30,c:77->f:/usr/cadence/install  
                                                                                                                  
r_src.exp[6].[6]      4 (3:TRUE)       --              FALSE  @(f:bn_float32.h,l:30,c:77->f:/usr/cadence/install  
                                                                                                                  
r_src.sign[6].[6]     4 (3:TRUE)       --              FALSE  @(f:bn_float32.h,l:30,c:77->f:/usr/cadence/install  
                                                                                                                  
r1_add_coeff.man[5].  4 (3:TRUE)       --              FALSE  @(f:bn_float32.h,l:29,c:77->f:/usr/cadence/install  
                                                                                                                  
r1_add_coeff.exp[5].  4 (3:TRUE)       --              FALSE  @(f:bn_float32.h,l:29,c:77->f:/usr/cadence/install  
                                                                                                                  
r1_add_coeff.sign[5]  4 (3:TRUE)       --              FALSE  @(f:bn_float32.h,l:29,c:77->f:/usr/cadence/install  
                                                                                                                  
r_src.man[5].[5]      4 (3:TRUE)       --              FALSE  @(f:bn_float32.h,l:30,c:77->f:/usr/cadence/install  
                                                                                                                  
r_src.exp[5].[5]      4 (3:TRUE)       --              FALSE  @(f:bn_float32.h,l:30,c:77->f:/usr/cadence/install  
                                                                                                                  
r_src.sign[5].[5]     4 (3:TRUE)       --              FALSE  @(f:bn_float32.h,l:30,c:77->f:/usr/cadence/install  
                                                                                                                  
r1_add_coeff.man[4].  4 (3:TRUE)       --              FALSE  @(f:bn_float32.h,l:29,c:77->f:/usr/cadence/install  
                                                                                                                  
r1_add_coeff.exp[4].  4 (3:TRUE)       --              FALSE  @(f:bn_float32.h,l:29,c:77->f:/usr/cadence/install  
                                                                                                                  
r1_add_coeff.sign[4]  4 (3:TRUE)       --              FALSE  @(f:bn_float32.h,l:29,c:77->f:/usr/cadence/install  
                                                                                                                  
r_src.man[4].[4]      4 (3:TRUE)       --              FALSE  @(f:bn_float32.h,l:30,c:77->f:/usr/cadence/install  
                                                                                                                  
r_src.exp[4].[4]      4 (3:TRUE)       --              FALSE  @(f:bn_float32.h,l:30,c:77->f:/usr/cadence/install  
                                                                                                                  
r_src.sign[4].[4]     4 (3:TRUE)       --              FALSE  @(f:bn_float32.h,l:30,c:77->f:/usr/cadence/install  
                                                                                                                  
r1_add_coeff.man[3].  4 (3:TRUE)       --              FALSE  @(f:bn_float32.h,l:29,c:77->f:/usr/cadence/install  
                                                                                                                  
r1_add_coeff.exp[3].  4 (3:TRUE)       --              FALSE  @(f:bn_float32.h,l:29,c:77->f:/usr/cadence/install  
                                                                                                                  
r1_add_coeff.sign[3]  4 (3:TRUE)       --              FALSE  @(f:bn_float32.h,l:29,c:77->f:/usr/cadence/install  
                                                                                                                  
r_src.man[3].[3]      4 (3:TRUE)       --              FALSE  @(f:bn_float32.h,l:30,c:77->f:/usr/cadence/install  
                                                                                                                  
r_src.exp[3].[3]      4 (3:TRUE)       --              FALSE  @(f:bn_float32.h,l:30,c:77->f:/usr/cadence/install  
                                                                                                                  
r_src.sign[3].[3]     4 (3:TRUE)       --              FALSE  @(f:bn_float32.h,l:30,c:77->f:/usr/cadence/install  
                                                                                                                  
r1_add_coeff.man[2].  4 (3:TRUE)       --              FALSE  @(f:bn_float32.h,l:29,c:77->f:/usr/cadence/install  
                                                                                                                  
r1_add_coeff.exp[2].  4 (3:TRUE)       --              FALSE  @(f:bn_float32.h,l:29,c:77->f:/usr/cadence/install  
                                                                                                                  
r1_add_coeff.sign[2]  4 (3:TRUE)       --              FALSE  @(f:bn_float32.h,l:29,c:77->f:/usr/cadence/install  
                                                                                                                  
r_src.man[2].[2]      4 (3:TRUE)       --              FALSE  @(f:bn_float32.h,l:30,c:77->f:/usr/cadence/install  
                                                                                                                  
r_src.exp[2].[2]      4 (3:TRUE)       --              FALSE  @(f:bn_float32.h,l:30,c:77->f:/usr/cadence/install  
                                                                                                                  
r_src.sign[2].[2]     4 (3:TRUE)       --              FALSE  @(f:bn_float32.h,l:30,c:77->f:/usr/cadence/install  
                                                                                                                  
r1_add_coeff.man[1].  4 (3:TRUE)       --              FALSE  @(f:bn_float32.h,l:29,c:77->f:/usr/cadence/install  
                                                                                                                  
r1_add_coeff.exp[1].  4 (3:TRUE)       --              FALSE  @(f:bn_float32.h,l:29,c:77->f:/usr/cadence/install  
                                                                                                                  
r1_add_coeff.sign[1]  4 (3:TRUE)       --              FALSE  @(f:bn_float32.h,l:29,c:77->f:/usr/cadence/install  
                                                                                                                  
r_src.man[1].[1]      4 (3:TRUE)       --              FALSE  @(f:bn_float32.h,l:30,c:77->f:/usr/cadence/install  
                                                                                                                  
r_src.exp[1].[1]      4 (3:TRUE)       --              FALSE  @(f:bn_float32.h,l:30,c:77->f:/usr/cadence/install  
                                                                                                                  
r_src.sign[1].[1]     4 (3:TRUE)       --              FALSE  @(f:bn_float32.h,l:30,c:77->f:/usr/cadence/install  
                                                                                                                  
r1_add_coeff.man[0].  4 (3:TRUE)       --              FALSE  @(f:bn_float32.h,l:29,c:77->f:/usr/cadence/install  
                                                                                                                  
r1_add_coeff.exp[0].  4 (3:TRUE)       --              FALSE  @(f:bn_float32.h,l:29,c:77->f:/usr/cadence/install  
                                                                                                                  
r1_add_coeff.sign[0]  4 (3:TRUE)       --              FALSE  @(f:bn_float32.h,l:29,c:77->f:/usr/cadence/install  
                                                                                                                  
r_src.man[0].[0]      4 (3:TRUE)       --              FALSE  @(f:bn_float32.h,l:30,c:77->f:/usr/cadence/install  
                                                                                                                  
r_src.exp[0].[0]      4 (3:TRUE)       --              FALSE  @(f:bn_float32.h,l:30,c:77->f:/usr/cadence/install  
                                                                                                                  
r_src.sign[0].[0]     4 (3:TRUE)       --              FALSE  @(f:bn_float32.h,l:30,c:77->f:/usr/cadence/install  
                                                                                                                  
                                                                                                                  
