=========================================================
Scheduler report file
Generated by stratus_hls 19.10-p100  (91500.011111)
On:          Sun Jan 17 16:17:25 2021
Project Dir: /home/hanji/stratus/mv1/train_npu/sfu
Module:      fix2float
HLS Config:  DPA
=========================================================
Scheduler report for : _dst_valid                                                                                 
---------------------------------                                                                                            
                                                                                                                  
Op                    SID(BB;Clocked)  Pipeline Stage  IS     SRCLOC                                              
--                    ---------------  --------------  --     ------                                              
                                                                                                                  
dst_valid             2 (1:FALSE)      --              FALSE  fix2float.h,l:14,c:16 -> l:240,c:7                  
                                                                                                                  
enable                4 (3:TRUE)       --              FALSE  fix2float.h,l:10,c:15 -> l:241,c:15                 
                                                                                                                  
src_valid             4 (3:TRUE)       --              FALSE  fix2float.h,l:12,c:15 -> l:243,c:19                 
                                                                                                                  
src_valid_3d          4 (3:TRUE)       --              FALSE  fix2float.h,l:28,c:19 -> l:245,c:19                 
                                                                                                                  
operator=             4 (3:TRUE)       --              FALSE  fix2float.h,l:245,c:17 & operator= @l:243,c:17 & l  
                                                                                                                  
dst_valid             4 (3:TRUE)       --              FALSE  fix2float.h,l:14,c:16 -> l:245,c:7 &                
                                                                                                                  
                                                                                                                  
Scheduler report for : _dst                                                                                       
---------------------------                                                                                            
                                                                                                                  
Op                    SID(BB;Clocked)  Pipeline Stage  IS     SRCLOC                                              
--                    ---------------  --------------  --     ------                                              
                                                                                                                  
dst                   2 (1:FALSE)      --              FALSE  fix2float.h,l:15,c:25 -> l:222,c:7                  
                                                                                                                  
enable                4 (3:TRUE)       --              FALSE  fix2float.h,l:10,c:15 -> l:223,c:15                 
                                                                                                                  
r3_zero_sig           4 (3:TRUE)       --              FALSE  fix2float.h,l:30,c:32 -> l:228,c:14                 
                                                                                                                  
src_valid_3d          4 (3:TRUE)       --              FALSE  fix2float.h,l:28,c:19 -> l:226,c:15                 
                                                                                                                  
r_z_e                 4 (3:TRUE)       --              FALSE  fix2float.h,l:32,c:31 -> l:231,c:49                 
                                                                                                                  
r_fraction_len        4 (3:TRUE)       --              FALSE  fix2float.h,l:23,c:27 -> l:231,c:64                 
                                                                                                                  
r_z_s                 4 (3:TRUE)       --              FALSE  fix2float.h,l:33,c:19 -> l:231,c:24                 
                                                                                                                  
r_z_m                 4 (3:TRUE)       --              FALSE  fix2float.h,l:31,c:32 -> l:231,c:99                 
                                                                                                                  
src                   4 (3:TRUE)       --              FALSE  fix2float.h,l:13,c:23 -> l:225,c:13                 
                                                                                                                  
                      4 (3:TRUE)       --              FALSE  f:fix2float.h,l:228,c:14                            
                                                                                                                  
                      4 (3:TRUE)       --              FALSE  f:fix2float.h,l:226,c:15                            
                                                                                                                  
                      4 (3:TRUE)       --              FALSE  f:fix2float.h,l:231,c:62                            
                                                                                                                  
operator=             4 (3:TRUE)       --              FALSE  fix2float.h,l:231,c:11 & write @l:229,c:11 & l:228  
                                                                                                                  
operator=             4 (3:TRUE)       --              FALSE  fix2float.h,l:231,c:11 & write @l:229,c:11 & l:228  
                                                                                                                  
dst                   4 (3:TRUE)       --              FALSE  fix2float.h,l:15,c:25 -> l:231,c:7 &                
                                                                                                                  
                                                                                                                  
Scheduler report for : _r_fraction_len                                                                            
--------------------------------------                                                                                            
                                                                                                                  
Op                    SID(BB;Clocked)  Pipeline Stage  IS     SRCLOC                                              
--                    ---------------  --------------  --     ------                                              
                                                                                                                  
r_fraction_len        2 (1:FALSE)      --              FALSE  fix2float.h,l:23,c:27 -> l:83,c:7                   
                                                                                                                  
enable                4 (3:TRUE)       --              FALSE  fix2float.h,l:10,c:15 -> l:84,c:15                  
                                                                                                                  
fraction_len          4 (3:TRUE)       --              FALSE  fix2float.h,l:11,c:24 -> l:87,c:30                  
                                                                                                                  
f:fix2float.h,l:87,c  4 (3:TRUE)       --              FALSE  & c:24 & operator= @c:22 & l:85,c:28 & write @c:22  
                                                                                                                  
r_fraction_len        4 (3:TRUE)       --              FALSE  fix2float.h,l:23,c:27 -> l:87,c:7 &                 
                                                                                                                  
                                                                                                                  
Scheduler report for : _r_in_data_sign                                                                            
--------------------------------------                                                                                            
                                                                                                                  
Op                    SID(BB;Clocked)  Pipeline Stage  IS     SRCLOC                                              
--                    ---------------  --------------  --     ------                                              
                                                                                                                  
r_in_data             2 (1:FALSE)      --              FALSE  fix2float.h,l:19,c:27 -> l:61,c:7                   
                                                                                                                  
r_sign                2 (1:FALSE)      --              FALSE  fix2float.h,l:21,c:19 -> l:62,c:7                   
                                                                                                                  
r_in_data             3 (2:FALSE)      --              FALSE  fix2float.h,l:19,c:27 -> l:74,c:7                   
                                                                                                                  
r_sign                3 (2:FALSE)      --              FALSE  fix2float.h,l:21,c:19 -> l:75,c:7                   
                                                                                                                  
enable                4 (3:TRUE)       --              FALSE  fix2float.h,l:10,c:15 -> l:64,c:15                  
                                                                                                                  
src_valid             4 (3:TRUE)       --              FALSE  fix2float.h,l:12,c:15 -> l:68,c:14                  
                                                                                                                  
src                   4 (3:TRUE)       --              FALSE  fix2float.h,l:13,c:23 -> l:69,c:10                  
                                                                                                                  
src                   4 (3:TRUE)       --              FALSE  fix2float.h,l:13,c:23 -> [l:74,c:19, l:70,c:21]     
                                                                                                                  
r_sign                4 (3:TRUE)       --              FALSE  fix2float.h,l:21,c:19 -> l:75,c:7                   
                                                                                                                  
r_in_data             4 (3:TRUE)       --              FALSE  fix2float.h,l:19,c:27 -> l:74,c:7                   
                                                                                                                  
                      4 (3:TRUE)       --              FALSE  f:fix2float.h,l:70,c:20                             
                                                                                                                  
f:fix2float.h,l:70,c  4 (3:TRUE)       --              FALSE  & c:33                                              
                                                                                                                  
operator=             4 (3:TRUE)       --              FALSE  fix2float.h,l:74,c:17 & operator= @l:70,c:17 & l:6  
                                                                                                                  
operator=             4 (3:TRUE)       --              FALSE  fix2float.h,l:75,c:14 & operator= @l:71,c:14 & l:6  
                                                                                                                  
operator=             4 (3:TRUE)       --              FALSE  fix2float.h,l:74,c:17 & operator= @l:70,c:17 & l:6  
                                                                                                                  
operator=             4 (3:TRUE)       --              FALSE  fix2float.h,l:75,c:14 & operator= @l:71,c:14 & l:6  
                                                                                                                  
r_sign                4 (3:TRUE)       --              FALSE  fix2float.h,l:21,c:19 -> l:75,c:7 &                 
                                                                                                                  
operator=             4 (3:TRUE)       --              FALSE  fix2float.h,l:74,c:17 & operator= @l:70,c:17 & l:6  
                                                                                                                  
r_in_data             4 (3:TRUE)       --              FALSE  fix2float.h,l:19,c:27 -> l:74,c:7 &                 
                                                                                                                  
                                                                                                                  
Scheduler report for : _comb_sig                                                                                  
--------------------------------                                                                                            
                                                                                                                  
Op                    SID(BB;Clocked)  Pipeline Stage  IS     SRCLOC                                              
--                    ---------------  --------------  --     ------                                              
                                                                                                                  
r_in_data             3 (2:TRUE)       --              FALSE  fix2float.h,l:19,c:27 -> l:164,c:19                 
                                                                                                                  
r2_in_data            3 (2:TRUE)       --              FALSE  fix2float.h,l:20,c:27 -> [l:165,c:13, l:169,c:17]   
                                                                                                                  
r2_shift_num          3 (2:TRUE)       --              FALSE  fix2float.h,l:25,c:27 -> l:166,c:18                 
                                                                                                                  
r2_in_data            3 (2:TRUE)       --              FALSE  fix2float.h,l:20,c:27 -> l:167,c:15                 
                                                                                                                  
r2_in_data            3 (2:TRUE)       --              FALSE  fix2float.h,l:20,c:27 -> l:168,c:19                 
                                                                                                                  
round_bit             3 (2:TRUE)       --              FALSE  fix2float.h,l:34,c:26 -> l:168,c:7                  
                                                                                                                  
guard                 3 (2:TRUE)       --              FALSE  fix2float.h,l:34,c:19 -> l:167,c:7                  
                                                                                                                  
z_m                   3 (2:TRUE)       --              FALSE  fix2float.h,l:31,c:27 -> l:165,c:7                  
                                                                                                                  
                      3 (2:TRUE)       --              FALSE  f:fix2float.h,l:164,c:36                            
                                                                                                                  
                      3 (2:TRUE)       --              FALSE  f:fix2float.h,l:169,c:40                            
                                                                                                                  
sticky                3 (2:TRUE)       --              FALSE  fix2float.h,l:34,c:37 -> l:169,c:7 &                
                                                                                                                  
f:fix2float.h,l:166,  3 (2:TRUE)       --              FALSE  & c:13                                              
                                                                                                                  
z_e                   3 (2:TRUE)       --              FALSE  fix2float.h,l:32,c:26 -> l:166,c:7 &                
                                                                                                                  
                      3 (2:TRUE)       --              FALSE  f:fix2float.h,l:164,c:36                            
                                                                                                                  
zero_sig              3 (2:TRUE)       --              FALSE  fix2float.h,l:29,c:19 -> l:164,c:7 &                
                                                                                                                  
                                                                                                                  
Scheduler report for : _r_z                                                                                       
---------------------------                                                                                            
                                                                                                                  
Op                    SID(BB;Clocked)  Pipeline Stage  IS     SRCLOC                                              
--                    ---------------  --------------  --     ------                                              
                                                                                                                  
r_z_m                 2 (1:FALSE)      --              FALSE  fix2float.h,l:31,c:32 -> l:187,c:7                  
                                                                                                                  
r_z_e                 2 (1:FALSE)      --              FALSE  fix2float.h,l:32,c:31 -> l:188,c:7                  
                                                                                                                  
r_z_s                 2 (1:FALSE)      --              FALSE  fix2float.h,l:33,c:19 -> l:189,c:7                  
                                                                                                                  
r2_zero_sig           4 (3:TRUE)       --              FALSE  fix2float.h,l:30,c:19 -> l:196,c:14                 
                                                                                                                  
src_valid_2d          4 (3:TRUE)       --              FALSE  fix2float.h,l:27,c:19 -> l:191,c:15                 
                                                                                                                  
r2_sign               4 (3:TRUE)       --              FALSE  fix2float.h,l:22,c:19 -> [l:215,c:15, l:210,c:15]   
                                                                                                                  
guard                 4 (3:TRUE)       --              FALSE  fix2float.h,l:34,c:19 -> l:201,c:15                 
                                                                                                                  
round_bit             4 (3:TRUE)       --              FALSE  fix2float.h,l:34,c:26 -> l:201,c:39                 
                                                                                                                  
sticky                4 (3:TRUE)       --              FALSE  fix2float.h,l:34,c:37 -> l:201,c:66                 
                                                                                                                  
r2_in_data            4 (3:TRUE)       --              FALSE  fix2float.h,l:20,c:27 -> l:201,c:90                 
                                                                                                                  
z_m                   4 (3:TRUE)       --              FALSE  fix2float.h,l:31,c:27 -> l:202,c:15                 
                                                                                                                  
z_e                   4 (3:TRUE)       --              FALSE  fix2float.h,l:32,c:26 -> [l:214,c:15, l:208,c:15]   
                                                                                                                  
                      4 (3:TRUE)       --              FALSE  f:fix2float.h,l:196,c:14                            
                                                                                                                  
operator=             4 (3:TRUE)       --              FALSE  fix2float.h,l:215,c:13 & operator= @l:210,c:13 & l  
                                                                                                                  
                      4 (3:TRUE)       --              FALSE  f:fix2float.h,l:191,c:15                            
                                                                                                                  
operator=             4 (3:TRUE)       --              FALSE  fix2float.h,l:215,c:13 & operator= @l:210,c:13 & l  
                                                                                                                  
operator=             4 (3:TRUE)       --              FALSE  fix2float.h,l:215,c:13 & operator= @l:210,c:13 & l  
                                                                                                                  
r_z_s                 4 (3:TRUE)       --              FALSE  fix2float.h,l:33,c:19 -> l:215,c:7 &                
                                                                                                                  
operator=             4 (3:TRUE)       --              FALSE  fix2float.h,l:214,c:13 & operator= @l:208,c:13 & l  
                                                                                                                  
r_z_e                 4 (3:TRUE)       --              FALSE  fix2float.h,l:32,c:31 -> l:214,c:7 &                
                                                                                                                  
operator=             4 (3:TRUE)       --              FALSE  fix2float.h,l:213,c:13 & l:202,c:26 & operator= @c  
                                                                                                                  
r_z_m                 4 (3:TRUE)       --              FALSE  fix2float.h,l:31,c:32 -> l:213,c:7 &                
                                                                                                                  
                                                                                                                  
Scheduler report for : _shift_num                                                                                 
---------------------------------                                                                                            
                                                                                                                  
Op                    SID(BB;Clocked)  Pipeline Stage  IS     SRCLOC                                              
--                    ---------------  --------------  --     ------                                              
                                                                                                                  
r_in_data             3 (2:TRUE)       --              FALSE  fix2float.h,l:19,c:27 -> l:95,c:10                  
                                                                                                                  
r_in_data             3 (2:TRUE)       --              FALSE  fix2float.h,l:19,c:27 -> l:97,c:15                  
                                                                                                                  
r_in_data             3 (2:TRUE)       --              FALSE  fix2float.h,l:19,c:27 -> l:99,c:15                  
                                                                                                                  
r_in_data             3 (2:TRUE)       --              FALSE  fix2float.h,l:19,c:27 -> l:101,c:15                 
                                                                                                                  
r_in_data             3 (2:TRUE)       --              FALSE  fix2float.h,l:19,c:27 -> l:103,c:15                 
                                                                                                                  
r_in_data             3 (2:TRUE)       --              FALSE  fix2float.h,l:19,c:27 -> l:105,c:15                 
                                                                                                                  
r_in_data             3 (2:TRUE)       --              FALSE  fix2float.h,l:19,c:27 -> l:107,c:15                 
                                                                                                                  
r_in_data             3 (2:TRUE)       --              FALSE  fix2float.h,l:19,c:27 -> l:109,c:15                 
                                                                                                                  
r_in_data             3 (2:TRUE)       --              FALSE  fix2float.h,l:19,c:27 -> l:111,c:15                 
                                                                                                                  
r_in_data             3 (2:TRUE)       --              FALSE  fix2float.h,l:19,c:27 -> l:113,c:15                 
                                                                                                                  
r_in_data             3 (2:TRUE)       --              FALSE  fix2float.h,l:19,c:27 -> l:115,c:15                 
                                                                                                                  
r_in_data             3 (2:TRUE)       --              FALSE  fix2float.h,l:19,c:27 -> l:117,c:15                 
                                                                                                                  
r_in_data             3 (2:TRUE)       --              FALSE  fix2float.h,l:19,c:27 -> l:119,c:15                 
                                                                                                                  
r_in_data             3 (2:TRUE)       --              FALSE  fix2float.h,l:19,c:27 -> l:121,c:15                 
                                                                                                                  
r_in_data             3 (2:TRUE)       --              FALSE  fix2float.h,l:19,c:27 -> l:123,c:15                 
                                                                                                                  
r_in_data             3 (2:TRUE)       --              FALSE  fix2float.h,l:19,c:27 -> l:125,c:15                 
                                                                                                                  
r_in_data             3 (2:TRUE)       --              FALSE  fix2float.h,l:19,c:27 -> l:127,c:15                 
                                                                                                                  
r_in_data             3 (2:TRUE)       --              FALSE  fix2float.h,l:19,c:27 -> l:129,c:15                 
                                                                                                                  
r_in_data             3 (2:TRUE)       --              FALSE  fix2float.h,l:19,c:27 -> l:131,c:15                 
                                                                                                                  
r_in_data             3 (2:TRUE)       --              FALSE  fix2float.h,l:19,c:27 -> l:133,c:15                 
                                                                                                                  
r_in_data             3 (2:TRUE)       --              FALSE  fix2float.h,l:19,c:27 -> l:135,c:15                 
                                                                                                                  
r_in_data             3 (2:TRUE)       --              FALSE  fix2float.h,l:19,c:27 -> l:137,c:15                 
                                                                                                                  
r_in_data             3 (2:TRUE)       --              FALSE  fix2float.h,l:19,c:27 -> l:139,c:15                 
                                                                                                                  
r_in_data             3 (2:TRUE)       --              FALSE  fix2float.h,l:19,c:27 -> l:141,c:15                 
                                                                                                                  
r_in_data             3 (2:TRUE)       --              FALSE  fix2float.h,l:19,c:27 -> l:143,c:15                 
                                                                                                                  
r_in_data             3 (2:TRUE)       --              FALSE  fix2float.h,l:19,c:27 -> l:145,c:15                 
                                                                                                                  
r_in_data             3 (2:TRUE)       --              FALSE  fix2float.h,l:19,c:27 -> l:147,c:15                 
                                                                                                                  
r_in_data             3 (2:TRUE)       --              FALSE  fix2float.h,l:19,c:27 -> l:149,c:15                 
                                                                                                                  
r_in_data             3 (2:TRUE)       --              FALSE  fix2float.h,l:19,c:27 -> l:151,c:15                 
                                                                                                                  
r_in_data             3 (2:TRUE)       --              FALSE  fix2float.h,l:19,c:27 -> l:153,c:15                 
                                                                                                                  
r_in_data             3 (2:TRUE)       --              FALSE  fix2float.h,l:19,c:27 -> l:155,c:15                 
                                                                                                                  
f:fix2float.h,l:158,  3 (2:TRUE)       --              FALSE  & operator= @c:17 & l:156,c:19 & operator= @c:17 &  
                                                                                                                  
operator=             3 (2:TRUE)       --              FALSE  fix2float.h,l:158,c:17 & operator= @l:156,c:17 & l  
                                                                                                                  
operator=             3 (2:TRUE)       --              FALSE  fix2float.h,l:158,c:17 & operator= @l:156,c:17 & l  
                                                                                                                  
operator=             3 (2:TRUE)       --              FALSE  fix2float.h,l:158,c:17 & operator= @l:156,c:17 & l  
                                                                                                                  
operator=             3 (2:TRUE)       --              FALSE  fix2float.h,l:158,c:17 & operator= @l:156,c:17 & l  
                                                                                                                  
operator=             3 (2:TRUE)       --              FALSE  fix2float.h,l:158,c:17 & operator= @l:156,c:17 & l  
                                                                                                                  
operator=             3 (2:TRUE)       --              FALSE  fix2float.h,l:158,c:17 & operator= @l:156,c:17 & l  
                                                                                                                  
operator=             3 (2:TRUE)       --              FALSE  fix2float.h,l:158,c:17 & operator= @l:156,c:17 & l  
                                                                                                                  
operator=             3 (2:TRUE)       --              FALSE  fix2float.h,l:158,c:17 & operator= @l:156,c:17 & l  
                                                                                                                  
operator=             3 (2:TRUE)       --              FALSE  fix2float.h,l:158,c:17 & operator= @l:156,c:17 & l  
                                                                                                                  
operator=             3 (2:TRUE)       --              FALSE  fix2float.h,l:158,c:17 & operator= @l:156,c:17 & l  
                                                                                                                  
operator=             3 (2:TRUE)       --              FALSE  fix2float.h,l:158,c:17 & operator= @l:156,c:17 & l  
                                                                                                                  
operator=             3 (2:TRUE)       --              FALSE  fix2float.h,l:158,c:17 & operator= @l:156,c:17 & l  
                                                                                                                  
operator=             3 (2:TRUE)       --              FALSE  fix2float.h,l:158,c:17 & operator= @l:156,c:17 & l  
                                                                                                                  
operator=             3 (2:TRUE)       --              FALSE  fix2float.h,l:158,c:17 & operator= @l:156,c:17 & l  
                                                                                                                  
operator=             3 (2:TRUE)       --              FALSE  fix2float.h,l:158,c:17 & operator= @l:156,c:17 & l  
                                                                                                                  
operator=             3 (2:TRUE)       --              FALSE  fix2float.h,l:158,c:17 & operator= @l:156,c:17 & l  
                                                                                                                  
operator=             3 (2:TRUE)       --              FALSE  fix2float.h,l:158,c:17 & operator= @l:156,c:17 & l  
                                                                                                                  
operator=             3 (2:TRUE)       --              FALSE  fix2float.h,l:158,c:17 & operator= @l:156,c:17 & l  
                                                                                                                  
operator=             3 (2:TRUE)       --              FALSE  fix2float.h,l:158,c:17 & operator= @l:156,c:17 & l  
                                                                                                                  
operator=             3 (2:TRUE)       --              FALSE  fix2float.h,l:158,c:17 & operator= @l:156,c:17 & l  
                                                                                                                  
operator=             3 (2:TRUE)       --              FALSE  fix2float.h,l:158,c:17 & operator= @l:156,c:17 & l  
                                                                                                                  
operator=             3 (2:TRUE)       --              FALSE  fix2float.h,l:158,c:17 & operator= @l:156,c:17 & l  
                                                                                                                  
operator=             3 (2:TRUE)       --              FALSE  fix2float.h,l:158,c:17 & operator= @l:156,c:17 & l  
                                                                                                                  
operator=             3 (2:TRUE)       --              FALSE  fix2float.h,l:158,c:17 & operator= @l:156,c:17 & l  
                                                                                                                  
operator=             3 (2:TRUE)       --              FALSE  fix2float.h,l:158,c:17 & operator= @l:156,c:17 & l  
                                                                                                                  
operator=             3 (2:TRUE)       --              FALSE  fix2float.h,l:158,c:17 & operator= @l:156,c:17 & l  
                                                                                                                  
operator=             3 (2:TRUE)       --              FALSE  fix2float.h,l:158,c:17 & operator= @l:156,c:17 & l  
                                                                                                                  
operator=             3 (2:TRUE)       --              FALSE  fix2float.h,l:158,c:17 & operator= @l:156,c:17 & l  
                                                                                                                  
operator=             3 (2:TRUE)       --              FALSE  fix2float.h,l:158,c:17 & operator= @l:156,c:17 & l  
                                                                                                                  
operator=             3 (2:TRUE)       --              FALSE  fix2float.h,l:158,c:17 & operator= @l:156,c:17 & l  
                                                                                                                  
shift_num             3 (2:TRUE)       --              FALSE  fix2float.h,l:24,c:27 -> l:158,c:7 &                
                                                                                                                  
                                                                                                                  
Scheduler report for : _r2_in_data                                                                                
----------------------------------                                                                                            
                                                                                                                  
Op                    SID(BB;Clocked)  Pipeline Stage  IS     SRCLOC                                              
--                    ---------------  --------------  --     ------                                              
                                                                                                                  
r2_in_data            2 (1:FALSE)      --              FALSE  fix2float.h,l:20,c:27 -> l:175,c:7                  
                                                                                                                  
zero_sig              4 (3:TRUE)       --              FALSE  fix2float.h,l:29,c:19 -> l:178,c:14                 
                                                                                                                  
src_valid_1d          4 (3:TRUE)       --              FALSE  fix2float.h,l:26,c:19 -> l:176,c:15                 
                                                                                                                  
r_in_data             4 (3:TRUE)       --              FALSE  fix2float.h,l:19,c:27 -> l:181,c:20                 
                                                                                                                  
shift_num             4 (3:TRUE)       --              FALSE  fix2float.h,l:24,c:27 -> l:181,c:40                 
                                                                                                                  
                      4 (3:TRUE)       --              FALSE  f:fix2float.h,l:178,c:14                            
                                                                                                                  
                      4 (3:TRUE)       --              FALSE  f:fix2float.h,l:176,c:15                            
                                                                                                                  
                      4 (3:TRUE)       --              FALSE  f:fix2float.h,l:181,c:37                            
                                                                                                                  
operator=             4 (3:TRUE)       --              FALSE  fix2float.h,l:181,c:18 & write @l:179,c:18 & l:178  
                                                                                                                  
r2_in_data            4 (3:TRUE)       --              FALSE  fix2float.h,l:20,c:27 -> l:181,c:7 &                
                                                                                                                  
                                                                                                                  
Scheduler report for : _delay                                                                                     
-----------------------------                                                                                            
                                                                                                                  
Op                    SID(BB;Clocked)  Pipeline Stage  IS     SRCLOC                                              
--                    ---------------  --------------  --     ------                                              
                                                                                                                  
src_valid_1d          2 (1:FALSE)      --              FALSE  fix2float.h,l:26,c:19 -> l:39,c:7                   
                                                                                                                  
src_valid_2d          2 (1:FALSE)      --              FALSE  fix2float.h,l:27,c:19 -> l:40,c:7                   
                                                                                                                  
src_valid_3d          2 (1:FALSE)      --              FALSE  fix2float.h,l:28,c:19 -> l:41,c:7                   
                                                                                                                  
r2_shift_num          2 (1:FALSE)      --              FALSE  fix2float.h,l:25,c:27 -> l:42,c:7                   
                                                                                                                  
r2_zero_sig           2 (1:FALSE)      --              FALSE  fix2float.h,l:30,c:19 -> l:43,c:7                   
                                                                                                                  
r3_zero_sig           2 (1:FALSE)      --              FALSE  fix2float.h,l:30,c:32 -> l:44,c:7                   
                                                                                                                  
r2_sign               2 (1:FALSE)      --              FALSE  fix2float.h,l:22,c:19 -> l:45,c:7                   
                                                                                                                  
src_valid_1d          3 (2:FALSE)      --              FALSE  @(f:fix2float.h,l:26,c:19->l:176,c:15) -> l:48,c:7  
                                                                                                                  
src_valid_2d          3 (2:FALSE)      --              FALSE  @(f:fix2float.h,l:27,c:19->l:191,c:15) -> l:49,c:7  
                                                                                                                  
r2_zero_sig           3 (2:FALSE)      --              FALSE  @(f:fix2float.h,l:30,c:19->l:196,c:14) -> l:52,c:7  
                                                                                                                  
r2_zero_sig           4 (3:TRUE)       --              FALSE  fix2float.h,l:30,c:19 -> l:53,c:21                  
                                                                                                                  
src_valid_2d          4 (3:TRUE)       --              FALSE  fix2float.h,l:27,c:19 -> l:50,c:22                  
                                                                                                                  
src_valid_1d          4 (3:TRUE)       --              FALSE  fix2float.h,l:26,c:19 -> l:49,c:22                  
                                                                                                                  
src_valid             4 (3:TRUE)       --              FALSE  fix2float.h,l:12,c:15 -> l:48,c:22                  
                                                                                                                  
shift_num             4 (3:TRUE)       --              FALSE  fix2float.h,l:24,c:27 -> l:51,c:22                  
                                                                                                                  
zero_sig              4 (3:TRUE)       --              FALSE  fix2float.h,l:29,c:19 -> l:52,c:21                  
                                                                                                                  
r_sign                4 (3:TRUE)       --              FALSE  fix2float.h,l:21,c:19 -> l:54,c:17                  
                                                                                                                  
r2_sign               4 (3:TRUE)       --              FALSE  fix2float.h,l:22,c:19 -> l:54,c:7                   
                                                                                                                  
r3_zero_sig           4 (3:TRUE)       --              FALSE  fix2float.h,l:30,c:32 -> l:53,c:7                   
                                                                                                                  
r2_zero_sig           4 (3:TRUE)       --              FALSE  fix2float.h,l:30,c:19 -> l:52,c:7                   
                                                                                                                  
r2_shift_num          4 (3:TRUE)       --              FALSE  fix2float.h,l:25,c:27 -> l:51,c:7                   
                                                                                                                  
src_valid_3d          4 (3:TRUE)       --              FALSE  fix2float.h,l:28,c:19 -> l:50,c:7                   
                                                                                                                  
src_valid_2d          4 (3:TRUE)       --              FALSE  fix2float.h,l:27,c:19 -> l:49,c:7                   
                                                                                                                  
src_valid_1d          4 (3:TRUE)       --              FALSE  fix2float.h,l:26,c:19 -> l:48,c:7                   
                                                                                                                  
                                                                                                                  
