=========================================================
Scheduler report file
Generated by stratus_hls 19.10-p100  (91500.011111)
On:          Tue Jan 26 20:43:32 2021
Project Dir: /home/hanji/stratus/mv1/train_npu/to_addr_gen
Module:      bn_addr_gen
HLS Config:  DPA
=========================================================
Scheduler report for : _bn_add                                                                                    
------------------------------                                                                                            
                                                                                                                  
Op                    SID(BB;Clocked)  Pipeline Stage  IS     SRCLOC                                              
--                    ---------------  --------------  --     ------                                              
                                                                                                                  
bn_addr               2 (1:FALSE)      --              FALSE  bn_addr_gen.h,l:22,c:25 -> l:189,c:7                
                                                                                                                  
bn_addr               3 (2:FALSE)      --              FALSE  bn_addr_gen.h,l:22,c:25 -> l:191,c:7                
                                                                                                                  
bn_en                 4 (3:TRUE)       --              FALSE  bn_addr_gen.h,l:19,c:23 -> l:190,c:14               
                                                                                                                  
bn_addr               4 (3:TRUE)       --              FALSE  bn_addr_gen.h,l:22,c:25 -> l:191,c:7                
                                                                                                                  
bn_read_base_addr     4 (3:TRUE)       --              FALSE  bn_addr_gen.h,l:16,c:24 -> l:191,c:17               
                                                                                                                  
of_cnt                4 (3:TRUE)       --              FALSE  bn_addr_gen.h,l:42,c:28 -> l:191,c:45               
                                                                                                                  
valid_cnt             4 (3:TRUE)       --              FALSE  bn_addr_gen.h,l:27,c:28 -> l:191,c:67               
                                                                                                                  
                      4 (3:TRUE)       --              FALSE  f:bn_addr_gen.h,l:190,c:14                          
                                                                                                                  
f:bn_addr_gen.h,l:19  4 (3:TRUE)       --              FALSE  & c:62 & c:42 & operator= @c:15 & l:190,c:10        
                                                                                                                  
bn_addr               4 (3:TRUE)       --              FALSE  bn_addr_gen.h,l:22,c:25 -> l:191,c:7 &              
                                                                                                                  
                                                                                                                  
Scheduler report for : _set_max_num                                                                               
-----------------------------------                                                                                            
                                                                                                                  
Op                    SID(BB;Clocked)  Pipeline Stage  IS     SRCLOC                                              
--                    ---------------  --------------  --     ------                                              
                                                                                                                  
out_feature_width     3 (2:TRUE)       --              FALSE  bn_addr_gen.h,l:13,c:24 -> l:181,c:18               
                                                                                                                  
out_feature_height    3 (2:TRUE)       --              FALSE  bn_addr_gen.h,l:14,c:24 -> l:182,c:18               
                                                                                                                  
out_feature_channel   3 (2:TRUE)       --              FALSE  bn_addr_gen.h,l:15,c:24 -> l:184,c:18               
                                                                                                                  
of_cnt_max            3 (2:TRUE)       --              FALSE  bn_addr_gen.h,l:50,c:28 -> l:184,c:5                
                                                                                                                  
oy_cnt_max            3 (2:TRUE)       --              FALSE  bn_addr_gen.h,l:39,c:28 -> l:182,c:5                
                                                                                                                  
ox_cnt_max            3 (2:TRUE)       --              FALSE  bn_addr_gen.h,l:34,c:28 -> l:181,c:5                
                                                                                                                  
                                                                                                                  
Scheduler report for : _valid_cnt_ctrl                                                                            
--------------------------------------                                                                                            
                                                                                                                  
Op                    SID(BB;Clocked)  Pipeline Stage  IS     SRCLOC                                              
--                    ---------------  --------------  --     ------                                              
                                                                                                                  
conv_type             3 (2:TRUE)       --              FALSE  bn_addr_gen.h,l:18,c:23 -> l:116,c:8                
                                                                                                                  
valid_cnt             3 (2:TRUE)       --              FALSE  bn_addr_gen.h,l:27,c:28 -> l:125,c:53               
                                                                                                                  
valid_cnt_enable      3 (2:TRUE)       --              FALSE  bn_addr_gen.h,l:26,c:27 -> l:125,c:24               
                                                                                                                  
data_en_7d            3 (2:TRUE)       --              FALSE  bn_addr_gen.h,l:51,c:99 -> l:119,c:25               
                                                                                                                  
data_en_9d            3 (2:TRUE)       --              FALSE  bn_addr_gen.h,l:51,c:123 -> l:122,c:25              
                                                                                                                  
                      3 (2:TRUE)       --              FALSE  f:bn_addr_gen.h,l:116,c:8                           
                                                                                                                  
f:bn_addr_gen.h,l:12  3 (2:TRUE)       --              FALSE  & c:70                                              
                                                                                                                  
                      3 (2:TRUE)       --              FALSE  f:bn_addr_gen.h,l:125,c:49                          
                                                                                                                  
valid_cnt_clear       3 (2:TRUE)       --              FALSE  bn_addr_gen.h,l:28,c:27 -> l:125,c:5 &              
                                                                                                                  
operator=             3 (2:TRUE)       --              FALSE  bn_addr_gen.h,l:122,c:22 & operator= @l:119,c:22 &  
                                                                                                                  
valid_cnt_enable      3 (2:TRUE)       --              FALSE  bn_addr_gen.h,l:26,c:27 -> l:122,c:5 &              
                                                                                                                  
                                                                                                                  
Scheduler report for : _bn_addr_valid                                                                             
-------------------------------------                                                                                            
                                                                                                                  
Op                    SID(BB;Clocked)  Pipeline Stage  IS     SRCLOC                                              
--                    ---------------  --------------  --     ------                                              
                                                                                                                  
bn_addr_valid         2 (1:FALSE)      --              FALSE  bn_addr_gen.h,l:23,c:16 -> l:196,c:7                
                                                                                                                  
valid_cnt_enable      4 (3:TRUE)       --              FALSE  bn_addr_gen.h,l:26,c:27 -> l:200,c:14               
                                                                                                                  
bn_addr_valid         4 (3:TRUE)       --              FALSE  bn_addr_gen.h,l:23,c:16 -> l:203,c:7                
                                                                                                                  
                                                                                                                  
Scheduler report for : _valid_counter                                                                             
-------------------------------------                                                                                            
                                                                                                                  
Op                    SID(BB;Clocked)  Pipeline Stage  IS     SRCLOC                                              
--                    ---------------  --------------  --     ------                                              
                                                                                                                  
valid_cnt             2 (1:FALSE)      --              FALSE  bn_addr_gen.h,l:27,c:28 -> l:130,c:7                
                                                                                                                  
valid_cnt             3 (2:FALSE)      --              FALSE  @[ mapped (f:bn_addr_gen.h,l:27,c:28->l:191,c:67)   
                                                                                                                  
valid_cnt_clear       4 (3:TRUE)       --              FALSE  bn_addr_gen.h,l:28,c:27 -> l:131,c:14               
                                                                                                                  
valid_cnt             4 (3:TRUE)       --              FALSE  bn_addr_gen.h,l:27,c:28 -> l:134,c:7                
                                                                                                                  
valid_cnt_enable      4 (3:TRUE)       --              FALSE  bn_addr_gen.h,l:26,c:27 -> l:133,c:14               
                                                                                                                  
f:bn_addr_gen.h,l:13  4 (3:TRUE)       --              FALSE  & c:36 & operator= @c:17 & l:133,c:10               
                                                                                                                  
operator=             4 (3:TRUE)       --              FALSE  bn_addr_gen.h,l:134,c:17 & l:133,c:10 & l:132,c:19  
                                                                                                                  
valid_cnt             4 (3:TRUE)       --              FALSE  bn_addr_gen.h,l:27,c:28 -> l:134,c:7 &              
                                                                                                                  
                                                                                                                  
Scheduler report for : _ox_ctrl                                                                                   
-------------------------------                                                                                            
                                                                                                                  
Op                    SID(BB;Clocked)  Pipeline Stage  IS     SRCLOC                                              
--                    ---------------  --------------  --     ------                                              
                                                                                                                  
ox_cnt                3 (2:TRUE)       --              FALSE  bn_addr_gen.h,l:32,c:28 -> l:140,c:39               
                                                                                                                  
ox_cnt_max            3 (2:TRUE)       --              FALSE  bn_addr_gen.h,l:34,c:28 -> l:140,c:56               
                                                                                                                  
ox_enable             3 (2:TRUE)       --              FALSE  bn_addr_gen.h,l:31,c:27 -> l:140,c:17               
                                                                                                                  
valid_cnt_clear       3 (2:TRUE)       --              FALSE  bn_addr_gen.h,l:28,c:27 -> l:139,c:18               
                                                                                                                  
ox_enable             3 (2:TRUE)       --              FALSE  bn_addr_gen.h,l:31,c:27 -> l:139,c:5                
                                                                                                                  
f:bn_addr_gen.h,l:14  3 (2:TRUE)       --              FALSE  & c:74 & c:53                                       
                                                                                                                  
                      3 (2:TRUE)       --              FALSE  f:bn_addr_gen.h,l:140,c:35                          
                                                                                                                  
ox_clear              3 (2:TRUE)       --              FALSE  bn_addr_gen.h,l:33,c:27 -> l:140,c:5 &              
                                                                                                                  
                                                                                                                  
Scheduler report for : _ox_counter                                                                                
----------------------------------                                                                                            
                                                                                                                  
Op                    SID(BB;Clocked)  Pipeline Stage  IS     SRCLOC                                              
--                    ---------------  --------------  --     ------                                              
                                                                                                                  
ox_cnt                2 (1:FALSE)      --              FALSE  bn_addr_gen.h,l:32,c:28 -> l:145,c:7                
                                                                                                                  
ox_cnt                3 (2:FALSE)      --              FALSE  @(f:bn_addr_gen.h,l:32,c:28->l:140,c:39)            
                                                                                                                  
ox_clear              4 (3:TRUE)       --              FALSE  bn_addr_gen.h,l:33,c:27 -> l:146,c:14               
                                                                                                                  
ox_cnt                4 (3:TRUE)       --              FALSE  bn_addr_gen.h,l:32,c:28 -> l:149,c:7                
                                                                                                                  
ox_enable             4 (3:TRUE)       --              FALSE  bn_addr_gen.h,l:31,c:27 -> l:148,c:14               
                                                                                                                  
f:bn_addr_gen.h,l:14  4 (3:TRUE)       --              FALSE  & c:30 & operator= @c:14 & l:148,c:10               
                                                                                                                  
operator=             4 (3:TRUE)       --              FALSE  bn_addr_gen.h,l:149,c:14 & l:148,c:10 & l:147,c:16  
                                                                                                                  
ox_cnt                4 (3:TRUE)       --              FALSE  bn_addr_gen.h,l:32,c:28 -> l:149,c:7 &              
                                                                                                                  
                                                                                                                  
Scheduler report for : _oy_ctrl                                                                                   
-------------------------------                                                                                            
                                                                                                                  
Op                    SID(BB;Clocked)  Pipeline Stage  IS     SRCLOC                                              
--                    ---------------  --------------  --     ------                                              
                                                                                                                  
oy_cnt                3 (2:TRUE)       --              FALSE  bn_addr_gen.h,l:37,c:28 -> l:154,c:39               
                                                                                                                  
oy_cnt_max            3 (2:TRUE)       --              FALSE  bn_addr_gen.h,l:39,c:28 -> l:154,c:56               
                                                                                                                  
oy_enable             3 (2:TRUE)       --              FALSE  bn_addr_gen.h,l:36,c:27 -> l:154,c:17               
                                                                                                                  
ox_clear              3 (2:TRUE)       --              FALSE  bn_addr_gen.h,l:33,c:27 -> l:153,c:18               
                                                                                                                  
oy_enable             3 (2:TRUE)       --              FALSE  bn_addr_gen.h,l:36,c:27 -> l:153,c:5                
                                                                                                                  
f:bn_addr_gen.h,l:15  3 (2:TRUE)       --              FALSE  & c:74 & c:53                                       
                                                                                                                  
                      3 (2:TRUE)       --              FALSE  f:bn_addr_gen.h,l:154,c:35                          
                                                                                                                  
oy_clear              3 (2:TRUE)       --              FALSE  bn_addr_gen.h,l:38,c:27 -> l:154,c:5 &              
                                                                                                                  
                                                                                                                  
Scheduler report for : _oy_counter                                                                                
----------------------------------                                                                                            
                                                                                                                  
Op                    SID(BB;Clocked)  Pipeline Stage  IS     SRCLOC                                              
--                    ---------------  --------------  --     ------                                              
                                                                                                                  
oy_cnt                2 (1:FALSE)      --              FALSE  bn_addr_gen.h,l:37,c:28 -> l:159,c:7                
                                                                                                                  
oy_cnt                3 (2:FALSE)      --              FALSE  @(f:bn_addr_gen.h,l:37,c:28->l:154,c:39)            
                                                                                                                  
oy_clear              4 (3:TRUE)       --              FALSE  bn_addr_gen.h,l:38,c:27 -> l:160,c:14               
                                                                                                                  
oy_cnt                4 (3:TRUE)       --              FALSE  bn_addr_gen.h,l:37,c:28 -> l:163,c:7                
                                                                                                                  
oy_enable             4 (3:TRUE)       --              FALSE  bn_addr_gen.h,l:36,c:27 -> l:162,c:14               
                                                                                                                  
f:bn_addr_gen.h,l:16  4 (3:TRUE)       --              FALSE  & c:30 & operator= @c:14 & l:162,c:10               
                                                                                                                  
operator=             4 (3:TRUE)       --              FALSE  bn_addr_gen.h,l:163,c:14 & l:162,c:10 & l:161,c:16  
                                                                                                                  
oy_cnt                4 (3:TRUE)       --              FALSE  bn_addr_gen.h,l:37,c:28 -> l:163,c:7 &              
                                                                                                                  
                                                                                                                  
Scheduler report for : _of_ctrl                                                                                   
-------------------------------                                                                                            
                                                                                                                  
Op                    SID(BB;Clocked)  Pipeline Stage  IS     SRCLOC                                              
--                    ---------------  --------------  --     ------                                              
                                                                                                                  
of_cnt                3 (2:TRUE)       --              FALSE  bn_addr_gen.h,l:42,c:28 -> l:168,c:39               
                                                                                                                  
of_cnt_max            3 (2:TRUE)       --              FALSE  bn_addr_gen.h,l:50,c:28 -> l:168,c:56               
                                                                                                                  
of_enable             3 (2:TRUE)       --              FALSE  bn_addr_gen.h,l:41,c:27 -> l:168,c:17               
                                                                                                                  
oy_clear              3 (2:TRUE)       --              FALSE  bn_addr_gen.h,l:38,c:27 -> l:167,c:18               
                                                                                                                  
of_enable             3 (2:TRUE)       --              FALSE  bn_addr_gen.h,l:41,c:27 -> l:167,c:5                
                                                                                                                  
f:bn_addr_gen.h,l:16  3 (2:TRUE)       --              FALSE  & c:74 & c:53                                       
                                                                                                                  
                      3 (2:TRUE)       --              FALSE  f:bn_addr_gen.h,l:168,c:35                          
                                                                                                                  
of_clear              3 (2:TRUE)       --              FALSE  bn_addr_gen.h,l:43,c:27 -> l:168,c:5 &              
                                                                                                                  
                                                                                                                  
Scheduler report for : _of_counter                                                                                
----------------------------------                                                                                            
                                                                                                                  
Op                    SID(BB;Clocked)  Pipeline Stage  IS     SRCLOC                                              
--                    ---------------  --------------  --     ------                                              
                                                                                                                  
of_cnt                2 (1:FALSE)      --              FALSE  bn_addr_gen.h,l:42,c:28 -> l:173,c:7                
                                                                                                                  
of_cnt                3 (2:FALSE)      --              FALSE  @[ mapped (f:bn_addr_gen.h,l:42,c:28->l:191,c:45)   
                                                                                                                  
of_clear              4 (3:TRUE)       --              FALSE  bn_addr_gen.h,l:43,c:27 -> l:174,c:14               
                                                                                                                  
of_cnt                4 (3:TRUE)       --              FALSE  bn_addr_gen.h,l:42,c:28 -> l:177,c:7                
                                                                                                                  
of_enable             4 (3:TRUE)       --              FALSE  bn_addr_gen.h,l:41,c:27 -> l:176,c:14               
                                                                                                                  
f:bn_addr_gen.h,l:17  4 (3:TRUE)       --              FALSE  & c:30 & operator= @c:14 & l:176,c:10               
                                                                                                                  
operator=             4 (3:TRUE)       --              FALSE  bn_addr_gen.h,l:177,c:14 & l:176,c:10 & l:175,c:16  
                                                                                                                  
of_cnt                4 (3:TRUE)       --              FALSE  bn_addr_gen.h,l:42,c:28 -> l:177,c:7 &              
                                                                                                                  
                                                                                                                  
Scheduler report for : _delay                                                                                     
-----------------------------                                                                                            
                                                                                                                  
Op                    SID(BB;Clocked)  Pipeline Stage  IS     SRCLOC                                              
--                    ---------------  --------------  --     ------                                              
                                                                                                                  
of_enable_1d          2 (1:FALSE)      --              FALSE  bn_addr_gen.h,l:44,c:27 -> l:63,c:7                 
                                                                                                                  
of_enable_2d          2 (1:FALSE)      --              FALSE  bn_addr_gen.h,l:45,c:27 -> l:64,c:7                 
                                                                                                                  
of_enable_3d          2 (1:FALSE)      --              FALSE  bn_addr_gen.h,l:46,c:27 -> l:65,c:7                 
                                                                                                                  
of_enable_4d          2 (1:FALSE)      --              FALSE  bn_addr_gen.h,l:47,c:27 -> l:66,c:7                 
                                                                                                                  
of_enable_5d          2 (1:FALSE)      --              FALSE  bn_addr_gen.h,l:48,c:27 -> l:67,c:7                 
                                                                                                                  
of_enable_6d          2 (1:FALSE)      --              FALSE  bn_addr_gen.h,l:49,c:27 -> l:68,c:7                 
                                                                                                                  
data_en_1d            2 (1:FALSE)      --              FALSE  bn_addr_gen.h,l:51,c:27 -> l:69,c:7                 
                                                                                                                  
data_en_2d            2 (1:FALSE)      --              FALSE  bn_addr_gen.h,l:51,c:39 -> l:70,c:7                 
                                                                                                                  
data_en_3d            2 (1:FALSE)      --              FALSE  bn_addr_gen.h,l:51,c:51 -> l:71,c:7                 
                                                                                                                  
data_en_4d            2 (1:FALSE)      --              FALSE  bn_addr_gen.h,l:51,c:63 -> l:72,c:7                 
                                                                                                                  
data_en_5d            2 (1:FALSE)      --              FALSE  bn_addr_gen.h,l:51,c:75 -> l:73,c:7                 
                                                                                                                  
data_en_6d            2 (1:FALSE)      --              FALSE  bn_addr_gen.h,l:51,c:87 -> l:74,c:7                 
                                                                                                                  
data_en_7d            2 (1:FALSE)      --              FALSE  bn_addr_gen.h,l:51,c:99 -> l:75,c:7                 
                                                                                                                  
data_en_8d            2 (1:FALSE)      --              FALSE  bn_addr_gen.h,l:51,c:111 -> l:76,c:7                
                                                                                                                  
data_en_9d            2 (1:FALSE)      --              FALSE  bn_addr_gen.h,l:51,c:123 -> l:77,c:7                
                                                                                                                  
data_en_10d           2 (1:FALSE)      --              FALSE  bn_addr_gen.h,l:51,c:135 -> l:78,c:7                
                                                                                                                  
data_en_11d           2 (1:FALSE)      --              FALSE  bn_addr_gen.h,l:51,c:148 -> l:79,c:7                
                                                                                                                  
data_en_12d           2 (1:FALSE)      --              FALSE  bn_addr_gen.h,l:51,c:161 -> l:80,c:7                
                                                                                                                  
of_enable_1d          3 (2:FALSE)      --              FALSE  bn_addr_gen.h,l:44,c:27 -> l:83,c:7                 
                                                                                                                  
of_enable_2d          3 (2:FALSE)      --              FALSE  bn_addr_gen.h,l:45,c:27 -> l:84,c:7                 
                                                                                                                  
of_enable_3d          3 (2:FALSE)      --              FALSE  bn_addr_gen.h,l:46,c:27 -> l:85,c:7                 
                                                                                                                  
of_enable_4d          3 (2:FALSE)      --              FALSE  bn_addr_gen.h,l:47,c:27 -> l:86,c:7                 
                                                                                                                  
of_enable_5d          3 (2:FALSE)      --              FALSE  bn_addr_gen.h,l:48,c:27 -> l:87,c:7                 
                                                                                                                  
data_en_1d            3 (2:FALSE)      --              FALSE  bn_addr_gen.h,l:51,c:27 -> l:89,c:7                 
                                                                                                                  
data_en_2d            3 (2:FALSE)      --              FALSE  bn_addr_gen.h,l:51,c:39 -> l:90,c:7                 
                                                                                                                  
data_en_3d            3 (2:FALSE)      --              FALSE  bn_addr_gen.h,l:51,c:51 -> l:91,c:7                 
                                                                                                                  
data_en_4d            3 (2:FALSE)      --              FALSE  bn_addr_gen.h,l:51,c:63 -> l:92,c:7                 
                                                                                                                  
data_en_5d            3 (2:FALSE)      --              FALSE  bn_addr_gen.h,l:51,c:75 -> l:93,c:7                 
                                                                                                                  
data_en_6d            3 (2:FALSE)      --              FALSE  bn_addr_gen.h,l:51,c:87 -> l:94,c:7                 
                                                                                                                  
data_en_7d            3 (2:FALSE)      --              FALSE  @(f:bn_addr_gen.h,l:51,c:99->l:119,c:25)            
                                                                                                                  
data_en_8d            3 (2:FALSE)      --              FALSE  bn_addr_gen.h,l:51,c:111 -> l:96,c:7                
                                                                                                                  
data_en_9d            3 (2:FALSE)      --              FALSE  @(f:bn_addr_gen.h,l:51,c:123->l:122,c:25)           
                                                                                                                  
data_en_10d           3 (2:FALSE)      --              FALSE  bn_addr_gen.h,l:51,c:135 -> l:98,c:7                
                                                                                                                  
data_en_11d           3 (2:FALSE)      --              FALSE  bn_addr_gen.h,l:51,c:148 -> l:99,c:7                
                                                                                                                  
data_en_9d            4 (3:TRUE)       --              FALSE  bn_addr_gen.h,l:51,c:123 -> l:98,c:21               
                                                                                                                  
data_en_7d            4 (3:TRUE)       --              FALSE  bn_addr_gen.h,l:51,c:99 -> l:96,c:20                
                                                                                                                  
of_enable             4 (3:TRUE)       --              FALSE  bn_addr_gen.h,l:41,c:27 -> l:83,c:22                
                                                                                                                  
of_enable_1d          4 (3:TRUE)       --              FALSE  bn_addr_gen.h,l:44,c:27 -> l:84,c:22                
                                                                                                                  
of_enable_2d          4 (3:TRUE)       --              FALSE  bn_addr_gen.h,l:45,c:27 -> l:85,c:22                
                                                                                                                  
of_enable_3d          4 (3:TRUE)       --              FALSE  bn_addr_gen.h,l:46,c:27 -> l:86,c:22                
                                                                                                                  
of_enable_4d          4 (3:TRUE)       --              FALSE  bn_addr_gen.h,l:47,c:27 -> l:87,c:22                
                                                                                                                  
of_enable_5d          4 (3:TRUE)       --              FALSE  bn_addr_gen.h,l:48,c:27 -> l:88,c:22                
                                                                                                                  
data_en               4 (3:TRUE)       --              FALSE  bn_addr_gen.h,l:21,c:15 -> l:89,c:20                
                                                                                                                  
data_en_1d            4 (3:TRUE)       --              FALSE  bn_addr_gen.h,l:51,c:27 -> l:90,c:20                
                                                                                                                  
data_en_2d            4 (3:TRUE)       --              FALSE  bn_addr_gen.h,l:51,c:39 -> l:91,c:20                
                                                                                                                  
data_en_3d            4 (3:TRUE)       --              FALSE  bn_addr_gen.h,l:51,c:51 -> l:92,c:20                
                                                                                                                  
data_en_4d            4 (3:TRUE)       --              FALSE  bn_addr_gen.h,l:51,c:63 -> l:93,c:20                
                                                                                                                  
data_en_5d            4 (3:TRUE)       --              FALSE  bn_addr_gen.h,l:51,c:75 -> l:94,c:20                
                                                                                                                  
data_en_6d            4 (3:TRUE)       --              FALSE  bn_addr_gen.h,l:51,c:87 -> l:95,c:20                
                                                                                                                  
data_en_8d            4 (3:TRUE)       --              FALSE  bn_addr_gen.h,l:51,c:111 -> l:97,c:20               
                                                                                                                  
data_en_10d           4 (3:TRUE)       --              FALSE  bn_addr_gen.h,l:51,c:135 -> l:99,c:21               
                                                                                                                  
data_en_11d           4 (3:TRUE)       --              FALSE  bn_addr_gen.h,l:51,c:148 -> l:100,c:21              
                                                                                                                  
data_en_12d           4 (3:TRUE)       --              FALSE  bn_addr_gen.h,l:51,c:161 -> l:100,c:7               
                                                                                                                  
data_en_11d           4 (3:TRUE)       --              FALSE  bn_addr_gen.h,l:51,c:148 -> l:99,c:7                
                                                                                                                  
data_en_10d           4 (3:TRUE)       --              FALSE  bn_addr_gen.h,l:51,c:135 -> l:98,c:7                
                                                                                                                  
data_en_9d            4 (3:TRUE)       --              FALSE  bn_addr_gen.h,l:51,c:123 -> l:97,c:7                
                                                                                                                  
data_en_8d            4 (3:TRUE)       --              FALSE  bn_addr_gen.h,l:51,c:111 -> l:96,c:7                
                                                                                                                  
data_en_7d            4 (3:TRUE)       --              FALSE  bn_addr_gen.h,l:51,c:99 -> l:95,c:7                 
                                                                                                                  
data_en_6d            4 (3:TRUE)       --              FALSE  bn_addr_gen.h,l:51,c:87 -> l:94,c:7                 
                                                                                                                  
data_en_5d            4 (3:TRUE)       --              FALSE  bn_addr_gen.h,l:51,c:75 -> l:93,c:7                 
                                                                                                                  
data_en_4d            4 (3:TRUE)       --              FALSE  bn_addr_gen.h,l:51,c:63 -> l:92,c:7                 
                                                                                                                  
data_en_3d            4 (3:TRUE)       --              FALSE  bn_addr_gen.h,l:51,c:51 -> l:91,c:7                 
                                                                                                                  
data_en_2d            4 (3:TRUE)       --              FALSE  bn_addr_gen.h,l:51,c:39 -> l:90,c:7                 
                                                                                                                  
data_en_1d            4 (3:TRUE)       --              FALSE  bn_addr_gen.h,l:51,c:27 -> l:89,c:7                 
                                                                                                                  
of_enable_6d          4 (3:TRUE)       --              FALSE  bn_addr_gen.h,l:49,c:27 -> l:88,c:7                 
                                                                                                                  
of_enable_5d          4 (3:TRUE)       --              FALSE  bn_addr_gen.h,l:48,c:27 -> l:87,c:7                 
                                                                                                                  
of_enable_4d          4 (3:TRUE)       --              FALSE  bn_addr_gen.h,l:47,c:27 -> l:86,c:7                 
                                                                                                                  
of_enable_3d          4 (3:TRUE)       --              FALSE  bn_addr_gen.h,l:46,c:27 -> l:85,c:7                 
                                                                                                                  
of_enable_2d          4 (3:TRUE)       --              FALSE  bn_addr_gen.h,l:45,c:27 -> l:84,c:7                 
                                                                                                                  
of_enable_1d          4 (3:TRUE)       --              FALSE  bn_addr_gen.h,l:44,c:27 -> l:83,c:7                 
                                                                                                                  
                                                                                                                  
