=========================================================
Scheduler report file
Generated by stratus_hls 19.10-p100  (91500.011111)
On:          Thu Jan 14 20:51:04 2021
Project Dir: /home/hanji/stratus/mv1/train_npu/sfu
Module:      in_buff
HLS Config:  DPA
=========================================================
Scheduler report for : _out_data_valid                                                                            
--------------------------------------                                                                                            
                                                                                                                  
Op                    SID(BB;Clocked)  Pipeline Stage  IS     SRCLOC                                              
--                    ---------------  --------------  --     ------                                              
                                                                                                                  
out_data_valid        2 (1:FALSE)      --              FALSE  in_buff.h,l:14,c:16 -> l:243,c:9                    
                                                                                                                  
read_en_1d            4 (3:TRUE)       --              FALSE  in_buff.h,l:26,c:19 -> l:246,c:26                   
                                                                                                                  
read_en_2d            4 (3:TRUE)       --              FALSE  in_buff.h,l:27,c:19 -> l:246,c:39                   
                                                                                                                  
read_en_3d            4 (3:TRUE)       --              FALSE  in_buff.h,l:28,c:19 -> l:246,c:52                   
                                                                                                                  
read_en_4d            4 (3:TRUE)       --              FALSE  in_buff.h,l:29,c:19 -> l:246,c:65                   
                                                                                                                  
                      4 (3:TRUE)       --              FALSE  f:in_buff.h,l:246,c:63                              
                                                                                                                  
out_data_valid        4 (3:TRUE)       --              FALSE  in_buff.h,l:14,c:16 -> l:246,c:9 &                  
                                                                                                                  
                                                                                                                  
Scheduler report for : _out_data                                                                                  
--------------------------------                                                                                            
                                                                                                                  
Op                    SID(BB;Clocked)  Pipeline Stage  IS     SRCLOC                                              
--                    ---------------  --------------  --     ------                                              
                                                                                                                  
out_data[0].[0]       2 (1:FALSE)      --              FALSE  @(f:in_buff.h,l:13,c:24->i:0)                       
                                                                                                                  
out_data[1].[1]       2 (1:FALSE)      --              FALSE  @(f:in_buff.h,l:13,c:24->i:1)                       
                                                                                                                  
out_data[2].[2]       2 (1:FALSE)      --              FALSE  @(f:in_buff.h,l:13,c:24->i:2)                       
                                                                                                                  
out_data[3].[3]       2 (1:FALSE)      --              FALSE  @(f:in_buff.h,l:13,c:24->i:3)                       
                                                                                                                  
out_data[4].[4]       2 (1:FALSE)      --              FALSE  @(f:in_buff.h,l:13,c:24->i:4)                       
                                                                                                                  
out_data[5].[5]       2 (1:FALSE)      --              FALSE  @(f:in_buff.h,l:13,c:24->i:5)                       
                                                                                                                  
out_data[6].[6]       2 (1:FALSE)      --              FALSE  @(f:in_buff.h,l:13,c:24->i:6)                       
                                                                                                                  
out_data[7].[7]       2 (1:FALSE)      --              FALSE  @(f:in_buff.h,l:13,c:24->i:7)                       
                                                                                                                  
read_en_1d            4 (3:TRUE)       --              FALSE  in_buff.h,l:26,c:19 -> l:215,c:14                   
                                                                                                                  
read_en_2d            5 (4:FALSE)      --              FALSE  in_buff.h,l:27,c:19 -> l:221,c:14                   
                                                                                                                  
w_data                6 (11:FALSE)     --              FALSE  in_buff.h,l:21,c:27                                 
                                                                                                                  
out_data[0].[0]       6 (11:FALSE)     --              FALSE  @(f:in_buff.h,l:13,c:24->i:0)                       
                                                                                                                  
w_data                6 (11:FALSE)     --              FALSE  in_buff.h,l:21,c:27                                 
                                                                                                                  
out_data[1].[1]       6 (11:FALSE)     --              FALSE  @(f:in_buff.h,l:13,c:24->i:1)                       
                                                                                                                  
w_data                6 (11:FALSE)     --              FALSE  in_buff.h,l:21,c:27                                 
                                                                                                                  
out_data[2].[2]       6 (11:FALSE)     --              FALSE  @(f:in_buff.h,l:13,c:24->i:2)                       
                                                                                                                  
w_data                6 (11:FALSE)     --              FALSE  in_buff.h,l:21,c:27                                 
                                                                                                                  
out_data[3].[3]       6 (11:FALSE)     --              FALSE  @(f:in_buff.h,l:13,c:24->i:3)                       
                                                                                                                  
w_data                6 (11:FALSE)     --              FALSE  in_buff.h,l:21,c:27                                 
                                                                                                                  
out_data[4].[4]       6 (11:FALSE)     --              FALSE  @(f:in_buff.h,l:13,c:24->i:4)                       
                                                                                                                  
w_data                6 (11:FALSE)     --              FALSE  in_buff.h,l:21,c:27                                 
                                                                                                                  
out_data[5].[5]       6 (11:FALSE)     --              FALSE  @(f:in_buff.h,l:13,c:24->i:5)                       
                                                                                                                  
w_data                6 (11:FALSE)     --              FALSE  in_buff.h,l:21,c:27                                 
                                                                                                                  
out_data[6].[6]       6 (11:FALSE)     --              FALSE  @(f:in_buff.h,l:13,c:24->i:6)                       
                                                                                                                  
w_data                6 (11:FALSE)     --              FALSE  in_buff.h,l:21,c:27                                 
                                                                                                                  
out_data[7].[7]       6 (11:FALSE)     --              FALSE  @(f:in_buff.h,l:13,c:24->i:7)                       
                                                                                                                  
read_en_3d            7 (5:FALSE)      --              FALSE  in_buff.h,l:28,c:19 -> l:227,c:14                   
                                                                                                                  
w_data                8 (10:FALSE)     --              FALSE  in_buff.h,l:21,c:27                                 
                                                                                                                  
out_data[0].[0]       8 (10:FALSE)     --              FALSE  @(f:in_buff.h,l:13,c:24->i:0)                       
                                                                                                                  
w_data                8 (10:FALSE)     --              FALSE  in_buff.h,l:21,c:27                                 
                                                                                                                  
out_data[1].[1]       8 (10:FALSE)     --              FALSE  @(f:in_buff.h,l:13,c:24->i:1)                       
                                                                                                                  
w_data                8 (10:FALSE)     --              FALSE  in_buff.h,l:21,c:27                                 
                                                                                                                  
out_data[2].[2]       8 (10:FALSE)     --              FALSE  @(f:in_buff.h,l:13,c:24->i:2)                       
                                                                                                                  
w_data                8 (10:FALSE)     --              FALSE  in_buff.h,l:21,c:27                                 
                                                                                                                  
out_data[3].[3]       8 (10:FALSE)     --              FALSE  @(f:in_buff.h,l:13,c:24->i:3)                       
                                                                                                                  
w_data                8 (10:FALSE)     --              FALSE  in_buff.h,l:21,c:27                                 
                                                                                                                  
out_data[4].[4]       8 (10:FALSE)     --              FALSE  @(f:in_buff.h,l:13,c:24->i:4)                       
                                                                                                                  
w_data                8 (10:FALSE)     --              FALSE  in_buff.h,l:21,c:27                                 
                                                                                                                  
out_data[5].[5]       8 (10:FALSE)     --              FALSE  @(f:in_buff.h,l:13,c:24->i:5)                       
                                                                                                                  
w_data                8 (10:FALSE)     --              FALSE  in_buff.h,l:21,c:27                                 
                                                                                                                  
out_data[6].[6]       8 (10:FALSE)     --              FALSE  @(f:in_buff.h,l:13,c:24->i:6)                       
                                                                                                                  
w_data                8 (10:FALSE)     --              FALSE  in_buff.h,l:21,c:27                                 
                                                                                                                  
out_data[7].[7]       8 (10:FALSE)     --              FALSE  @(f:in_buff.h,l:13,c:24->i:7)                       
                                                                                                                  
read_en_4d            10 (6:FALSE)     --              FALSE  in_buff.h,l:29,c:19 -> l:233,c:14                   
                                                                                                                  
w_data                11 (9:FALSE)     --              FALSE  in_buff.h,l:21,c:27                                 
                                                                                                                  
out_data[0].[0]       11 (9:FALSE)     --              FALSE  @(f:in_buff.h,l:13,c:24->i:0)                       
                                                                                                                  
w_data                11 (9:FALSE)     --              FALSE  in_buff.h,l:21,c:27                                 
                                                                                                                  
out_data[1].[1]       11 (9:FALSE)     --              FALSE  @(f:in_buff.h,l:13,c:24->i:1)                       
                                                                                                                  
w_data                11 (9:FALSE)     --              FALSE  in_buff.h,l:21,c:27                                 
                                                                                                                  
out_data[2].[2]       11 (9:FALSE)     --              FALSE  @(f:in_buff.h,l:13,c:24->i:2)                       
                                                                                                                  
w_data                11 (9:FALSE)     --              FALSE  in_buff.h,l:21,c:27                                 
                                                                                                                  
out_data[3].[3]       11 (9:FALSE)     --              FALSE  @(f:in_buff.h,l:13,c:24->i:3)                       
                                                                                                                  
w_data                11 (9:FALSE)     --              FALSE  in_buff.h,l:21,c:27                                 
                                                                                                                  
out_data[4].[4]       11 (9:FALSE)     --              FALSE  @(f:in_buff.h,l:13,c:24->i:4)                       
                                                                                                                  
w_data                11 (9:FALSE)     --              FALSE  in_buff.h,l:21,c:27                                 
                                                                                                                  
out_data[5].[5]       11 (9:FALSE)     --              FALSE  @(f:in_buff.h,l:13,c:24->i:5)                       
                                                                                                                  
w_data                11 (9:FALSE)     --              FALSE  in_buff.h,l:21,c:27                                 
                                                                                                                  
out_data[6].[6]       11 (9:FALSE)     --              FALSE  @(f:in_buff.h,l:13,c:24->i:6)                       
                                                                                                                  
w_data                11 (9:FALSE)     --              FALSE  in_buff.h,l:21,c:27                                 
                                                                                                                  
out_data[7].[7]       11 (9:FALSE)     --              FALSE  @(f:in_buff.h,l:13,c:24->i:7)                       
                                                                                                                  
w_data                15 (8:FALSE)     --              FALSE  in_buff.h,l:21,c:27                                 
                                                                                                                  
out_data[0].[0]       15 (8:FALSE)     --              FALSE  @(f:in_buff.h,l:13,c:24->i:0)                       
                                                                                                                  
w_data                15 (8:FALSE)     --              FALSE  in_buff.h,l:21,c:27                                 
                                                                                                                  
out_data[1].[1]       15 (8:FALSE)     --              FALSE  @(f:in_buff.h,l:13,c:24->i:1)                       
                                                                                                                  
w_data                15 (8:FALSE)     --              FALSE  in_buff.h,l:21,c:27                                 
                                                                                                                  
out_data[2].[2]       15 (8:FALSE)     --              FALSE  @(f:in_buff.h,l:13,c:24->i:2)                       
                                                                                                                  
w_data                15 (8:FALSE)     --              FALSE  in_buff.h,l:21,c:27                                 
                                                                                                                  
out_data[3].[3]       15 (8:FALSE)     --              FALSE  @(f:in_buff.h,l:13,c:24->i:3)                       
                                                                                                                  
w_data                15 (8:FALSE)     --              FALSE  in_buff.h,l:21,c:27                                 
                                                                                                                  
out_data[4].[4]       15 (8:FALSE)     --              FALSE  @(f:in_buff.h,l:13,c:24->i:4)                       
                                                                                                                  
w_data                15 (8:FALSE)     --              FALSE  in_buff.h,l:21,c:27                                 
                                                                                                                  
out_data[5].[5]       15 (8:FALSE)     --              FALSE  @(f:in_buff.h,l:13,c:24->i:5)                       
                                                                                                                  
w_data                15 (8:FALSE)     --              FALSE  in_buff.h,l:21,c:27                                 
                                                                                                                  
out_data[6].[6]       15 (8:FALSE)     --              FALSE  @(f:in_buff.h,l:13,c:24->i:6)                       
                                                                                                                  
w_data                15 (8:FALSE)     --              FALSE  in_buff.h,l:21,c:27                                 
                                                                                                                  
out_data[7].[7]       15 (8:FALSE)     --              FALSE  @(f:in_buff.h,l:13,c:24->i:7)                       
                                                                                                                  
                                                                                                                  
Scheduler report for : _tmp_rd_ptr                                                                                
----------------------------------                                                                                            
                                                                                                                  
Op                    SID(BB;Clocked)  Pipeline Stage  IS     SRCLOC                                              
--                    ---------------  --------------  --     ------                                              
                                                                                                                  
tmp_rd_ptr            2 (1:FALSE)      --              FALSE  in_buff.h,l:34,c:27 -> l:197,c:7                    
                                                                                                                  
tmp_rd_ptr            3 (2:FALSE)      --              FALSE  in_buff.h,l:34,c:27 -> l:199,c:7                    
                                                                                                                  
fifo_cnt              4 (3:TRUE)       --              FALSE  in_buff.h,l:35,c:27 -> l:198,c:14                   
                                                                                                                  
tmp_rd_ptr            4 (3:TRUE)       --              FALSE  in_buff.h,l:34,c:27 -> l:199,c:7                    
                                                                                                                  
                      4 (3:TRUE)       --              FALSE  f:in_buff.h,l:198,c:14                              
                                                                                                                  
f:in_buff.h,l:199,c:  4 (3:TRUE)       --              FALSE  & c:38 & operator= @c:18 & l:198,c:10               
                                                                                                                  
tmp_rd_ptr            4 (3:TRUE)       --              FALSE  in_buff.h,l:34,c:27 -> l:199,c:7 &                  
                                                                                                                  
                                                                                                                  
Scheduler report for : _w_data                                                                                    
------------------------------                                                                                            
                                                                                                                  
Op                    SID(BB;Clocked)  Pipeline Stage  IS     SRCLOC                                              
--                    ---------------  --------------  --     ------                                              
                                                                                                                  
out_tmp               3 (2:TRUE)       --              FALSE  in_buff.h,l:20,c:20                                 
                                                                                                                  
w_data[0].[0]         3 (2:TRUE)       --              FALSE  @(f:in_buff.h,l:21,c:27->i:0)                       
                                                                                                                  
w_data[1].[1]         3 (2:TRUE)       --              FALSE  @(f:in_buff.h,l:21,c:27->i:1)                       
                                                                                                                  
w_data[2].[2]         3 (2:TRUE)       --              FALSE  @(f:in_buff.h,l:21,c:27->i:2)                       
                                                                                                                  
w_data[3].[3]         3 (2:TRUE)       --              FALSE  @(f:in_buff.h,l:21,c:27->i:3)                       
                                                                                                                  
w_data[4].[4]         3 (2:TRUE)       --              FALSE  @(f:in_buff.h,l:21,c:27->i:4)                       
                                                                                                                  
w_data[5].[5]         3 (2:TRUE)       --              FALSE  @(f:in_buff.h,l:21,c:27->i:5)                       
                                                                                                                  
w_data[6].[6]         3 (2:TRUE)       --              FALSE  @(f:in_buff.h,l:21,c:27->i:6)                       
                                                                                                                  
w_data[7].[7]         3 (2:TRUE)       --              FALSE  @(f:in_buff.h,l:21,c:27->i:7)                       
                                                                                                                  
w_data[8].[8]         3 (2:TRUE)       --              FALSE  @(f:in_buff.h,l:21,c:27->i:8)                       
                                                                                                                  
w_data[9].[9]         3 (2:TRUE)       --              FALSE  @(f:in_buff.h,l:21,c:27->i:9)                       
                                                                                                                  
w_data[10].[10]       3 (2:TRUE)       --              FALSE  @(f:in_buff.h,l:21,c:27->i:10)                      
                                                                                                                  
w_data[11].[11]       3 (2:TRUE)       --              FALSE  @(f:in_buff.h,l:21,c:27->i:11)                      
                                                                                                                  
w_data[12].[12]       3 (2:TRUE)       --              FALSE  @(f:in_buff.h,l:21,c:27->i:12)                      
                                                                                                                  
w_data[13].[13]       3 (2:TRUE)       --              FALSE  @(f:in_buff.h,l:21,c:27->i:13)                      
                                                                                                                  
w_data[14].[14]       3 (2:TRUE)       --              FALSE  @(f:in_buff.h,l:21,c:27->i:14)                      
                                                                                                                  
w_data[15].[15]       3 (2:TRUE)       --              FALSE  @(f:in_buff.h,l:21,c:27->i:15)                      
                                                                                                                  
w_data[16].[16]       3 (2:TRUE)       --              FALSE  @(f:in_buff.h,l:21,c:27->i:16)                      
                                                                                                                  
w_data[17].[17]       3 (2:TRUE)       --              FALSE  @(f:in_buff.h,l:21,c:27->i:17)                      
                                                                                                                  
w_data[18].[18]       3 (2:TRUE)       --              FALSE  @(f:in_buff.h,l:21,c:27->i:18)                      
                                                                                                                  
w_data[19].[19]       3 (2:TRUE)       --              FALSE  @(f:in_buff.h,l:21,c:27->i:19)                      
                                                                                                                  
w_data[20].[20]       3 (2:TRUE)       --              FALSE  @(f:in_buff.h,l:21,c:27->i:20)                      
                                                                                                                  
w_data[21].[21]       3 (2:TRUE)       --              FALSE  @(f:in_buff.h,l:21,c:27->i:21)                      
                                                                                                                  
w_data[22].[22]       3 (2:TRUE)       --              FALSE  @(f:in_buff.h,l:21,c:27->i:22)                      
                                                                                                                  
w_data[23].[23]       3 (2:TRUE)       --              FALSE  @(f:in_buff.h,l:21,c:27->i:23)                      
                                                                                                                  
w_data[24].[24]       3 (2:TRUE)       --              FALSE  @(f:in_buff.h,l:21,c:27->i:24)                      
                                                                                                                  
w_data[25].[25]       3 (2:TRUE)       --              FALSE  @(f:in_buff.h,l:21,c:27->i:25)                      
                                                                                                                  
w_data[26].[26]       3 (2:TRUE)       --              FALSE  @(f:in_buff.h,l:21,c:27->i:26)                      
                                                                                                                  
w_data[27].[27]       3 (2:TRUE)       --              FALSE  @(f:in_buff.h,l:21,c:27->i:27)                      
                                                                                                                  
w_data[28].[28]       3 (2:TRUE)       --              FALSE  @(f:in_buff.h,l:21,c:27->i:28)                      
                                                                                                                  
w_data[29].[29]       3 (2:TRUE)       --              FALSE  @(f:in_buff.h,l:21,c:27->i:29)                      
                                                                                                                  
w_data[30].[30]       3 (2:TRUE)       --              FALSE  @(f:in_buff.h,l:21,c:27->i:30)                      
                                                                                                                  
w_data[31].[31]       3 (2:TRUE)       --              FALSE  @(f:in_buff.h,l:21,c:27->i:31)                      
                                                                                                                  
                                                                                                                  
Scheduler report for : _delay                                                                                     
-----------------------------                                                                                            
                                                                                                                  
Op                    SID(BB;Clocked)  Pipeline Stage  IS     SRCLOC                                              
--                    ---------------  --------------  --     ------                                              
                                                                                                                  
read_en_1d            2 (1:FALSE)      --              FALSE  in_buff.h,l:26,c:19 -> l:41,c:7                     
                                                                                                                  
read_en_2d            2 (1:FALSE)      --              FALSE  in_buff.h,l:27,c:19 -> l:42,c:7                     
                                                                                                                  
read_en_3d            2 (1:FALSE)      --              FALSE  in_buff.h,l:28,c:19 -> l:43,c:7                     
                                                                                                                  
read_en_4d            2 (1:FALSE)      --              FALSE  in_buff.h,l:29,c:19 -> l:44,c:7                     
                                                                                                                  
read_en_1d            3 (2:FALSE)      --              FALSE  @[ mapped (f:in_buff.h,l:26,c:19->l:246,c:26) mapp  
                                                                                                                  
read_en_2d            3 (2:FALSE)      --              FALSE  @[ mapped (f:in_buff.h,l:27,c:19->l:246,c:39) mapp  
                                                                                                                  
read_en_3d            3 (2:FALSE)      --              FALSE  @[ mapped (f:in_buff.h,l:28,c:19->l:246,c:52) mapp  
                                                                                                                  
read_en_3d            4 (3:TRUE)       --              FALSE  in_buff.h,l:28,c:19 -> l:50,c:20                    
                                                                                                                  
read_en_2d            4 (3:TRUE)       --              FALSE  in_buff.h,l:27,c:19 -> l:49,c:20                    
                                                                                                                  
read_en_1d            4 (3:TRUE)       --              FALSE  in_buff.h,l:26,c:19 -> l:48,c:20                    
                                                                                                                  
read_en               4 (3:TRUE)       --              FALSE  in_buff.h,l:25,c:19 -> l:47,c:20                    
                                                                                                                  
read_en_4d            4 (3:TRUE)       --              FALSE  in_buff.h,l:29,c:19 -> l:50,c:7                     
                                                                                                                  
read_en_3d            4 (3:TRUE)       --              FALSE  in_buff.h,l:28,c:19 -> l:49,c:7                     
                                                                                                                  
read_en_2d            4 (3:TRUE)       --              FALSE  in_buff.h,l:27,c:19 -> l:48,c:7                     
                                                                                                                  
read_en_1d            4 (3:TRUE)       --              FALSE  in_buff.h,l:26,c:19 -> l:47,c:7                     
                                                                                                                  
                                                                                                                  
Scheduler report for : _rd_ptr                                                                                    
------------------------------                                                                                            
                                                                                                                  
Op                    SID(BB;Clocked)  Pipeline Stage  IS     SRCLOC                                              
--                    ---------------  --------------  --     ------                                              
                                                                                                                  
tmp_rd_ptr            3 (2:TRUE)       --              FALSE  in_buff.h,l:34,c:27 -> l:204,c:14                   
                                                                                                                  
rd_ptr                3 (2:TRUE)       --              FALSE  in_buff.h,l:33,c:27 -> l:204,c:5                    
                                                                                                                  
                                                                                                                  
Scheduler report for : _rd_en                                                                                     
-----------------------------                                                                                            
                                                                                                                  
Op                    SID(BB;Clocked)  Pipeline Stage  IS     SRCLOC                                              
--                    ---------------  --------------  --     ------                                              
                                                                                                                  
tmp_rd_ptr            3 (2:TRUE)       --              FALSE  in_buff.h,l:34,c:27 -> l:175,c:9                    
                                                                                                                  
f:in_buff.h,l:175,c:  3 (2:TRUE)       --              FALSE  & operator @c:26                                    
                                                                                                                  
rd_en                 3 (2:TRUE)       --              FALSE  in_buff.h,l:31,c:26 -> l:178,c:7 &                  
                                                                                                                  
                                                                                                                  
Scheduler report for : _read_en                                                                                   
-------------------------------                                                                                            
                                                                                                                  
Op                    SID(BB;Clocked)  Pipeline Stage  IS     SRCLOC                                              
--                    ---------------  --------------  --     ------                                              
                                                                                                                  
rd_en                 3 (2:TRUE)       --              FALSE  in_buff.h,l:31,c:26 -> l:183,c:15                   
                                                                                                                  
read_en               3 (2:TRUE)       --              FALSE  in_buff.h,l:25,c:19 -> l:183,c:5                    
                                                                                                                  
                                                                                                                  
Scheduler report for : _fifo_cnt                                                                                  
--------------------------------                                                                                            
                                                                                                                  
Op                    SID(BB;Clocked)  Pipeline Stage  IS     SRCLOC                                              
--                    ---------------  --------------  --     ------                                              
                                                                                                                  
fifo_cnt              2 (1:FALSE)      --              FALSE  in_buff.h,l:35,c:27 -> l:154,c:7                    
                                                                                                                  
fifo_cnt              3 (2:FALSE)      --              FALSE  @(f:in_buff.h,l:35,c:27->l:198,c:14) -> l:161,c:7   
                                                                                                                  
fifo_cnt              4 (3:TRUE)       --              FALSE  in_buff.h,l:35,c:27 -> [l:155,c:91, c:88]           
                                                                                                                  
fifo_cnt              4 (3:TRUE)       --              FALSE  in_buff.h,l:35,c:27 -> [l:155,c:44, c:60]           
                                                                                                                  
fifo_cnt              4 (3:TRUE)       --              FALSE  in_buff.h,l:35,c:27 -> [l:158,c:43, c:59]           
                                                                                                                  
in_data_valid         4 (3:TRUE)       --              FALSE  in_buff.h,l:12,c:15 -> [l:158,c:14, l:155,c:15]     
                                                                                                                  
rd_en                 4 (3:TRUE)       --              FALSE  in_buff.h,l:31,c:26 -> [l:160,c:14, l:155,c:70]     
                                                                                                                  
fifo_cnt              4 (3:TRUE)       --              FALSE  in_buff.h,l:35,c:27 -> [l:160,c:35, c:32]           
                                                                                                                  
fifo_cnt              4 (3:TRUE)       --              FALSE  in_buff.h,l:35,c:27 -> l:161,c:7                    
                                                                                                                  
                      4 (3:TRUE)       --              FALSE  f:in_buff.h,l:155,c:88                              
                                                                                                                  
f:in_buff.h,l:155,c:  4 (3:TRUE)       --              FALSE  & c:60                                              
                                                                                                                  
f:in_buff.h,l:158,c:  4 (3:TRUE)       --              FALSE  & c:59                                              
                                                                                                                  
                      4 (3:TRUE)       --              FALSE  f:in_buff.h,l:155,c:66                              
                                                                                                                  
                      4 (3:TRUE)       --              FALSE  f:in_buff.h,l:158,c:40                              
                                                                                                                  
                      4 (3:TRUE)       --              FALSE  f:in_buff.h,l:160,c:32                              
                                                                                                                  
                      4 (3:TRUE)       --              FALSE  f:in_buff.h,l:160,c:32                              
                                                                                                                  
f:in_buff.h,l:159,c:  4 (3:TRUE)       --              FALSE  & c:34                                              
                                                                                                                  
f:in_buff.h,l:161,c:  4 (3:TRUE)       --              FALSE  & c:34 & operator= @c:16 & l:160,c:10               
                                                                                                                  
operator=             4 (3:TRUE)       --              FALSE  in_buff.h,l:161,c:16 & l:160,c:10 & operator= @l:1  
                                                                                                                  
operator=             4 (3:TRUE)       --              FALSE  in_buff.h,l:161,c:16 & l:160,c:10 & operator= @l:1  
                                                                                                                  
fifo_cnt              4 (3:TRUE)       --              FALSE  in_buff.h,l:35,c:27 -> l:161,c:7 &                  
                                                                                                                  
                                                                                                                  
Scheduler report for : _fifo_read                                                                                 
---------------------------------                                                                                            
                                                                                                                  
Op                    SID(BB;Clocked)  Pipeline Stage  IS     SRCLOC                                              
--                    ---------------  --------------  --     ------                                              
                                                                                                                  
enable                3 (2:TRUE)       --              FALSE  in_buff.h,l:10,c:15 -> l:88,c:9                     
                                                                                                                  
rd_en                 3 (2:TRUE)       --              FALSE  in_buff.h,l:31,c:26 -> l:88,c:31                    
                                                                                                                  
fifo_cnt              3 (2:TRUE)       --              FALSE  in_buff.h,l:35,c:27 -> l:88,c:52                    
                                                                                                                  
                      3 (2:TRUE)       --              FALSE  f:in_buff.h,l:88,c:49                               
                                                                                                                  
                      3 (2:TRUE)       --              FALSE  f:in_buff.h,l:88,c:28                               
                                                                                                                  
                      3 (2:TRUE)       --              FALSE  f:in_buff.h,l:88,c:49                               
                                                                                                                  
rd_ptr                5 (4:FALSE)      --              FALSE  in_buff.h,l:33,c:27 -> l:89,c:22                    
                                                                                                                  
fifo[7]               5 (4:FALSE)      --              FALSE  @(f:in_buff.h,l:37,c:33->i:7) -> l:89,c:21          
                                                                                                                  
fifo[6]               5 (4:FALSE)      --              FALSE  @(f:in_buff.h,l:37,c:33->i:6) -> l:89,c:21          
                                                                                                                  
fifo[5]               5 (4:FALSE)      --              FALSE  @(f:in_buff.h,l:37,c:33->i:5) -> l:89,c:21          
                                                                                                                  
fifo[4]               5 (4:FALSE)      --              FALSE  @(f:in_buff.h,l:37,c:33->i:4) -> l:89,c:21          
                                                                                                                  
fifo[3]               5 (4:FALSE)      --              FALSE  @(f:in_buff.h,l:37,c:33->i:3) -> l:89,c:21          
                                                                                                                  
fifo[2]               5 (4:FALSE)      --              FALSE  @(f:in_buff.h,l:37,c:33->i:2) -> l:89,c:21          
                                                                                                                  
fifo[1]               5 (4:FALSE)      --              FALSE  @(f:in_buff.h,l:37,c:33->i:1) -> l:89,c:21          
                                                                                                                  
fifo[0]               5 (4:FALSE)      --              FALSE  @(f:in_buff.h,l:37,c:33->i:0) -> l:89,c:21          
                                                                                                                  
                      5 (4:FALSE)      --              FALSE  f:in_buff.h,l:89,c:21                               
                                                                                                                  
out_tmp               5 (4:FALSE)      --              FALSE  in_buff.h,l:20,c:20 -> l:89,c:7 & operator= @c:15   
                                                                                                                  
                                                                                                                  
Scheduler report for : _wr_en                                                                                     
-----------------------------                                                                                            
                                                                                                                  
Op                    SID(BB;Clocked)  Pipeline Stage  IS     SRCLOC                                              
--                    ---------------  --------------  --     ------                                              
                                                                                                                  
in_data_valid         3 (2:TRUE)       --              FALSE  in_buff.h,l:12,c:15 -> l:166,c:9                    
                                                                                                                  
wr_en                 3 (2:TRUE)       --              FALSE  in_buff.h,l:31,c:19 -> l:169,c:7                    
                                                                                                                  
                                                                                                                  
Scheduler report for : _wr_ptr                                                                                    
------------------------------                                                                                            
                                                                                                                  
Op                    SID(BB;Clocked)  Pipeline Stage  IS     SRCLOC                                              
--                    ---------------  --------------  --     ------                                              
                                                                                                                  
wr_ptr                2 (1:FALSE)      --              FALSE  in_buff.h,l:32,c:27 -> l:189,c:7                    
                                                                                                                  
wr_ptr                3 (2:FALSE)      --              FALSE  in_buff.h,l:32,c:27 -> l:191,c:7                    
                                                                                                                  
fifo_cnt              4 (3:TRUE)       --              FALSE  in_buff.h,l:35,c:27 -> l:190,c:35                   
                                                                                                                  
wr_en                 4 (3:TRUE)       --              FALSE  in_buff.h,l:31,c:19 -> l:190,c:14                   
                                                                                                                  
wr_ptr                4 (3:TRUE)       --              FALSE  in_buff.h,l:32,c:27 -> l:191,c:7                    
                                                                                                                  
f:in_buff.h,l:190,c:  4 (3:TRUE)       --              FALSE  & c:51                                              
                                                                                                                  
                      4 (3:TRUE)       --              FALSE  f:in_buff.h,l:190,c:32                              
                                                                                                                  
f:in_buff.h,l:191,c:  4 (3:TRUE)       --              FALSE  & c:30 & operator= @c:14 & l:190,c:10               
                                                                                                                  
wr_ptr                4 (3:TRUE)       --              FALSE  in_buff.h,l:32,c:27 -> l:191,c:7 &                  
                                                                                                                  
                                                                                                                  
Scheduler report for : _in_data_concate                                                                           
---------------------------------------                                                                                            
                                                                                                                  
Op                    SID(BB;Clocked)  Pipeline Stage  IS     SRCLOC                                              
--                    ---------------  --------------  --     ------                                              
                                                                                                                  
in_data_valid         3 (2:TRUE)       --              FALSE  in_buff.h,l:12,c:15 -> l:55,c:9                     
                                                                                                                  
concate_in_data       4 (3:FALSE)      --              FALSE  in_buff.h,l:17,c:33 -> l:67,c:7                     
                                                                                                                  
in_data[31].[31]      5 (4:FALSE)      --              FALSE  @(f:in_buff.h,l:11,c:23->i:31)                      
                                                                                                                  
in_data[30].[30]      5 (4:FALSE)      --              FALSE  @(f:in_buff.h,l:11,c:23->i:30)                      
                                                                                                                  
in_data[29].[29]      5 (4:FALSE)      --              FALSE  @(f:in_buff.h,l:11,c:23->i:29)                      
                                                                                                                  
in_data[28].[28]      5 (4:FALSE)      --              FALSE  @(f:in_buff.h,l:11,c:23->i:28)                      
                                                                                                                  
in_data[27].[27]      5 (4:FALSE)      --              FALSE  @(f:in_buff.h,l:11,c:23->i:27)                      
                                                                                                                  
in_data[26].[26]      5 (4:FALSE)      --              FALSE  @(f:in_buff.h,l:11,c:23->i:26)                      
                                                                                                                  
in_data[25].[25]      5 (4:FALSE)      --              FALSE  @(f:in_buff.h,l:11,c:23->i:25)                      
                                                                                                                  
in_data[24].[24]      5 (4:FALSE)      --              FALSE  @(f:in_buff.h,l:11,c:23->i:24)                      
                                                                                                                  
in_data[23].[23]      5 (4:FALSE)      --              FALSE  @(f:in_buff.h,l:11,c:23->i:23)                      
                                                                                                                  
in_data[22].[22]      5 (4:FALSE)      --              FALSE  @(f:in_buff.h,l:11,c:23->i:22)                      
                                                                                                                  
in_data[21].[21]      5 (4:FALSE)      --              FALSE  @(f:in_buff.h,l:11,c:23->i:21)                      
                                                                                                                  
in_data[20].[20]      5 (4:FALSE)      --              FALSE  @(f:in_buff.h,l:11,c:23->i:20)                      
                                                                                                                  
in_data[19].[19]      5 (4:FALSE)      --              FALSE  @(f:in_buff.h,l:11,c:23->i:19)                      
                                                                                                                  
in_data[18].[18]      5 (4:FALSE)      --              FALSE  @(f:in_buff.h,l:11,c:23->i:18)                      
                                                                                                                  
in_data[17].[17]      5 (4:FALSE)      --              FALSE  @(f:in_buff.h,l:11,c:23->i:17)                      
                                                                                                                  
in_data[16].[16]      5 (4:FALSE)      --              FALSE  @(f:in_buff.h,l:11,c:23->i:16)                      
                                                                                                                  
in_data[15].[15]      5 (4:FALSE)      --              FALSE  @(f:in_buff.h,l:11,c:23->i:15)                      
                                                                                                                  
in_data[14].[14]      5 (4:FALSE)      --              FALSE  @(f:in_buff.h,l:11,c:23->i:14)                      
                                                                                                                  
in_data[13].[13]      5 (4:FALSE)      --              FALSE  @(f:in_buff.h,l:11,c:23->i:13)                      
                                                                                                                  
in_data[12].[12]      5 (4:FALSE)      --              FALSE  @(f:in_buff.h,l:11,c:23->i:12)                      
                                                                                                                  
in_data[11].[11]      5 (4:FALSE)      --              FALSE  @(f:in_buff.h,l:11,c:23->i:11)                      
                                                                                                                  
in_data[10].[10]      5 (4:FALSE)      --              FALSE  @(f:in_buff.h,l:11,c:23->i:10)                      
                                                                                                                  
in_data[9].[9]        5 (4:FALSE)      --              FALSE  @(f:in_buff.h,l:11,c:23->i:9)                       
                                                                                                                  
in_data[8].[8]        5 (4:FALSE)      --              FALSE  @(f:in_buff.h,l:11,c:23->i:8)                       
                                                                                                                  
in_data[7].[7]        5 (4:FALSE)      --              FALSE  @(f:in_buff.h,l:11,c:23->i:7)                       
                                                                                                                  
in_data[6].[6]        5 (4:FALSE)      --              FALSE  @(f:in_buff.h,l:11,c:23->i:6)                       
                                                                                                                  
in_data[5].[5]        5 (4:FALSE)      --              FALSE  @(f:in_buff.h,l:11,c:23->i:5)                       
                                                                                                                  
in_data[4].[4]        5 (4:FALSE)      --              FALSE  @(f:in_buff.h,l:11,c:23->i:4)                       
                                                                                                                  
in_data[3].[3]        5 (4:FALSE)      --              FALSE  @(f:in_buff.h,l:11,c:23->i:3)                       
                                                                                                                  
in_data[2].[2]        5 (4:FALSE)      --              FALSE  @(f:in_buff.h,l:11,c:23->i:2)                       
                                                                                                                  
in_data[1].[1]        5 (4:FALSE)      --              FALSE  @(f:in_buff.h,l:11,c:23->i:1)                       
                                                                                                                  
in_data[0].[0]        5 (4:FALSE)      --              FALSE  @(f:in_buff.h,l:11,c:23->i:0)                       
                                                                                                                  
concate_in_data       5 (4:FALSE)      --              FALSE  in_buff.h,l:17,c:33 -> l:62,c:7                     
                                                                                                                  
                                                                                                                  
Scheduler report for : _fifo_write                                                                                
----------------------------------                                                                                            
                                                                                                                  
Op                    SID(BB;Clocked)  Pipeline Stage  IS     SRCLOC                                              
--                    ---------------  --------------  --     ------                                              
                                                                                                                  
fifo[0].[0]           2 (1:FALSE)      --              FALSE  @(f:in_buff.h,l:37,c:33->i:0)                       
                                                                                                                  
fifo[1].[1]           2 (1:FALSE)      --              FALSE  @(f:in_buff.h,l:37,c:33->i:1)                       
                                                                                                                  
fifo[2].[2]           2 (1:FALSE)      --              FALSE  @(f:in_buff.h,l:37,c:33->i:2)                       
                                                                                                                  
fifo[3].[3]           2 (1:FALSE)      --              FALSE  @(f:in_buff.h,l:37,c:33->i:3)                       
                                                                                                                  
fifo[4].[4]           2 (1:FALSE)      --              FALSE  @(f:in_buff.h,l:37,c:33->i:4)                       
                                                                                                                  
fifo[5].[5]           2 (1:FALSE)      --              FALSE  @(f:in_buff.h,l:37,c:33->i:5)                       
                                                                                                                  
fifo[6].[6]           2 (1:FALSE)      --              FALSE  @(f:in_buff.h,l:37,c:33->i:6)                       
                                                                                                                  
fifo[7].[7]           2 (1:FALSE)      --              FALSE  @(f:in_buff.h,l:37,c:33->i:7)                       
                                                                                                                  
enable                4 (3:TRUE)       --              FALSE  in_buff.h,l:10,c:15 -> l:79,c:14                    
                                                                                                                  
wr_en                 4 (3:TRUE)       --              FALSE  in_buff.h,l:31,c:19 -> l:79,c:36                    
                                                                                                                  
fifo_cnt              4 (3:TRUE)       --              FALSE  in_buff.h,l:35,c:27 -> l:79,c:57                    
                                                                                                                  
                      4 (3:TRUE)       --              FALSE  f:in_buff.h,l:79,c:33                               
                                                                                                                  
f:in_buff.h,l:79,c:7  4 (3:TRUE)       --              FALSE  & c:73                                              
                                                                                                                  
                      4 (3:TRUE)       --              FALSE  f:in_buff.h,l:79,c:54                               
                                                                                                                  
wr_ptr                6 (5:FALSE)      --              FALSE  in_buff.h,l:32,c:27 -> l:80,c:12                    
                                                                                                                  
concate_in_data       6 (5:FALSE)      --              FALSE  in_buff.h,l:17,c:33 -> l:80,c:29                    
                                                                                                                  
                      6 (5:FALSE)      --              FALSE  f:in_buff.h,l:80,c:11                               
                                                                                                                  
f:in_buff.h,l:80,c:1  6 (5:FALSE)      --              FALSE  & c:11                                              
                                                                                                                  
fifo[7]               6 (5:FALSE)      --              FALSE  @(f:in_buff.h,l:37,c:33->i:7) -> l:80,c:11          
                                                                                                                  
f:in_buff.h,l:80,c:1  6 (5:FALSE)      --              FALSE  & c:11                                              
                                                                                                                  
fifo[6]               6 (5:FALSE)      --              FALSE  @(f:in_buff.h,l:37,c:33->i:6) -> l:80,c:11          
                                                                                                                  
f:in_buff.h,l:80,c:1  6 (5:FALSE)      --              FALSE  & c:11                                              
                                                                                                                  
fifo[5]               6 (5:FALSE)      --              FALSE  @(f:in_buff.h,l:37,c:33->i:5) -> l:80,c:11          
                                                                                                                  
f:in_buff.h,l:80,c:1  6 (5:FALSE)      --              FALSE  & c:11                                              
                                                                                                                  
fifo[4]               6 (5:FALSE)      --              FALSE  @(f:in_buff.h,l:37,c:33->i:4) -> l:80,c:11          
                                                                                                                  
f:in_buff.h,l:80,c:1  6 (5:FALSE)      --              FALSE  & c:11                                              
                                                                                                                  
fifo[3]               6 (5:FALSE)      --              FALSE  @(f:in_buff.h,l:37,c:33->i:3) -> l:80,c:11          
                                                                                                                  
f:in_buff.h,l:80,c:1  6 (5:FALSE)      --              FALSE  & c:11                                              
                                                                                                                  
fifo[2]               6 (5:FALSE)      --              FALSE  @(f:in_buff.h,l:37,c:33->i:2) -> l:80,c:11          
                                                                                                                  
f:in_buff.h,l:80,c:1  6 (5:FALSE)      --              FALSE  & c:11                                              
                                                                                                                  
fifo[1]               6 (5:FALSE)      --              FALSE  @(f:in_buff.h,l:37,c:33->i:1) -> l:80,c:11          
                                                                                                                  
                      6 (5:FALSE)      --              FALSE  f:in_buff.h,l:80,c:11                               
                                                                                                                  
fifo[0]               6 (5:FALSE)      --              FALSE  @(f:in_buff.h,l:37,c:33->i:0) -> l:80,c:11          
                                                                                                                  
                                                                                                                  
