Generating dependencies for HLS config DPA of linear_dequant.cpp
BDW_HLS_CONFIG=DPA BDW_CYNTH_CONFIG=DPA \
bdw_exec -jobproject project.tcl -job hls.linear_dequant.DPA.s \
/usr/cadence/installs/Stratus/bin/stratus_hls --logfile=stratus_hls.log -I. -Ibdw_work/wrappers -I/usr/cadence/installs/Stratus/share/stratus/include   --tl=/usr/cadence/installs/Stratus/share/stratus/techlibs/GPDK045/gsclib045_svt_v4.4/gsclib045/timing/slow_vdd1v2_basicCells.lib --clock_period=0.970 --default_input_delay=0.100 --flatten_arrays=none --message_detail=3 --path_delay_limit=100.000 --rtl_annotation=op,stack -DDPA=1 -DBDW_RTL_linear_dequant_DPA=1 --clock_period=0.970 --dpopt_auto=op,expr -Ibdw_work/libs/cynw_cm_float/c_parts -I/usr/cadence/installs/Stratus/share/stratus/cynware/cynw_cm_float/c_parts \
	-d bdw_work/modules/linear_dequant/DPA -o linear_dequant_rtl.cpp \
	--hls_module=linear_dequant --hls_config=DPA --project=project.tcl \
	-P bdw_work/libs/cynw_cm_float/c_parts -P /usr/cadence/installs/Stratus/share/stratus/cynware/cynw_cm_float/c_parts \
	-p cynw_cm_float \
	 \
	 \
	 linear_dequant.cpp

stratus_hls 19.10-p100  (91500.011111)
Copyright (c) 2019 Cadence Design Systems, Inc. All rights reserved worldwide.

        00481: -D is set to "__x86_64__, STRATUS=1, STRATUS_HLS=1, CYNTHESIZER,
        00481.   CYNTHHL, DPA=1, BDW_RTL_linear_dequant_DPA=1".
        00481: -I is set to "., bdw_work/wrappers,
        00481.   /usr/cadence/installs/Stratus/share/stratus/include,
        00481.   bdw_work/libs/cynw_cm_float/c_parts,
        00481.   /usr/cadence/installs/Stratus/share/stratus/cynware/cynw_cm_float/c_parts,
        00481.   /usr/cadence/installs/Stratus/share/stratus/include,
        00481.   /usr/cadence/installs/Stratus/tools.lnx86/stratus/systemc/2.3.1/include".
        00481: -U is not set.
        00481: --abort_level is set to "FATAL".
        00481: --allow_pipeline_loop_expansion is set to "on".
        00481: --attrib_value is not set.
        00481: --balance_expr is set to "off".
        00481: --cachelib is set to "on".
        00481: --cachelib_dir is not set.
        00481: --cap_table_file is not set.
        00481: --clock_gating_module is not set.
        00481: --clock_period is set to "0.970".
        00481: --comm_subexp_elim is set to "off".
        00481: --constrain_multiport_mem_distance is set to "on".
        00481: --cycle_slack is set to "0.000".
        00481: --default_input_delay is set to "0.100".
        00481: --default_preserve_io is set to "off".
        00481: --default_protocol is set to "off".
        00481: --default_stable_input_delay is not set.
        00481: --dont_ungroup_name is not set.
        00481: --dont_ungroup_type is set to "none".
        00481: --dpopt_auto is set to "op,expr".
        00481: --dpopt_effort is set to "normal".
        00481: --dpopt_with_enable is set to "off".
        00481: --eco_baseline is not set.
        00481: --eco_sharing is set to "off".
        00481: --fail_level is set to "ERROR".
        00481: --fixed_reset is set to "off".
        00481: --flatten_arrays is set to "none".
        00481: --fpga_dsp_latency is set to "2".
        00481: --fpga_dsp_min_widths is set to "12,12".
        00481: --fpga_part is not set.
        00481: --fpga_tool is not set.
        00481: --fpga_use_dsp is set to "off".
        00481: --global_state_encoding is set to "binary".
        00481: --help is not set.
        00481: --hls_config is set to "DPA".
        00481: --hls_module is set to "linear_dequant".
        00481: --ignore_cells is not set.
        00481: --ignore_scan_cells is set to "off".
        00481: --inline_partial_constants is set to "off".
        00481: --interconnect_mode is set to "wireload".
        00481: --lef_library is not set.
        00481: --logfile is set to "bdw_work/modules/linear_dequant/DPA/stratus_hls.log".
        00481: --lsb_trimming is set to "off".
        00481: --message_detail is set to "3".
        00481: --message_level is not set.
        00481: --message_suppress is not set.
        00481: --method_processing is set to "synthesize".
        00481: --mux_pushing is set to "on".
        00481: --number_of_routing_layers is not set.
        00481: --output is set to "linear_dequant_rtl.cpp".
        00481: --output_dir is set to "bdw_work/modules/linear_dequant/DPA".
        00481: --output_style_fp_rtl_same_arch is set to "off".
        00481: --output_style_fsm_increment is set to "on".
        00481: --output_style_mem is set to "array".
        00481: --output_style_merge_cases is set to "on".
        00481: --output_style_mux is set to "impl_case".
        00481: --output_style_parts is set to "rtl".
        00481: --output_style_pipelined_parts is set to "generic".
        00481: --output_style_reset_all is set to "off".
        00481: --output_style_reset_all_async is set to "off".
        00481: --output_style_reset_all_sync is set to "off".
        00481: --output_style_separate_behaviors is set to "off".
        00481: --output_style_separate_memories is set to "off".
        00481: --output_style_starc is set to "S2.2.2.2,S2.2.3.1,S2.3.1.1".
        00481: --output_style_structure_only is set to "off".
        00481: --output_style_two_part_fsm is set to "on".
        00481: --output_style_ungroup_parts is set to "on".
        00481: --parts_effort is set to "high".
        00481: --parts_lib is set to "cynw_cm_float".
        00481: --parts_lib_path is set to "bdw_work/libs/cynw_cm_float/c_parts,
        00481.   /usr/cadence/installs/Stratus/share/stratus/cynware/cynw_cm_float/c_parts".
        00481: --path_delay_limit is set to "100".
        00481: --path_delay_limit_unshare_regs is set to "on".
        00481: --pipelined_parts is set to "on".
        00481: --port_conns is set to "named".
        00481: --power is set to "off".
        00481: --power_clock_gating is set to "off".
        00481: --power_fsm is set to "off".
        00481: --power_memory is set to "off".
        00481: --prints is set to "on".
        00481: --project is set to "project.tcl".
        00481: --qrc_tech_file is not set.
        00481: --register_fsm_mux_selects is set to "on".
        00481: --relax_timing is set to "off".
        00481: --rtl_annotation is set to "op,stack".
        00481: --run_through is set to "rtl".
        00481: --scale_of_cap_per_unit_len is not set.
        00481: --scale_of_res_per_unit_len is not set.
        00481: --sched_analysis is set to "on_failure".
        00481: --sched_asap is set to "off".
        00481: --sched_effort is set to "medium".
        00481: --sharing_effort_parts is set to "high".
        00481: --sharing_effort_regs is set to "high".
        00481: --shift_trimming is set to "standard".
        00481: --simple_index_mapping is set to "off".
        00481: --split_add is set to "0".
        00481: --split_multiply is set to "0".
        00481: --src_file is set to "linear_dequant.cpp".
        00481: --summary_level is set to "WARNING".
        00481: --switch_optimizer is set to "on".
        00481: --tech_lib is set to "/usr/cadence/installs/Stratus/share/stratus/techlibs/GPDK045/gsclib045_svt_v4.4/gsclib045/timing/slow_vdd1v2_basicCells.lib".
        00481: --timing_aggression is set to "off".
        00481: --undef_func is set to "warn".
        00481: --unroll_loops is set to "off".
        00481: --verilog_dialect is set to "1995".
        00481: --wait_for_license is set to "off".
        00481: --wireload is not set.
   NOTE 03065: Control flow zipping is enabled
   NOTE 01483: Using cmdesigner 2019.1.01.8041 (03251817).
   NOTE 01727: Using Genus 17.11-s014_1.

        01425: Loading design and library files:
        01279:   All time values are in "ns".
   NOTE 01277:   Using a clock period of 0.970ns.
        01824:     Physical estimation options:
        01825:       interconnect_mode .......... wireload
        01825:       techlib ....................
        01825.         /usr/cadence/installs/Stratus/share/stratus/techlibs/GPDK045/gsclib045_svt_v4.4/gsclib045/timing/slow_vdd1v2_basicCells.lib
        00967:   Processing library
        02788:       Using cached results for cyn_reg_estimate_1
        01472:       Register Metrics:
        01440:          Register Type          Area              Delay (ns)
        01440.         --------------   -------------------   ---------------
        01440.         EN SS SC AS AC   Total   Comb    Seq     Prop    Setup
        01440.         -- -- -- -- --   -----  -----  -----   ------   ------
        01438:          0  0  0  0  0     5.5    0.0    5.5    0.114    0.066
        01438:          0  0  0  0  1     6.2    0.0    6.2    0.131    0.067
        01438:          0  0  0  1  0     6.5    0.0    6.5    0.127    0.067
        01438:          0  0  0  1  1    12.0    0.7   11.3    0.141    0.098
        01438:          0  0  1  0  0     6.8    1.4    5.5    0.114    0.123
        01438:          0  0  1  0  1     7.5    1.4    6.2    0.131    0.125
        01438:          0  0  1  1  0     7.9    1.4    6.5    0.127    0.125
        01438:          0  0  1  1  1    12.3    1.0   11.3    0.141    0.106
        01438:          0  1  0  0  0     6.8    1.4    5.5    0.114    0.104
        01438:          0  1  0  0  1     7.5    1.4    6.2    0.131    0.105
        01438:          0  1  0  1  0     7.9    1.4    6.5    0.127    0.120
        01438:          0  1  0  1  1    12.3    1.0   11.3    0.141    0.115
        01438:          0  1  1  0  0     7.5    2.1    5.5    0.114    0.147
        01438:          0  1  1  0  1     8.2    2.1    6.2    0.131    0.149
        01438:          0  1  1  1  0     8.6    2.1    6.5    0.127    0.149
        01438:          0  1  1  1  1    13.0    1.7   11.3    0.141    0.127
        01438:          1  0  0  0  0     7.5    0.0    7.5    0.112    0.122
        01438:          1  0  0  0  1     8.2    0.0    8.2    0.134    0.110
        01438:          1  0  0  1  0     8.9    2.4    6.5    0.129    0.143
        01438:          1  0  0  1  1    13.7    2.4   11.3    0.143    0.133
        01438:          1  0  1  0  0     8.9    1.4    7.5    0.112    0.177
        01438:          1  0  1  0  1     9.6    1.4    8.2    0.134    0.169
        01438:          1  0  1  1  0     9.9    1.7    8.2    0.153    0.131
        01438:          1  0  1  1  1    14.4    1.7   12.7    0.149    0.164
        01438:          1  1  0  0  0     8.9    1.4    7.5    0.112    0.158
        01438:          1  1  0  0  1     9.6    1.4    8.2    0.134    0.150
        01438:          1  1  0  1  0     9.9    1.7    8.2    0.153    0.145
        01438:          1  1  0  1  1    14.4    1.7   12.7    0.149    0.175
        01438:          1  1  1  0  0     9.6    2.1    7.5    0.112    0.202
        01438:          1  1  1  0  1    10.3    2.1    8.2    0.134    0.192
        01438:          1  1  1  1  0    10.6    2.4    8.2    0.153    0.156
        01438:          1  1  1  1  1    15.0    2.4   12.7    0.149    0.187
   NOTE 01037:     Characterizing multiplexors up to 1 bits by 33 inputs.
        02788:       Using cached results for cyn_mux_estimate_4
        01429:       Binary Multiplexor Metrics:
        01431:         Bitwidth    Num Inputs      Area    Delay (ns)
        01430:     1            2          2.86      0.061
        01430:     1            3          4.78      0.120
        01430:     1            4          7.23      0.120
        01430:     1            5          9.69      0.178
        01430:     1            8         17.06      0.178
        01430:     1            9         19.52      0.237
        01430:     1           16         36.72      0.237
        01430:     1           17         39.18      0.295
        01430:     1           32         76.04      0.295
        01430:     1           33         78.50      0.354
        01429:       Onehot Multiplexor Metrics:
        01431:         Bitwidth    Num Inputs      Area    Delay (ns)
        01430:     1            2          3.10      0.061
        01430:     1            3          4.15      0.095
        01430:     1            4          5.57      0.095
        01430:     1            5          7.00      0.133
        01430:     1            8         11.27      0.133
        01430:     1            9         12.70      0.172
        01430:     1           16         22.67      0.172
        01430:     1           17         24.09      0.210
        01430:     1           32         45.46      0.210
        01430:     1           33         46.88      0.249

        00148: Normalization and optimization:
   NOTE 00860:   Long int data types are being implemented with 64 bits.
        02923:   Dissolving function boundaries.
        02924:   Dissolved 111 function calls.
   NOTE 01446:   at fp_div.h line 40
   NOTE 01446.     The edge-triggered SC_METHOD, _float_rcp, does not have a
   NOTE 01446.     "dont_initialize()" invocation. This may lead to a mismatch
   NOTE 01446.     between the SystemC and Verilog simulation models.
   NOTE 01446:   at fp_div.h line 50
   NOTE 01446.     The edge-triggered SC_METHOD, _delays, does not have a
   NOTE 01446.     "dont_initialize()" invocation. This may lead to a mismatch
   NOTE 01446.     between the SystemC and Verilog simulation models.
   NOTE 01446:   at fp_div.h line 62
   NOTE 01446.     The edge-triggered SC_METHOD, _float_mul, does not have a
   NOTE 01446.     "dont_initialize()" invocation. This may lead to a mismatch
   NOTE 01446.     between the SystemC and Verilog simulation models.
   NOTE 01446:   at fp_div.h line 83
   NOTE 01446.     The edge-triggered SC_METHOD, _dst_valid, does not have a
   NOTE 01446.     "dont_initialize()" invocation. This may lead to a mismatch
   NOTE 01446.     between the SystemC and Verilog simulation models.
   NOTE 01446:   at linear_dequant.h line 73
   NOTE 01446.     The edge-triggered SC_METHOD, _dst_valid, does not have a
   NOTE 01446.     "dont_initialize()" invocation. This may lead to a mismatch
   NOTE 01446.     between the SystemC and Verilog simulation models.
   NOTE 01446:   at linear_dequant.h line 54
   NOTE 01446.     The edge-triggered SC_METHOD, _dst, does not have a
   NOTE 01446.     "dont_initialize()" invocation. This may lead to a mismatch
   NOTE 01446.     between the SystemC and Verilog simulation models.
        02831:       at /usr/cadence/installs/Stratus/share/stratus/cynware/cynw_cm_float/c_parts/cynw_cm_float_int.h
        02831.         line 1117
        02831.         Converting control branching to datapath elements. (3
        02831.         bits multiplexed)
        00116:   at linear_dequant.h line 73
        00116.     Optimizing method linear_dequant::_dst_valid
        00116:   at linear_dequant.h line 54
        00116.     Optimizing method linear_dequant::_dst
        00258:       at linear_dequant.h line 31
        00258.         Array div_valid, 8 words x 1 bits (8 total bits), HAS
        00258.         been flattened into 8, 1 bit scalar variables because it
        00258.         is an array of signals.
   HINT 00333:     at /usr/cadence/installs/Stratus/share/stratus/cynware/cynw_cm_float/c_parts/cynw_cm_float_int.h
   HINT 00333.       line 338
   HINT 00333.       This design may benefit from propagation of partial
   HINT 00333.       constants. Try using --inline_partial_constants=on
        00116:   at linear_dequant.h line 73
        00116.     Optimizing method linear_dequant::_dst_valid
        00305:     189 nodes
        00306:     Optimize: pass 1.
        00305:     82 nodes
        00306:     Optimize: pass 2.
        00305:     101 nodes
        00306:     Optimize: pass 3..
        00305:     98 nodes
        00306:     Optimize: pass 4.
        00305:     98 nodes
        00306:     Optimize: pass 5.
        00305:     98 nodes
        00306:     Optimize: pass 6.
        02831:       at linear_dequant.h line 77
        02831.         Converting control branching to datapath elements. (11
        02831.         bits multiplexed)
        00305:     67 nodes
        00306:     Optimize: pass 7..
        00305:     64 nodes
        00306:     Optimize: pass 8.
        00305:     63 nodes
        00306:     Optimize: pass 9..
        00305:     61 nodes
        00306:     Optimize: pass 10.
        00305:     55 nodes
        00306:     Optimize: pass 11..
        00305:     52 nodes
        00306:     Optimize: pass 12.
        00305:     52 nodes
        00306:     Optimize: pass 13.
        00305:     52 nodes
        00306:     Optimize: pass 14.
        00116:   at linear_dequant.h line 54
        00116.     Optimizing method linear_dequant::_dst
        00305:     1580 nodes
        00306:     Optimize: pass 1..
        00305:     791 nodes
        00306:     Optimize: pass 2.
        00305:     802 nodes
        00306:     Optimize: pass 3.
        00305:     791 nodes
        00306:     Optimize: pass 4.
        00288:     at /usr/cadence/installs/Stratus/share/stratus/cynware/cynw_cm_float/c_parts/cynw_cm_float_int.h
        00288.       line 803
        00288.       Unrolling loop 32 times because it is inside a protocol
        00288.       block and does not contain a wait.
        00288:     at linear_dequant.h line 68
        00288.       Unrolling loop 8 times because it is inside a protocol
        00288.       block and does not contain a wait.
        00288:     at linear_dequant.h line 62
        00288.       Unrolling loop 8 times because it is inside a protocol
        00288.       block and does not contain a wait.
        00305:     3552 nodes
        00306:     Optimize: pass 5....
        00305:     1955 nodes
        00306:     Optimize: pass 6..
        00305:     1949 nodes
        00306:     Optimize: pass 7.
        00258:       at /usr/cadence/installs/Stratus/share/stratus/cynware/cynw_cm_float/c_parts/cynw_cm_float_int.h
        00258.         line 409
        00258.         Array src.sign, 8 words x 1 bits (8 total bits), HAS
        00258.         been flattened into 8, 1 bit scalar variables because it
        00258.         is an array of ports.
        00258:       at /usr/cadence/installs/Stratus/share/stratus/cynware/cynw_cm_float/c_parts/cynw_cm_float_int.h
        00258.         line 408
        00258.         Array src.exp, 8 words x 8 bits (64 total bits), HAS
        00258.         been flattened into 8, 8 bit scalar variables because it
        00258.         is an array of ports.
        00258:       at /usr/cadence/installs/Stratus/share/stratus/cynware/cynw_cm_float/c_parts/cynw_cm_float_int.h
        00258.         line 407
        00258.         Array src.man, 8 words x 23 bits (184 total bits), HAS
        00258.         been flattened into 8, 23 bit scalar variables because
        00258.         it is an array of ports.
        00258:       at /usr/cadence/installs/Stratus/share/stratus/cynware/cynw_cm_float/c_parts/cynw_cm_float_int.h
        00258.         line 409
        00258.         Array div_result.sign, 8 words x 1 bits (8 total bits),
        00258.         HAS been flattened into 8, 1 bit scalar variables
        00258.         because it is an array of signals.
        00258:       at /usr/cadence/installs/Stratus/share/stratus/cynware/cynw_cm_float/c_parts/cynw_cm_float_int.h
        00258.         line 408
        00258.         Array div_result.exp, 8 words x 8 bits (64 total bits),
        00258.         HAS been flattened into 8, 8 bit scalar variables
        00258.         because it is an array of signals.
        00258:       at /usr/cadence/installs/Stratus/share/stratus/cynware/cynw_cm_float/c_parts/cynw_cm_float_int.h
        00258.         line 407
        00258.         Array div_result.man, 8 words x 23 bits (184 total
        00258.         bits), HAS been flattened into 8, 23 bit scalar
        00258.         variables because it is an array of signals.
        00305:     1853 nodes
        00306:     Optimize: pass 8.
        00288:     at linear_dequant.h line 57
        00288.       Unrolling loop 8 times because it is inside a protocol
        00288.       block and does not contain a wait.
        00305:     13413 nodes
        00306:     Optimize: pass 9....
        00305:     11926 nodes
        00306:     Optimize: pass 10..
        00305:     11923 nodes
        00306:     Optimize: pass 11.
        00258:       at /usr/cadence/installs/Stratus/share/stratus/cynware/cynw_cm_float/c_parts/cynw_cm_float_int.h
        00258.         line 409
        00258.         Array dst.sign, 8 words x 1 bits (8 total bits), HAS
        00258.         been flattened into 8, 1 bit scalar variables because it
        00258.         is an array of ports.
        00258:       at /usr/cadence/installs/Stratus/share/stratus/cynware/cynw_cm_float/c_parts/cynw_cm_float_int.h
        00258.         line 408
        00258.         Array dst.exp, 8 words x 8 bits (64 total bits), HAS
        00258.         been flattened into 8, 8 bit scalar variables because it
        00258.         is an array of ports.
        00258:       at /usr/cadence/installs/Stratus/share/stratus/cynware/cynw_cm_float/c_parts/cynw_cm_float_int.h
        00258.         line 407
        00258.         Array dst.man, 8 words x 23 bits (184 total bits), HAS
        00258.         been flattened into 8, 23 bit scalar variables because
        00258.         it is an array of ports.
        00305:     11779 nodes
        00306:     Optimize: pass 12.
        00305:     11771 nodes
        00306:     Optimize: pass 13.
        00305:     11771 nodes
        00306:     Optimize: pass 14.
        00305:     11771 nodes
        00306:     Optimize: pass 15.
        02831:       at /usr/cadence/installs/Stratus/share/stratus/cynware/cynw_cm_float/c_parts/cynw_cm_float_int.h
        02831.         line 804
        02831.         Converting control branching to datapath elements. (10
        02831.         bits multiplexed)
        02831:       at /usr/cadence/installs/Stratus/share/stratus/cynware/cynw_cm_float/c_parts/cynw_cm_float_int.h
        02831.         line 1122
        02831.         Converting control branching to datapath elements. (10
        02831.         bits multiplexed)
        02831:       at /usr/cadence/installs/Stratus/share/stratus/cynware/cynw_cm_float/c_parts/cynw_cm_float_int.h
        02831.         line 957
        02831.         Converting control branching to datapath elements. (10
        02831.         bits multiplexed)
        00305:     11275 nodes
        00306:     Optimize: pass 16..
        00305:     11203 nodes
        00306:     Optimize: pass 17.
        02831:       at /usr/cadence/installs/Stratus/share/stratus/cynware/cynw_cm_float/c_parts/cynw_cm_float_int.h
        02831.         line 1120
        02831.         Converting control branching to datapath elements. (10
        02831.         bits multiplexed)
        02831:       at /usr/cadence/installs/Stratus/share/stratus/cynware/cynw_cm_float/c_parts/cynw_cm_float_int.h
        02831.         line 956
        02831.         Converting control branching to datapath elements. (10
        02831.         bits multiplexed)
        00305:     10531 nodes
        00306:     Optimize: pass 18...
        00305:     10283 nodes
        00306:     Optimize: pass 19.
        00305:     10155 nodes
        00306:     Optimize: pass 20..
        00305:     10107 nodes
        00306:     Optimize: pass 21.
        00305:     9979 nodes
        00306:     Optimize: pass 22..
        00305:     9931 nodes
        00306:     Optimize: pass 23.
        00305:     9803 nodes
        00306:     Optimize: pass 24..
        00305:     9755 nodes
        00306:     Optimize: pass 25.
        00305:     9627 nodes
        00306:     Optimize: pass 26..
        00305:     9579 nodes
        00306:     Optimize: pass 27.
        00305:     9451 nodes
        00306:     Optimize: pass 28..
        00305:     9403 nodes
        00306:     Optimize: pass 29.
        00305:     9275 nodes
        00306:     Optimize: pass 30..
        00305:     9227 nodes
        00306:     Optimize: pass 31.
        00305:     9099 nodes
        00306:     Optimize: pass 32..
        00305:     9051 nodes
        00306:     Optimize: pass 33.
        00305:     8923 nodes
        00306:     Optimize: pass 34..
        00305:     8875 nodes
        00306:     Optimize: pass 35.
        00305:     8747 nodes
        00306:     Optimize: pass 36..
        00305:     8699 nodes
        00306:     Optimize: pass 37.
        00305:     8571 nodes
        00306:     Optimize: pass 38..
        00305:     8523 nodes
        00306:     Optimize: pass 39.
        00305:     8395 nodes
        00306:     Optimize: pass 40..
        00305:     8347 nodes
        00306:     Optimize: pass 41.
        00305:     8219 nodes
        00306:     Optimize: pass 42..
        00305:     8171 nodes
        00306:     Optimize: pass 43.
        00305:     8043 nodes
        00306:     Optimize: pass 44..
        00305:     7995 nodes
        00306:     Optimize: pass 45.
        00305:     7867 nodes
        00306:     Optimize: pass 46..
        00305:     7819 nodes
        00306:     Optimize: pass 47.
        00305:     7691 nodes
        00306:     Optimize: pass 48..
        00305:     7643 nodes
        00306:     Optimize: pass 49.
        00305:     7515 nodes
        00306:     Optimize: pass 50..
        00305:     7467 nodes
        00306:     Optimize: pass 51.
        00305:     7339 nodes
        00306:     Optimize: pass 52..
        00305:     7291 nodes
        00306:     Optimize: pass 53.
        00305:     7163 nodes
        00306:     Optimize: pass 54..
        00305:     7115 nodes
        00306:     Optimize: pass 55.
        00305:     6987 nodes
        00306:     Optimize: pass 56..
        00305:     6939 nodes
        00306:     Optimize: pass 57.
        00305:     6811 nodes
        00306:     Optimize: pass 58..
        00305:     6763 nodes
        00306:     Optimize: pass 59.
        00305:     6635 nodes
        00306:     Optimize: pass 60..
        00305:     6587 nodes
        00306:     Optimize: pass 61.
        00305:     6459 nodes
        00306:     Optimize: pass 62..
        00305:     6411 nodes
        00306:     Optimize: pass 63.
        00305:     6283 nodes
        00306:     Optimize: pass 64..
        00305:     6235 nodes
        00306:     Optimize: pass 65.
        00305:     6107 nodes
        00306:     Optimize: pass 66..
        00305:     6059 nodes
        00306:     Optimize: pass 67.
        00305:     5931 nodes
        00306:     Optimize: pass 68..
        00305:     5883 nodes
        00306:     Optimize: pass 69.
        00305:     5755 nodes
        00306:     Optimize: pass 70..
        00305:     5707 nodes
        00306:     Optimize: pass 71.
        00305:     5579 nodes
        00306:     Optimize: pass 72..
        00305:     5531 nodes
        00306:     Optimize: pass 73.
        00305:     5403 nodes
        00306:     Optimize: pass 74..
        00305:     5355 nodes
        00306:     Optimize: pass 75.
        00305:     5227 nodes
        00306:     Optimize: pass 76..
        00305:     5179 nodes
        00306:     Optimize: pass 77.
        00305:     4907 nodes
        00306:     Optimize: pass 78..
        00305:     4835 nodes
        00306:     Optimize: pass 79.
        02831:       at /usr/cadence/installs/Stratus/share/stratus/cynware/cynw_cm_float/c_parts/cynw_cm_float_int.h
        02831.         line 1104
        02831.         Converting control branching to datapath elements. (10
        02831.         bits multiplexed)
        00305:     4667 nodes
        00306:     Optimize: pass 80...
        00305:     4571 nodes
        00306:     Optimize: pass 81.
        02831:       at /usr/cadence/installs/Stratus/share/stratus/cynware/cynw_cm_float/c_parts/cynw_cm_float_int.h
        02831.         line 1098
        02831.         Converting control branching to datapath elements. (10
        02831.         bits multiplexed)
        00305:     4403 nodes
        00306:     Optimize: pass 82...
        00305:     4307 nodes
        00306:     Optimize: pass 83.
        00305:     4451 nodes
        00306:     Optimize: pass 84..
        00305:     3299 nodes
        00306:     Optimize: pass 85.
        00305:     3235 nodes
        00306:     Optimize: pass 86..
        00305:     3171 nodes
        00306:     Optimize: pass 87.
        00305:     3163 nodes
        00306:     Optimize: pass 88.
        00305:     3147 nodes
        00306:     Optimize: pass 89.
        00305:     3123 nodes
        00306:     Optimize: pass 90..
        00305:     3115 nodes
        00306:     Optimize: pass 91.
        00305:     3131 nodes
        00306:     Optimize: pass 92..
        00305:     3099 nodes
        00306:     Optimize: pass 93.
   NOTE 00494:       at /usr/cadence/installs/Stratus/share/stratus/cynware/cynw_cm_float/c_parts/cynw_cm_float_int.h
   NOTE 00494.         line 1097
   NOTE 00494.         Created dpopt part for "int_to_cynw_cm_float".
        00305:     1139 nodes
        00306:     Optimize: pass 94...
        00305:     795 nodes
        00306:     Optimize: pass 95.
        00305:     284 nodes
        00306:     Optimize: pass 96.
        00305:     284 nodes
        00306:     Optimize: pass 97.
        00305:     284 nodes
        00306:     Optimize: pass 98.
        01352:   at linear_dequant.h line 73
        01352.     Postprocessing method linear_dequant::_dst_valid
        01352:   at linear_dequant.h line 54
        01352.     Postprocessing method linear_dequant::_dst
   NOTE 00486: Creating custom parts for this design
   NOTE 00487: Created 1 part
   NOTE 00488:     dpopt_auto: Suggesting 0 parts

        00182: Initial resource mapping:
   NOTE 01037:     Characterizing multiplexors up to 23 bits by 33 inputs.
   NOTE 02776:     Obtaining mux metrics for techlib...

   NOTE 03280: A specified technology library contains scan flip flops which
   NOTE 03280.   may be used in timing estimation.

   NOTE 00171: No wireload models present in technology library,
   NOTE 00171.   /usr/cadence/installs/Stratus/share/stratus/techlibs/GPDK045/gsclib045_svt_v4.4/gsclib045/timing/slow_vdd1v2_basicCells.lib.

   NOTE 00198: No wire load model is being used.

        01429:       Binary Multiplexor Metrics:
        01431:         Bitwidth    Num Inputs      Area    Delay (ns)
        01430:     1            2          2.86      0.061
        01430:     1            3          4.78      0.120
        01430:     1            4          7.23      0.120
        01430:     1            5          9.69      0.178
        01430:     1            8         17.06      0.178
        01430:     1            9         19.52      0.237
        01430:     1           16         36.72      0.237
        01430:     1           17         39.18      0.295
        01430:     1           32         76.04      0.295
        01430:     1           33         78.50      0.354
        01430:     8            2         22.89      0.061
        01430:     8            3         31.04      0.148
        01430:     8            4         47.02      0.148
        01430:     8            5         62.99      0.207
        01430:     8            8        110.91      0.207
        01430:     8            9        126.89      0.265
        01430:     8           16        238.70      0.265
        01430:     8           17        254.68      0.324
        01430:     8           32        494.28      0.324
        01430:     8           33        510.26      0.382
        01430:    16            2         45.79      0.061
        01430:    16            3         59.70      0.158
        01430:    16            4         90.42      0.158
        01430:    16            5        121.14      0.216
        01430:    16            8        213.29      0.216
        01430:    16            9        244.01      0.274
        01430:    16           16        459.04      0.274
        01430:    16           17        489.76      0.333
        01430:    16           32        950.55      0.333
        01430:    16           33        981.26      0.391
        01430:    23            2         65.82      0.061
        01430:    23            3         84.77      0.167
        01430:    23            4        128.39      0.167
        01430:    23            5        172.01      0.225
        01430:    23            8        302.88      0.225
        01430:    23            9        346.50      0.284
        01430:    23           16        651.84      0.284
        01430:    23           17        695.46      0.342
        01430:    23           32       1349.78      0.342
        01430:    23           33       1393.40      0.401
        01429:       Onehot Multiplexor Metrics:
        01431:         Bitwidth    Num Inputs      Area    Delay (ns)
        01430:     1            2          3.10      0.061
        01430:     1            3          4.15      0.095
        01430:     1            4          5.57      0.095
        01430:     1            5          7.00      0.133
        01430:     1            8         11.27      0.133
        01430:     1            9         12.70      0.172
        01430:     1           16         22.67      0.172
        01430:     1           17         24.09      0.210
        01430:     1           32         45.46      0.210
        01430:     1           33         46.88      0.249
        01430:     8            2         24.84      0.061
        01430:     8            3         26.98      0.095
        01430:     8            4         36.23      0.095
        01430:     8            5         45.49      0.133
        01430:     8            8         73.27      0.133
        01430:     8            9         82.53      0.172
        01430:     8           16        147.34      0.172
        01430:     8           17        156.60      0.210
        01430:     8           32        295.48      0.210
        01430:     8           33        304.73      0.249
        01430:    16            2         49.67      0.061
        01430:    16            3         51.88      0.095
        01430:    16            4         69.68      0.095
        01430:    16            5         87.49      0.133
        01430:    16            8        140.90      0.133
        01430:    16            9        158.71      0.172
        01430:    16           16        283.34      0.172
        01430:    16           17        301.15      0.210
        01430:    16           32        568.22      0.210
        01430:    16           33        586.03      0.249
        01430:    23            2         71.40      0.061
        01430:    23            3         73.67      0.095
        01430:    23            4         98.95      0.095
        01430:    23            5        124.23      0.133
        01430:    23            8        200.08      0.133
        01430:    23            9        225.37      0.172
        01430:    23           16        402.35      0.172
        01430:    23           17        427.63      0.210
        01430:    23           32        806.88      0.210
        01430:    23           33        832.16      0.249
        00968:   Matching resources
        02723:       Synthesizing linear_dequant_N_Muxb_1_2_0_4...
        02790:         Area =     2.39  Latency = 0  Delay =    0.090ns
        02788:       Using cached results for linear_dequant_N_Muxb_1_2_0_1
        02790:         Area =    11.75  Latency = 0  Delay =    0.060ns

        00969: Scheduling:
   NOTE 01437:   at linear_dequant.h line 73
   NOTE 01437.     Using global default input delay value of 0.100ns.
   NOTE 01437:   at linear_dequant.h line 54
   NOTE 01437.     Using global default input delay value of 0.100ns.
               .
        01171:   Scheduling method linear_dequant::_dst_valid
        02080:       sched_asap            off     
        02080:       sched_effort          medium  
        02080:       sharing_effort_parts  high    
        02080:       sharing_effort_regs   high    
        02080:       relax_timing          off     
        02080:       power_clock_gating    off     
        02098:     Total op count: 6
        03257:     Sharable op count: 0
        01170:     Unsharable op count: 6
        01166:     Estimated intrinsic mux area: 11
        01167:     at linear_dequant.h line 80 estimated mux area: 11
        01168:     Symbol:dst_valid Mux inputs: 2 Width: 1 Mux area: 11
        02361:     Schedule complete. Optimizing
        01230:     Optimize: pass 1..
        01230:     Optimize: pass 2

        00970: Allocation & binding:
        01218:     Scheduling Resources:
        01219:                            Resource Quantity
        01220:       linear_dequant_N_Muxb_1_2_0_4        1
               .
        01171:   Scheduling method linear_dequant::_dst
        02080:       sched_asap            off     
        02080:       sched_effort          medium  
        02080:       sharing_effort_parts  high    
        02080:       sharing_effort_regs   high    
        02080:       relax_timing          off     
        02080:       power_clock_gating    off     
        02098:     Total op count: 122
        03257:     Sharable op count: 0
        01170:     Unsharable op count: 122
        01166:     Estimated intrinsic mux area: 0
        02361:     Schedule complete. Optimizing
        01230:     Optimize: pass 1.
        01230:     Optimize: pass 2

        00970: Allocation & binding:
        01218:     Scheduling Resources:
        01463:       No scheduled resources (functional units) are needed.

        02918: RTL Generation & Optimization:
        02917:   Preparing method linear_dequant::_dst_valid for final RTL
        02917.     output
        01006:     States: 2
        01677:     Building RTL structures, pass 1
        01677:     Building RTL structures, pass 2

               ...........................................................................
               .                                                                         .
        00802: . Allocation Report for method "_dst_valid":                              .
        00805: .                                             Area/Instance               .
        00805: .                                       ------------------------    Total .
        00805: .                      Resource  Count    Seq(#FF)    Comb    BB     Area .
        00805: . -----------------------------  -----  ----------  ------  ----  ------- .
        00807: . linear_dequant_N_Muxb_1_2_0_4      1                 2.4            2.4 .
        00810: .                implicit muxes                                       2.9 .
        00808: .                     registers      1                                    .
        00809: .                 register bits      1    5.5(1)       0.0            5.5 .
        00811: . ----------------------------------------------------------------------- .
        00812: .                    Total Area           5.5(1)       5.3   0.0     10.7 .
               .                                                                         .
               ...........................................................................


        01677:     Building RTL structures, pass 3
        02917:   Preparing method linear_dequant::_dst for final RTL output
        01006:     States: 2
        01677:     Building RTL structures, pass 1
        01677:     Building RTL structures, pass 2

               .............................................................
               .                                                           .
        00802: . Allocation Report for method "_dst":                      .
        00805: .                              Area/Instance                .
        00805: .                        -------------------------    Total .
        00805: .       Resource  Count     Seq(#FF)    Comb    BB     Area .
        00805: . --------------  -----  -----------  ------  ----  ------- .
        00810: . implicit muxes                                      964.7 .
        00808: .      registers     24                                     .
        00809: .  register bits    256     5.5(1)       0.0         1400.8 .
        00811: . --------------------------------------------------------- .
        00812: .     Total Area         1400.8(256)   964.7   0.0   2365.5 .
               .                                                           .
               .............................................................


        01677:     Building RTL structures, pass 3
        00971:   Cleaning up
        00144:     Global optimizations..........................
        00144:     Global optimizations..........................
        02788:       Using cached results for linear_dequant_DECODE_2U_1_4
        02790:         Area =     0.68  Latency = 0  Delay =    0.029ns

               +--------------------------------------------------------------------------+
               |                                                                          |
        00803: | Allocation Report for all threads:                                       |
        00805: |                                             Area/Instance                |
        00805: |                                       -------------------------    Total |
        00805: |                      Resource  Count     Seq(#FF)    Comb    BB     Area |
        00805: | -----------------------------  -----  -----------  ------  ----  ------- |
        00807: |                  mux_23bx2i0c      8                 71.4          571.2 |
        00807: |                   mux_8bx2i0c      8                 24.8          198.7 |
        00807: |                   mux_1bx2i0c      8                  3.1           24.8 |
        00807: | linear_dequant_N_Muxb_1_2_0_4      1                  2.4            2.4 |
        00807: |                        fp_div      8                          ?        ? |
        00808: |                     registers     25                                     |
        01442: |             Reg bits by type:                                            |
        01442. |                EN SS SC AS AC                                            |
        00809: |                 0  0  0  0  1    257     6.2(1)       0.0                |
        00809: |             all register bits    257     6.2(1)       0.0         1582.1 |
        02604: |               estimated cntrl      1                  0.7            0.7 |
        00811: | ------------------------------------------------------------------------ |
        00812: |                    Total Area         1582.1(257)   797.8   0.0   2379.9 |
               |                                                                          |
               +--------------------------------------------------------------------------+



        00195: Writing RTL files:
        01766:   bdw_work/modules/linear_dequant/DPA/linear_dequant_rtl.h
        01767:   bdw_work/modules/linear_dequant/DPA/linear_dequant_rtl.cpp
        01768:   bdw_work/modules/linear_dequant/DPA/linear_dequant_rtl.v

stratus_hls succeeded with 0 errors and 0 warnings.

make[1]: `bdw_work/modules/linear_dequant/DPA/linear_dequant_rtl.v' is up to date.
/usr/cadence/installs/Stratus/bin/bdw_makegen project.tcl -scsim builtin -lib bdw_work/modules/linear_dequant/DPA -o bdw_work/modules/linear_dequant/DPA/Makefile -module linear_dequant -cynthconfig DPA  
