=========================================================
Scheduler report file
Generated by stratus_hls 19.10-p100  (91500.011111)
On:          Thu Dec 31 15:13:01 2020
Project Dir: /home/hanji/stratus/mv1/train_npu/sfu
Module:      linear_dequant
HLS Config:  DPA
=========================================================
Scheduler report for : _dst_valid                                                                                 
---------------------------------                                                                                            
                                                                                                                  
Op                    SID(BB;Clocked)  Pipeline Stage  IS     SRCLOC                                              
--                    ---------------  --------------  --     ------                                              
                                                                                                                  
dst_valid             2 (1:FALSE)      --              FALSE  linear_dequant.h,l:19,c:16 -> l:76,c:7              
                                                                                                                  
enable                4 (3:TRUE)       --              FALSE  linear_dequant.h,l:14,c:15 -> l:77,c:13             
                                                                                                                  
src_valid             4 (3:TRUE)       --              FALSE  linear_dequant.h,l:15,c:15 -> l:80,c:19             
                                                                                                                  
div_valid[0]          4 (3:TRUE)       --              FALSE  @(f:linear_dequant.h,l:31,c:19->i:0) -> l:78,c:28   
                                                                                                                  
operator=             4 (3:TRUE)       --              FALSE  linear_dequant.h,l:80,c:17 & operator= @l:78,c:17   
                                                                                                                  
dst_valid             4 (3:TRUE)       --              FALSE  linear_dequant.h,l:19,c:16 -> l:80,c:7 &            
                                                                                                                  
                                                                                                                  
Scheduler report for : _dst                                                                                       
---------------------------                                                                                            
                                                                                                                  
Op                    SID(BB;Clocked)  Pipeline Stage  IS     SRCLOC                                              
--                    ---------------  --------------  --     ------                                              
                                                                                                                  
[0].write.sign        2 (1:FALSE)      --              FALSE  linear_dequant.h,l:57,c:6                           
                                                                                                                  
[0].write.exp         2 (1:FALSE)      --              FALSE  linear_dequant.h,l:57,c:6                           
                                                                                                                  
[0].write.man         2 (1:FALSE)      --              FALSE  linear_dequant.h,l:57,c:6                           
                                                                                                                  
[1].write.sign        2 (1:FALSE)      --              FALSE  linear_dequant.h,l:57,c:6                           
                                                                                                                  
[1].write.exp         2 (1:FALSE)      --              FALSE  linear_dequant.h,l:57,c:6                           
                                                                                                                  
[1].write.man         2 (1:FALSE)      --              FALSE  linear_dequant.h,l:57,c:6                           
                                                                                                                  
[2].write.sign        2 (1:FALSE)      --              FALSE  linear_dequant.h,l:57,c:6                           
                                                                                                                  
[2].write.exp         2 (1:FALSE)      --              FALSE  linear_dequant.h,l:57,c:6                           
                                                                                                                  
[2].write.man         2 (1:FALSE)      --              FALSE  linear_dequant.h,l:57,c:6                           
                                                                                                                  
[3].write.sign        2 (1:FALSE)      --              FALSE  linear_dequant.h,l:57,c:6                           
                                                                                                                  
[3].write.exp         2 (1:FALSE)      --              FALSE  linear_dequant.h,l:57,c:6                           
                                                                                                                  
[3].write.man         2 (1:FALSE)      --              FALSE  linear_dequant.h,l:57,c:6                           
                                                                                                                  
[4].write.sign        2 (1:FALSE)      --              FALSE  linear_dequant.h,l:57,c:6                           
                                                                                                                  
[4].write.exp         2 (1:FALSE)      --              FALSE  linear_dequant.h,l:57,c:6                           
                                                                                                                  
[4].write.man         2 (1:FALSE)      --              FALSE  linear_dequant.h,l:57,c:6                           
                                                                                                                  
[5].write.sign        2 (1:FALSE)      --              FALSE  linear_dequant.h,l:57,c:6                           
                                                                                                                  
[5].write.exp         2 (1:FALSE)      --              FALSE  linear_dequant.h,l:57,c:6                           
                                                                                                                  
[5].write.man         2 (1:FALSE)      --              FALSE  linear_dequant.h,l:57,c:6                           
                                                                                                                  
[6].write.sign        2 (1:FALSE)      --              FALSE  linear_dequant.h,l:57,c:6                           
                                                                                                                  
[6].write.exp         2 (1:FALSE)      --              FALSE  linear_dequant.h,l:57,c:6                           
                                                                                                                  
[6].write.man         2 (1:FALSE)      --              FALSE  linear_dequant.h,l:57,c:6                           
                                                                                                                  
[7].write.sign        2 (1:FALSE)      --              FALSE  linear_dequant.h,l:57,c:6                           
                                                                                                                  
[7].write.exp         2 (1:FALSE)      --              FALSE  linear_dequant.h,l:57,c:6                           
                                                                                                                  
[7].write.man         2 (1:FALSE)      --              FALSE  linear_dequant.h,l:57,c:6                           
                                                                                                                  
enable                4 (3:TRUE)       --              FALSE  linear_dequant.h,l:14,c:15 -> l:61,c:13             
                                                                                                                  
src                   5 (4:FALSE)      --              FALSE  linear_dequant.h,l:16,c:73                          
                                                                                                                  
[0].operator=.sign    5 (4:FALSE)      --              FALSE  linear_dequant.h,l:68,c:6                           
                                                                                                                  
src                   5 (4:FALSE)      --              FALSE  linear_dequant.h,l:16,c:73                          
                                                                                                                  
[0].operator=.exp     5 (4:FALSE)      --              FALSE  linear_dequant.h,l:68,c:6                           
                                                                                                                  
src                   5 (4:FALSE)      --              FALSE  linear_dequant.h,l:16,c:73                          
                                                                                                                  
[0].operator=.man     5 (4:FALSE)      --              FALSE  linear_dequant.h,l:68,c:6                           
                                                                                                                  
src                   5 (4:FALSE)      --              FALSE  linear_dequant.h,l:16,c:73                          
                                                                                                                  
[1].operator=.sign    5 (4:FALSE)      --              FALSE  linear_dequant.h,l:68,c:6                           
                                                                                                                  
src                   5 (4:FALSE)      --              FALSE  linear_dequant.h,l:16,c:73                          
                                                                                                                  
[1].operator=.exp     5 (4:FALSE)      --              FALSE  linear_dequant.h,l:68,c:6                           
                                                                                                                  
src                   5 (4:FALSE)      --              FALSE  linear_dequant.h,l:16,c:73                          
                                                                                                                  
[1].operator=.man     5 (4:FALSE)      --              FALSE  linear_dequant.h,l:68,c:6                           
                                                                                                                  
src                   5 (4:FALSE)      --              FALSE  linear_dequant.h,l:16,c:73                          
                                                                                                                  
[2].operator=.sign    5 (4:FALSE)      --              FALSE  linear_dequant.h,l:68,c:6                           
                                                                                                                  
src                   5 (4:FALSE)      --              FALSE  linear_dequant.h,l:16,c:73                          
                                                                                                                  
[2].operator=.exp     5 (4:FALSE)      --              FALSE  linear_dequant.h,l:68,c:6                           
                                                                                                                  
src                   5 (4:FALSE)      --              FALSE  linear_dequant.h,l:16,c:73                          
                                                                                                                  
[2].operator=.man     5 (4:FALSE)      --              FALSE  linear_dequant.h,l:68,c:6                           
                                                                                                                  
src                   5 (4:FALSE)      --              FALSE  linear_dequant.h,l:16,c:73                          
                                                                                                                  
[3].operator=.sign    5 (4:FALSE)      --              FALSE  linear_dequant.h,l:68,c:6                           
                                                                                                                  
src                   5 (4:FALSE)      --              FALSE  linear_dequant.h,l:16,c:73                          
                                                                                                                  
[3].operator=.exp     5 (4:FALSE)      --              FALSE  linear_dequant.h,l:68,c:6                           
                                                                                                                  
src                   5 (4:FALSE)      --              FALSE  linear_dequant.h,l:16,c:73                          
                                                                                                                  
[3].operator=.man     5 (4:FALSE)      --              FALSE  linear_dequant.h,l:68,c:6                           
                                                                                                                  
src                   5 (4:FALSE)      --              FALSE  linear_dequant.h,l:16,c:73                          
                                                                                                                  
[4].operator=.sign    5 (4:FALSE)      --              FALSE  linear_dequant.h,l:68,c:6                           
                                                                                                                  
src                   5 (4:FALSE)      --              FALSE  linear_dequant.h,l:16,c:73                          
                                                                                                                  
[4].operator=.exp     5 (4:FALSE)      --              FALSE  linear_dequant.h,l:68,c:6                           
                                                                                                                  
src                   5 (4:FALSE)      --              FALSE  linear_dequant.h,l:16,c:73                          
                                                                                                                  
[4].operator=.man     5 (4:FALSE)      --              FALSE  linear_dequant.h,l:68,c:6                           
                                                                                                                  
src                   5 (4:FALSE)      --              FALSE  linear_dequant.h,l:16,c:73                          
                                                                                                                  
[5].operator=.sign    5 (4:FALSE)      --              FALSE  linear_dequant.h,l:68,c:6                           
                                                                                                                  
src                   5 (4:FALSE)      --              FALSE  linear_dequant.h,l:16,c:73                          
                                                                                                                  
[5].operator=.exp     5 (4:FALSE)      --              FALSE  linear_dequant.h,l:68,c:6                           
                                                                                                                  
src                   5 (4:FALSE)      --              FALSE  linear_dequant.h,l:16,c:73                          
                                                                                                                  
[5].operator=.man     5 (4:FALSE)      --              FALSE  linear_dequant.h,l:68,c:6                           
                                                                                                                  
src                   5 (4:FALSE)      --              FALSE  linear_dequant.h,l:16,c:73                          
                                                                                                                  
[6].operator=.sign    5 (4:FALSE)      --              FALSE  linear_dequant.h,l:68,c:6                           
                                                                                                                  
src                   5 (4:FALSE)      --              FALSE  linear_dequant.h,l:16,c:73                          
                                                                                                                  
[6].operator=.exp     5 (4:FALSE)      --              FALSE  linear_dequant.h,l:68,c:6                           
                                                                                                                  
src                   5 (4:FALSE)      --              FALSE  linear_dequant.h,l:16,c:73                          
                                                                                                                  
[6].operator=.man     5 (4:FALSE)      --              FALSE  linear_dequant.h,l:68,c:6                           
                                                                                                                  
src                   5 (4:FALSE)      --              FALSE  linear_dequant.h,l:16,c:73                          
                                                                                                                  
[7].operator=.sign    5 (4:FALSE)      --              FALSE  linear_dequant.h,l:68,c:6                           
                                                                                                                  
src                   5 (4:FALSE)      --              FALSE  linear_dequant.h,l:16,c:73                          
                                                                                                                  
[7].operator=.exp     5 (4:FALSE)      --              FALSE  linear_dequant.h,l:68,c:6                           
                                                                                                                  
src                   5 (4:FALSE)      --              FALSE  linear_dequant.h,l:16,c:73                          
                                                                                                                  
[7].operator=.man     5 (4:FALSE)      --              FALSE  linear_dequant.h,l:68,c:6                           
                                                                                                                  
div_result            6 (5:FALSE)      --              FALSE  linear_dequant.h,l:29,c:77                          
                                                                                                                  
[0].operator=.sign    6 (5:FALSE)      --              FALSE  linear_dequant.h,l:62,c:6                           
                                                                                                                  
div_result            6 (5:FALSE)      --              FALSE  linear_dequant.h,l:29,c:77                          
                                                                                                                  
[0].operator=.exp     6 (5:FALSE)      --              FALSE  linear_dequant.h,l:62,c:6                           
                                                                                                                  
div_result            6 (5:FALSE)      --              FALSE  linear_dequant.h,l:29,c:77                          
                                                                                                                  
[0].operator=.man     6 (5:FALSE)      --              FALSE  linear_dequant.h,l:62,c:6                           
                                                                                                                  
div_result            6 (5:FALSE)      --              FALSE  linear_dequant.h,l:29,c:77                          
                                                                                                                  
[1].operator=.sign    6 (5:FALSE)      --              FALSE  linear_dequant.h,l:62,c:6                           
                                                                                                                  
div_result            6 (5:FALSE)      --              FALSE  linear_dequant.h,l:29,c:77                          
                                                                                                                  
[1].operator=.exp     6 (5:FALSE)      --              FALSE  linear_dequant.h,l:62,c:6                           
                                                                                                                  
div_result            6 (5:FALSE)      --              FALSE  linear_dequant.h,l:29,c:77                          
                                                                                                                  
[1].operator=.man     6 (5:FALSE)      --              FALSE  linear_dequant.h,l:62,c:6                           
                                                                                                                  
div_result            6 (5:FALSE)      --              FALSE  linear_dequant.h,l:29,c:77                          
                                                                                                                  
[2].operator=.sign    6 (5:FALSE)      --              FALSE  linear_dequant.h,l:62,c:6                           
                                                                                                                  
div_result            6 (5:FALSE)      --              FALSE  linear_dequant.h,l:29,c:77                          
                                                                                                                  
[2].operator=.exp     6 (5:FALSE)      --              FALSE  linear_dequant.h,l:62,c:6                           
                                                                                                                  
div_result            6 (5:FALSE)      --              FALSE  linear_dequant.h,l:29,c:77                          
                                                                                                                  
[2].operator=.man     6 (5:FALSE)      --              FALSE  linear_dequant.h,l:62,c:6                           
                                                                                                                  
div_result            6 (5:FALSE)      --              FALSE  linear_dequant.h,l:29,c:77                          
                                                                                                                  
[3].operator=.sign    6 (5:FALSE)      --              FALSE  linear_dequant.h,l:62,c:6                           
                                                                                                                  
div_result            6 (5:FALSE)      --              FALSE  linear_dequant.h,l:29,c:77                          
                                                                                                                  
[3].operator=.exp     6 (5:FALSE)      --              FALSE  linear_dequant.h,l:62,c:6                           
                                                                                                                  
div_result            6 (5:FALSE)      --              FALSE  linear_dequant.h,l:29,c:77                          
                                                                                                                  
[3].operator=.man     6 (5:FALSE)      --              FALSE  linear_dequant.h,l:62,c:6                           
                                                                                                                  
div_result            6 (5:FALSE)      --              FALSE  linear_dequant.h,l:29,c:77                          
                                                                                                                  
[4].operator=.sign    6 (5:FALSE)      --              FALSE  linear_dequant.h,l:62,c:6                           
                                                                                                                  
div_result            6 (5:FALSE)      --              FALSE  linear_dequant.h,l:29,c:77                          
                                                                                                                  
[4].operator=.exp     6 (5:FALSE)      --              FALSE  linear_dequant.h,l:62,c:6                           
                                                                                                                  
div_result            6 (5:FALSE)      --              FALSE  linear_dequant.h,l:29,c:77                          
                                                                                                                  
[4].operator=.man     6 (5:FALSE)      --              FALSE  linear_dequant.h,l:62,c:6                           
                                                                                                                  
div_result            6 (5:FALSE)      --              FALSE  linear_dequant.h,l:29,c:77                          
                                                                                                                  
[5].operator=.sign    6 (5:FALSE)      --              FALSE  linear_dequant.h,l:62,c:6                           
                                                                                                                  
div_result            6 (5:FALSE)      --              FALSE  linear_dequant.h,l:29,c:77                          
                                                                                                                  
[5].operator=.exp     6 (5:FALSE)      --              FALSE  linear_dequant.h,l:62,c:6                           
                                                                                                                  
div_result            6 (5:FALSE)      --              FALSE  linear_dequant.h,l:29,c:77                          
                                                                                                                  
[5].operator=.man     6 (5:FALSE)      --              FALSE  linear_dequant.h,l:62,c:6                           
                                                                                                                  
div_result            6 (5:FALSE)      --              FALSE  linear_dequant.h,l:29,c:77                          
                                                                                                                  
[6].operator=.sign    6 (5:FALSE)      --              FALSE  linear_dequant.h,l:62,c:6                           
                                                                                                                  
div_result            6 (5:FALSE)      --              FALSE  linear_dequant.h,l:29,c:77                          
                                                                                                                  
[6].operator=.exp     6 (5:FALSE)      --              FALSE  linear_dequant.h,l:62,c:6                           
                                                                                                                  
div_result            6 (5:FALSE)      --              FALSE  linear_dequant.h,l:29,c:77                          
                                                                                                                  
[6].operator=.man     6 (5:FALSE)      --              FALSE  linear_dequant.h,l:62,c:6                           
                                                                                                                  
div_result            6 (5:FALSE)      --              FALSE  linear_dequant.h,l:29,c:77                          
                                                                                                                  
[7].operator=.sign    6 (5:FALSE)      --              FALSE  linear_dequant.h,l:62,c:6                           
                                                                                                                  
div_result            6 (5:FALSE)      --              FALSE  linear_dequant.h,l:29,c:77                          
                                                                                                                  
[7].operator=.exp     6 (5:FALSE)      --              FALSE  linear_dequant.h,l:62,c:6                           
                                                                                                                  
div_result            6 (5:FALSE)      --              FALSE  linear_dequant.h,l:29,c:77                          
                                                                                                                  
[7].operator=.man     6 (5:FALSE)      --              FALSE  linear_dequant.h,l:62,c:6                           
                                                                                                                  
                                                                                                                  
