=========================================================
Scheduler report file
Generated by stratus_hls 19.10-p100  (91500.011111)
On:          Wed Dec 16 18:22:49 2020
Project Dir: /home/hanji/stratus/mv1/train_npu/addr_gen
Module:      feature_write_addr_gen
HLS Config:  BASIC
=========================================================
Scheduler report for : _fifo_cnt_1d                                                                               
-----------------------------------                                                                                            
                                                                                                                  
Op                    SID(BB;Clocked)  Pipeline Stage  IS     SRCLOC                                              
--                    ---------------  --------------  --     ------                                              
                                                                                                                  
fifo_cnt_1d           2 (1:FALSE)      --              FALSE  feature_write_addr_gen.h,l:45,c:27 -> l:54,c:7      
                                                                                                                  
fifo_cnt              4 (3:TRUE)       --              FALSE  feature_write_addr_gen.h,l:44,c:27 -> l:57,c:21     
                                                                                                                  
fifo_cnt_1d           4 (3:TRUE)       --              FALSE  feature_write_addr_gen.h,l:45,c:27 -> l:57,c:7      
                                                                                                                  
                                                                                                                  
Scheduler report for : _wr_en                                                                                     
-----------------------------                                                                                            
                                                                                                                  
Op                    SID(BB;Clocked)  Pipeline Stage  IS     SRCLOC                                              
--                    ---------------  --------------  --     ------                                              
                                                                                                                  
src_vld               3 (2:TRUE)       --              FALSE  feature_write_addr_gen.h,l:18,c:15 -> l:204,c:9     
                                                                                                                  
wr_en                 3 (2:TRUE)       --              FALSE  feature_write_addr_gen.h,l:40,c:19 -> l:207,c:7     
                                                                                                                  
                                                                                                                  
Scheduler report for : _wr_ptr                                                                                    
------------------------------                                                                                            
                                                                                                                  
Op                    SID(BB;Clocked)  Pipeline Stage  IS     SRCLOC                                              
--                    ---------------  --------------  --     ------                                              
                                                                                                                  
wr_ptr                2 (1:FALSE)      --              FALSE  feature_write_addr_gen.h,l:41,c:27 -> l:221,c:7     
                                                                                                                  
wr_ptr                3 (2:FALSE)      --              FALSE  feature_write_addr_gen.h,l:41,c:27 -> l:223,c:7     
                                                                                                                  
fifo_cnt              4 (3:TRUE)       --              FALSE  feature_write_addr_gen.h,l:44,c:27 -> l:222,c:35    
                                                                                                                  
wr_en                 4 (3:TRUE)       --              FALSE  feature_write_addr_gen.h,l:40,c:19 -> l:222,c:14    
                                                                                                                  
wr_ptr                4 (3:TRUE)       --              FALSE  feature_write_addr_gen.h,l:41,c:27 -> l:223,c:7     
                                                                                                                  
                      4 (3:TRUE)       --              FALSE  f:feature_write_addr_gen.h,l:222,c:51               
                                                                                                                  
                      4 (3:TRUE)       --              FALSE  f:feature_write_addr_gen.h,l:222,c:32               
                                                                                                                  
                      4 (3:TRUE)       --              FALSE  f:feature_write_addr_gen.h,l:223,c:30               
                                                                                                                  
operator=             4 (3:TRUE)       --              FALSE  feature_write_addr_gen.h,l:223,c:14 & l:222,c:10    
                                                                                                                  
wr_ptr                4 (3:TRUE)       --              FALSE  feature_write_addr_gen.h,l:41,c:27 -> l:223,c:7 &   
                                                                                                                  
                                                                                                                  
Scheduler report for : _fifo_write                                                                                
----------------------------------                                                                                            
                                                                                                                  
Op                    SID(BB;Clocked)  Pipeline Stage  IS     SRCLOC                                              
--                    ---------------  --------------  --     ------                                              
                                                                                                                  
fifo_mem[0].[0]       2 (1:FALSE)      --              FALSE  @(f:feature_write_addr_gen.h,l:34,c:54->i:0)        
                                                                                                                  
fifo_mem[1].[1]       2 (1:FALSE)      --              FALSE  @(f:feature_write_addr_gen.h,l:34,c:54->i:1)        
                                                                                                                  
fifo_mem[2].[2]       2 (1:FALSE)      --              FALSE  @(f:feature_write_addr_gen.h,l:34,c:54->i:2)        
                                                                                                                  
fifo_mem[3].[3]       2 (1:FALSE)      --              FALSE  @(f:feature_write_addr_gen.h,l:34,c:54->i:3)        
                                                                                                                  
fifo_mem[4].[4]       2 (1:FALSE)      --              FALSE  @(f:feature_write_addr_gen.h,l:34,c:54->i:4)        
                                                                                                                  
fifo_mem[5].[5]       2 (1:FALSE)      --              FALSE  @(f:feature_write_addr_gen.h,l:34,c:54->i:5)        
                                                                                                                  
fifo_mem[6].[6]       2 (1:FALSE)      --              FALSE  @(f:feature_write_addr_gen.h,l:34,c:54->i:6)        
                                                                                                                  
fifo_mem[7].[7]       2 (1:FALSE)      --              FALSE  @(f:feature_write_addr_gen.h,l:34,c:54->i:7)        
                                                                                                                  
fifo_cnt              4 (3:TRUE)       --              FALSE  feature_write_addr_gen.h,l:44,c:27 -> l:136,c:35    
                                                                                                                  
wr_en                 4 (3:TRUE)       --              FALSE  feature_write_addr_gen.h,l:40,c:19 -> l:136,c:14    
                                                                                                                  
                      4 (3:TRUE)       --              FALSE  f:feature_write_addr_gen.h,l:136,c:51               
                                                                                                                  
                      4 (3:TRUE)       --              FALSE  f:feature_write_addr_gen.h,l:136,c:32               
                                                                                                                  
wr_ptr                6 (5:FALSE)      --              FALSE  feature_write_addr_gen.h,l:41,c:27 -> l:137,c:16    
                                                                                                                  
src                   6 (5:FALSE)      --              FALSE  feature_write_addr_gen.h,l:17,c:50 -> l:137,c:33    
                                                                                                                  
                      6 (5:FALSE)      --              FALSE  f:feature_write_addr_gen.h,l:137,c:15               
                                                                                                                  
                      6 (5:FALSE)      --              FALSE  f:feature_write_addr_gen.h,l:137,c:15               
                                                                                                                  
fifo_mem[7]           6 (5:FALSE)      --              FALSE  @(f:feature_write_addr_gen.h,l:34,c:54->i:7)        
                                                                                                                  
                      6 (5:FALSE)      --              FALSE  f:feature_write_addr_gen.h,l:137,c:15               
                                                                                                                  
fifo_mem[6]           6 (5:FALSE)      --              FALSE  @(f:feature_write_addr_gen.h,l:34,c:54->i:6)        
                                                                                                                  
                      6 (5:FALSE)      --              FALSE  f:feature_write_addr_gen.h,l:137,c:15               
                                                                                                                  
fifo_mem[5]           6 (5:FALSE)      --              FALSE  @(f:feature_write_addr_gen.h,l:34,c:54->i:5)        
                                                                                                                  
                      6 (5:FALSE)      --              FALSE  f:feature_write_addr_gen.h,l:137,c:15               
                                                                                                                  
fifo_mem[4]           6 (5:FALSE)      --              FALSE  @(f:feature_write_addr_gen.h,l:34,c:54->i:4)        
                                                                                                                  
                      6 (5:FALSE)      --              FALSE  f:feature_write_addr_gen.h,l:137,c:15               
                                                                                                                  
fifo_mem[3]           6 (5:FALSE)      --              FALSE  @(f:feature_write_addr_gen.h,l:34,c:54->i:3)        
                                                                                                                  
                      6 (5:FALSE)      --              FALSE  f:feature_write_addr_gen.h,l:137,c:15               
                                                                                                                  
fifo_mem[2]           6 (5:FALSE)      --              FALSE  @(f:feature_write_addr_gen.h,l:34,c:54->i:2)        
                                                                                                                  
                      6 (5:FALSE)      --              FALSE  f:feature_write_addr_gen.h,l:137,c:15               
                                                                                                                  
fifo_mem[1]           6 (5:FALSE)      --              FALSE  @(f:feature_write_addr_gen.h,l:34,c:54->i:1)        
                                                                                                                  
                      6 (5:FALSE)      --              FALSE  f:feature_write_addr_gen.h,l:137,c:15               
                                                                                                                  
fifo_mem[0]           6 (5:FALSE)      --              FALSE  @(f:feature_write_addr_gen.h,l:34,c:54->i:0)        
                                                                                                                  
                                                                                                                  
Scheduler report for : _address                                                                                   
-------------------------------                                                                                            
                                                                                                                  
Op                    SID(BB;Clocked)  Pipeline Stage  IS     SRCLOC                                              
--                    ---------------  --------------  --     ------                                              
                                                                                                                  
write_cnt             3 (2:TRUE)       --              FALSE  feature_write_addr_gen.h,l:32,c:23 -> l:115,c:21    
                                                                                                                  
base_addr             3 (2:TRUE)       --              FALSE  feature_write_addr_gen.h,l:15,c:24 -> l:115,c:40    
                                                                                                                  
                      3 (2:TRUE)       --              FALSE  f:feature_write_addr_gen.h,l:115,c:38               
                                                                                                                  
write_address         3 (2:TRUE)       --              FALSE  feature_write_addr_gen.h,l:31,c:28 -> l:115,c:5 &   
                                                                                                                  
                                                                                                                  
Scheduler report for : _stop                                                                                      
----------------------------                                                                                            
                                                                                                                  
Op                    SID(BB;Clocked)  Pipeline Stage  IS     SRCLOC                                              
--                    ---------------  --------------  --     ------                                              
                                                                                                                  
src_vld               3 (2:TRUE)       --              FALSE  feature_write_addr_gen.h,l:18,c:15 -> l:111,c:12    
                                                                                                                  
stop                  3 (2:TRUE)       --              FALSE  feature_write_addr_gen.h,l:13,c:16 -> l:111,c:5     
                                                                                                                  
                                                                                                                  
Scheduler report for : _write_addr_valid                                                                          
----------------------------------------                                                                                            
                                                                                                                  
Op                    SID(BB;Clocked)  Pipeline Stage  IS     SRCLOC                                              
--                    ---------------  --------------  --     ------                                              
                                                                                                                  
read_address_valid    3 (2:TRUE)       --              FALSE  feature_write_addr_gen.h,l:20,c:15 -> l:66,c:28     
                                                                                                                  
                      3 (2:TRUE)       --              FALSE  f:feature_write_addr_gen.h,l:66,c:27                
                                                                                                                  
write_address_valid   3 (2:TRUE)       --              FALSE  feature_write_addr_gen.h,l:39,c:19 -> l:66,c:5 &    
                                                                                                                  
                                                                                                                  
Scheduler report for : _fifo_cnt                                                                                  
--------------------------------                                                                                            
                                                                                                                  
Op                    SID(BB;Clocked)  Pipeline Stage  IS     SRCLOC                                              
--                    ---------------  --------------  --     ------                                              
                                                                                                                  
fifo_cnt              2 (1:FALSE)      --              FALSE  feature_write_addr_gen.h,l:44,c:27 -> l:195,c:7     
                                                                                                                  
fifo_cnt              3 (2:FALSE)      --              FALSE  @[ mapped (f:feature_write_addr_gen.h,l:44,c:27->l  
                                                                                                                  
src_vld               4 (3:TRUE)       --              FALSE  feature_write_addr_gen.h,l:18,c:15 -> l:196,c:14    
                                                                                                                  
fifo_cnt              4 (3:TRUE)       --              FALSE  feature_write_addr_gen.h,l:44,c:27                  
                                                                                                                  
write_address_valid   4 (3:TRUE)       --              FALSE  feature_write_addr_gen.h,l:39,c:19 -> l:198,c:14    
                                                                                                                  
fifo_cnt              4 (3:TRUE)       --              FALSE  feature_write_addr_gen.h,l:44,c:27 -> l:199,c:7     
                                                                                                                  
                      4 (3:TRUE)       --              FALSE  f:feature_write_addr_gen.h,l:198,c:46               
                                                                                                                  
                      4 (3:TRUE)       --              FALSE  f:feature_write_addr_gen.h,l:198,c:46               
                                                                                                                  
                      4 (3:TRUE)       --              FALSE  f:feature_write_addr_gen.h,l:199,c:34               
                                                                                                                  
                      4 (3:TRUE)       --              FALSE  f:feature_write_addr_gen.h,l:197,c:34               
                                                                                                                  
operator=             4 (3:TRUE)       --              FALSE  feature_write_addr_gen.h,l:199,c:16 & l:198,c:10    
                                                                                                                  
operator=             4 (3:TRUE)       --              FALSE  feature_write_addr_gen.h,l:199,c:16 & l:198,c:10 &  
                                                                                                                  
fifo_cnt              4 (3:TRUE)       --              FALSE  feature_write_addr_gen.h,l:44,c:27 -> l:199,c:7 &   
                                                                                                                  
                                                                                                                  
Scheduler report for : _rd_en                                                                                     
-----------------------------                                                                                            
                                                                                                                  
Op                    SID(BB;Clocked)  Pipeline Stage  IS     SRCLOC                                              
--                    ---------------  --------------  --     ------                                              
                                                                                                                  
fifo_cnt              3 (2:TRUE)       --              FALSE  feature_write_addr_gen.h,l:44,c:27 -> l:212,c:44    
                                                                                                                  
write_address_valid   3 (2:TRUE)       --              FALSE  feature_write_addr_gen.h,l:39,c:19 -> l:212,c:9     
                                                                                                                  
                      3 (2:TRUE)       --              FALSE  f:feature_write_addr_gen.h,l:212,c:41               
                                                                                                                  
                      3 (2:TRUE)       --              FALSE  f:feature_write_addr_gen.h,l:212,c:41               
                                                                                                                  
rd_en                 3 (2:TRUE)       --              FALSE  feature_write_addr_gen.h,l:40,c:26 -> l:215,c:7 &   
                                                                                                                  
                                                                                                                  
Scheduler report for : _rd_ptr                                                                                    
------------------------------                                                                                            
                                                                                                                  
Op                    SID(BB;Clocked)  Pipeline Stage  IS     SRCLOC                                              
--                    ---------------  --------------  --     ------                                              
                                                                                                                  
rd_ptr                2 (1:FALSE)      --              FALSE  feature_write_addr_gen.h,l:42,c:27 -> l:229,c:7     
                                                                                                                  
rd_ptr                3 (2:FALSE)      --              FALSE  feature_write_addr_gen.h,l:42,c:27 -> l:231,c:7     
                                                                                                                  
fifo_cnt              4 (3:TRUE)       --              FALSE  feature_write_addr_gen.h,l:44,c:27 -> l:230,c:35    
                                                                                                                  
rd_en                 4 (3:TRUE)       --              FALSE  feature_write_addr_gen.h,l:40,c:26 -> l:230,c:14    
                                                                                                                  
rd_ptr                4 (3:TRUE)       --              FALSE  feature_write_addr_gen.h,l:42,c:27 -> l:231,c:7     
                                                                                                                  
                      4 (3:TRUE)       --              FALSE  f:feature_write_addr_gen.h,l:230,c:32               
                                                                                                                  
                      4 (3:TRUE)       --              FALSE  f:feature_write_addr_gen.h,l:230,c:32               
                                                                                                                  
                      4 (3:TRUE)       --              FALSE  f:feature_write_addr_gen.h,l:231,c:30               
                                                                                                                  
operator=             4 (3:TRUE)       --              FALSE  feature_write_addr_gen.h,l:231,c:14 & l:230,c:10    
                                                                                                                  
rd_ptr                4 (3:TRUE)       --              FALSE  feature_write_addr_gen.h,l:42,c:27 -> l:231,c:7 &   
                                                                                                                  
                                                                                                                  
Scheduler report for : _fifo_read                                                                                 
---------------------------------                                                                                            
                                                                                                                  
Op                    SID(BB;Clocked)  Pipeline Stage  IS     SRCLOC                                              
--                    ---------------  --------------  --     ------                                              
                                                                                                                  
fifo_cnt              3 (2:TRUE)       --              FALSE  feature_write_addr_gen.h,l:44,c:27 -> l:166,c:30    
                                                                                                                  
rd_en                 3 (2:TRUE)       --              FALSE  feature_write_addr_gen.h,l:40,c:26 -> l:166,c:9     
                                                                                                                  
                      3 (2:TRUE)       --              FALSE  f:feature_write_addr_gen.h,l:166,c:27               
                                                                                                                  
                      3 (2:TRUE)       --              FALSE  f:feature_write_addr_gen.h,l:166,c:27               
                                                                                                                  
fifo_out              4 (3:FALSE)      --              FALSE  feature_write_addr_gen.h,l:47,c:54 -> l:170,c:7     
                                                                                                                  
rd_ptr                5 (4:FALSE)      --              FALSE  feature_write_addr_gen.h,l:42,c:27 -> l:167,c:27    
                                                                                                                  
fifo_mem[7]           5 (4:FALSE)      --              FALSE  @(f:feature_write_addr_gen.h,l:34,c:54->i:7)        
                                                                                                                  
fifo_mem[6]           5 (4:FALSE)      --              FALSE  @(f:feature_write_addr_gen.h,l:34,c:54->i:6)        
                                                                                                                  
fifo_mem[5]           5 (4:FALSE)      --              FALSE  @(f:feature_write_addr_gen.h,l:34,c:54->i:5)        
                                                                                                                  
fifo_mem[4]           5 (4:FALSE)      --              FALSE  @(f:feature_write_addr_gen.h,l:34,c:54->i:4)        
                                                                                                                  
fifo_mem[3]           5 (4:FALSE)      --              FALSE  @(f:feature_write_addr_gen.h,l:34,c:54->i:3)        
                                                                                                                  
fifo_mem[2]           5 (4:FALSE)      --              FALSE  @(f:feature_write_addr_gen.h,l:34,c:54->i:2)        
                                                                                                                  
fifo_mem[1]           5 (4:FALSE)      --              FALSE  @(f:feature_write_addr_gen.h,l:34,c:54->i:1)        
                                                                                                                  
fifo_mem[0]           5 (4:FALSE)      --              FALSE  @(f:feature_write_addr_gen.h,l:34,c:54->i:0)        
                                                                                                                  
                      5 (4:FALSE)      --              FALSE  f:feature_write_addr_gen.h,l:167,c:26               
                                                                                                                  
fifo_out              5 (4:FALSE)      --              FALSE  feature_write_addr_gen.h,l:47,c:54                  
                                                                                                                  
                                                                                                                  
Scheduler report for : _assign                                                                                    
------------------------------                                                                                            
                                                                                                                  
Op                    SID(BB;Clocked)  Pipeline Stage  IS     SRCLOC                                              
--                    ---------------  --------------  --     ------                                              
                                                                                                                  
fifo_cnt_1d           3 (2:TRUE)       --              FALSE  feature_write_addr_gen.h,l:45,c:27 -> l:83,c:11     
                                                                                                                  
read_address_valid    3 (2:TRUE)       --              FALSE  feature_write_addr_gen.h,l:20,c:15                  
                                                                                                                  
write_address         3 (2:TRUE)       --              FALSE  feature_write_addr_gen.h,l:31,c:28 -> l:85,c:21     
                                                                                                                  
read_address          3 (2:TRUE)       --              FALSE  feature_write_addr_gen.h,l:19,c:24 -> l:72,c:19     
                                                                                                                  
data_in               3 (2:TRUE)       --              FALSE  feature_write_addr_gen.h,l:28,c:50 -> l:76,c:19     
                                                                                                                  
fifo_out              3 (2:TRUE)       --              FALSE  feature_write_addr_gen.h,l:47,c:54 -> l:95,c:24     
                                                                                                                  
oe_0                  3 (2:TRUE)       --              FALSE  feature_write_addr_gen.h,l:27,c:16 -> l:102,c:9     
                                                                                                                  
                      3 (2:TRUE)       --              FALSE  f:feature_write_addr_gen.h,l:83,c:11                
                                                                                                                  
                      3 (2:TRUE)       --              FALSE  f:feature_write_addr_gen.h,l:83,c:11                
                                                                                                                  
                      3 (2:TRUE)       --              FALSE  f:feature_write_addr_gen.h,l:70,c:9                 
                                                                                                                  
                      3 (2:TRUE)       --              FALSE  f:feature_write_addr_gen.h,l:83,c:11                
                                                                                                                  
operator=             3 (2:TRUE)       --              FALSE  feature_write_addr_gen.h,l:101,c:14 & operator= @l  
                                                                                                                  
                      3 (2:TRUE)       --              FALSE  f:feature_write_addr_gen.h,l:83,c:11                
                                                                                                                  
f:feature_write_addr  3 (2:TRUE)       --              FALSE  & operator= @c:19 & operator= @l:85,c:19 & l:83,c:  
                                                                                                                  
write                 3 (2:TRUE)       --              FALSE  feature_write_addr_gen.h,l:104,c:18 & write @l:95,  
                                                                                                                  
data_out              3 (2:TRUE)       --              FALSE  feature_write_addr_gen.h,l:29,c:51 -> l:104,c:9 &   
                                                                                                                  
write                 3 (2:TRUE)       --              FALSE  feature_write_addr_gen.h,l:103,c:19 & l:94,c:21 &   
                                                                                                                  
read_data             3 (2:TRUE)       --              FALSE  feature_write_addr_gen.h,l:21,c:51 -> l:103,c:9 &   
                                                                                                                  
operator=             3 (2:TRUE)       --              FALSE  feature_write_addr_gen.h,l:101,c:14 & operator= @l  
                                                                                                                  
we_0                  3 (2:TRUE)       --              FALSE  feature_write_addr_gen.h,l:26,c:16 -> l:101,c:9 &   
                                                                                                                  
operator=             3 (2:TRUE)       --              FALSE  feature_write_addr_gen.h,l:100,c:14 & operator= @l  
                                                                                                                  
cs_0                  3 (2:TRUE)       --              FALSE  feature_write_addr_gen.h,l:25,c:16 -> l:100,c:9 &   
                                                                                                                  
operator=             3 (2:TRUE)       --              FALSE  feature_write_addr_gen.h,l:99,c:19 & operator= @l:  
                                                                                                                  
address_0             3 (2:TRUE)       --              FALSE  feature_write_addr_gen.h,l:24,c:25 -> l:99,c:9 &    
                                                                                                                  
                                                                                                                  
Scheduler report for : _up_count                                                                                  
--------------------------------                                                                                            
                                                                                                                  
Op                    SID(BB;Clocked)  Pipeline Stage  IS     SRCLOC                                              
--                    ---------------  --------------  --     ------                                              
                                                                                                                  
write_cnt             2 (1:FALSE)      --              FALSE  feature_write_addr_gen.h,l:32,c:23 -> l:121,c:7     
                                                                                                                  
write_cnt             3 (2:FALSE)      --              FALSE  @(f:feature_write_addr_gen.h,l:32,c:23->l:115,c:21  
                                                                                                                  
write_cnt             4 (3:TRUE)       --              FALSE  feature_write_addr_gen.h,l:32,c:23 -> l:125,c:7     
                                                                                                                  
init                  4 (3:TRUE)       --              FALSE  feature_write_addr_gen.h,l:11,c:15 -> l:122,c:14    
                                                                                                                  
                      4 (3:TRUE)       --              FALSE  f:feature_write_addr_gen.h,l:124,c:14               
                                                                                                                  
                      4 (3:TRUE)       --              FALSE  f:feature_write_addr_gen.h,l:125,c:36               
                                                                                                                  
operator=             4 (3:TRUE)       --              FALSE  feature_write_addr_gen.h,l:125,c:17 & l:124,c:10    
                                                                                                                  
operator=             4 (3:TRUE)       --              FALSE  feature_write_addr_gen.h,l:125,c:17 & l:124,c:10 &  
                                                                                                                  
write_cnt             4 (3:TRUE)       --              FALSE  feature_write_addr_gen.h,l:32,c:23 -> l:125,c:7 &   
                                                                                                                  
                                                                                                                  
